<?xml version="1.0" encoding="utf-8"?>
<!DOCTYPE coverage SYSTEM "http://cobertura.sourceforge.net/xml/coverage-04.dtd">
<coverage line-rate="1" branch-rate="1" lines-covered="1010" lines-valid="1010" branches-covered="76" branches-valid="76" complexity="297" version="0" timestamp="1754872620">
  <sources>
    <source>c:\</source>
  </sources>
  <packages>
    <package name="EventLogHelper" line-rate="1" branch-rate="1" complexity="297">
      <classes>
        <class name="EventLogHelper.SmartEventLogger" filename="c:\agent\_work\12\s\Code\EventLogHelper\EventLogHelper\SmartEventLogger.vb" line-rate="1" branch-rate="1" complexity="297">
          <methods>
            <method name="SetWriter" signature="(EventLogHelper.IEventLogWriter)" line-rate="1" branch-rate="1" complexity="1">
              <lines>
                <line number="61" hits="132" branch="false" />
                <line number="63" hits="264" branch="false" />
                <line number="65" hits="264" branch="false" />
              </lines>
            </method>
            <method name="SetRegistryReader" signature="(EventLogHelper.IRegistryReader)" line-rate="1" branch-rate="1" complexity="1">
              <lines>
                <line number="80" hits="24" branch="false" />
                <line number="82" hits="48" branch="false" />
                <line number="84" hits="48" branch="false" />
              </lines>
            </method>
            <method name="Initialize" signature="()" line-rate="1" branch-rate="1" complexity="8">
              <lines>
                <line number="109" hits="1968" branch="false" />
                <line number="111" hits="5892" branch="true" condition-coverage="100% (4/4)" />
                <line number="112" hits="24" branch="false" />
                <line number="113" hits="36" branch="false" />
                <line number="114" hits="12" branch="false" />
                <line number="115" hits="24" branch="true" condition-coverage="100% (2/2)" />
                <line number="116" hits="24" branch="false" />
                <line number="117" hits="24" branch="false" />
                <line number="118" hits="24" branch="false" />
                <line number="119" hits="24" branch="false" />
                <line number="120" hits="24" branch="false" />
                <line number="121" hits="24" branch="false" />
                <line number="122" hits="24" branch="false" />
                <line number="123" hits="24" branch="false" />
                <line number="124" hits="24" branch="false" />
                <line number="126" hits="24" branch="false" />
                <line number="127" hits="36" branch="false" />
                <line number="128" hits="12" branch="false" />
                <line number="129" hits="24" branch="true" condition-coverage="100% (2/2)" />
                <line number="130" hits="12" branch="true" condition-coverage="100% (2/2)" />
                <line number="131" hits="36" branch="false" />
                <line number="133" hits="3936" branch="false" />
              </lines>
            </method>
            <method name="InitializeConfiguration" signature="()" line-rate="1" branch-rate="1" complexity="1">
              <lines>
                <line number="238" hits="8" branch="false" />
                <line number="240" hits="16" branch="false" />
                <line number="242" hits="16" branch="false" />
              </lines>
            </method>
            <method name="get_MachineName" signature="()" line-rate="1" branch-rate="1" complexity="1">
              <lines>
                <line number="297" hits="234" branch="false" />
                <line number="299" hits="468" branch="false" />
                <line number="300" hits="468" branch="false" />
                <line number="302" hits="468" branch="false" />
              </lines>
            </method>
            <method name="set_MachineName" signature="(System.String)" line-rate="1" branch-rate="1" complexity="1">
              <lines>
                <line number="303" hits="32" branch="false" />
                <line number="305" hits="64" branch="false" />
                <line number="306" hits="64" branch="false" />
                <line number="308" hits="64" branch="false" />
              </lines>
            </method>
            <method name="get_LogName" signature="()" line-rate="1" branch-rate="1" complexity="1">
              <lines>
                <line number="320" hits="112" branch="false" />
                <line number="322" hits="224" branch="false" />
                <line number="323" hits="224" branch="false" />
                <line number="325" hits="224" branch="false" />
              </lines>
            </method>
            <method name="set_LogName" signature="(System.String)" line-rate="1" branch-rate="1" complexity="1">
              <lines>
                <line number="326" hits="16" branch="false" />
                <line number="328" hits="32" branch="false" />
                <line number="329" hits="32" branch="false" />
                <line number="331" hits="32" branch="false" />
              </lines>
            </method>
            <method name="get_SourceName" signature="()" line-rate="1" branch-rate="1" complexity="1">
              <lines>
                <line number="343" hits="100" branch="false" />
                <line number="345" hits="200" branch="false" />
                <line number="346" hits="200" branch="false" />
                <line number="348" hits="200" branch="false" />
              </lines>
            </method>
            <method name="set_SourceName" signature="(System.String)" line-rate="1" branch-rate="1" complexity="1">
              <lines>
                <line number="349" hits="28" branch="false" />
                <line number="351" hits="56" branch="false" />
                <line number="352" hits="56" branch="false" />
                <line number="354" hits="56" branch="false" />
              </lines>
            </method>
            <method name="get_MaxKilobytes" signature="()" line-rate="1" branch-rate="1" complexity="1">
              <lines>
                <line number="369" hits="136" branch="false" />
                <line number="371" hits="272" branch="false" />
                <line number="372" hits="272" branch="false" />
                <line number="374" hits="272" branch="false" />
              </lines>
            </method>
            <method name="set_MaxKilobytes" signature="(System.Int32)" line-rate="1" branch-rate="1" complexity="1">
              <lines>
                <line number="375" hits="16" branch="false" />
                <line number="377" hits="32" branch="false" />
                <line number="378" hits="32" branch="false" />
                <line number="380" hits="32" branch="false" />
              </lines>
            </method>
            <method name="get_RetentionDays" signature="()" line-rate="1" branch-rate="1" complexity="1">
              <lines>
                <line number="395" hits="140" branch="false" />
                <line number="397" hits="280" branch="false" />
                <line number="398" hits="280" branch="false" />
                <line number="400" hits="280" branch="false" />
              </lines>
            </method>
            <method name="set_RetentionDays" signature="(System.Int32)" line-rate="1" branch-rate="1" complexity="1">
              <lines>
                <line number="401" hits="16" branch="false" />
                <line number="403" hits="32" branch="false" />
                <line number="404" hits="32" branch="false" />
                <line number="406" hits="32" branch="false" />
              </lines>
            </method>
            <method name="get_WriteInitEntry" signature="()" line-rate="1" branch-rate="1" complexity="1">
              <lines>
                <line number="418" hits="144" branch="false" />
                <line number="420" hits="288" branch="false" />
                <line number="421" hits="288" branch="false" />
                <line number="423" hits="288" branch="false" />
              </lines>
            </method>
            <method name="set_WriteInitEntry" signature="(System.Boolean)" line-rate="1" branch-rate="1" complexity="1">
              <lines>
                <line number="424" hits="16" branch="false" />
                <line number="426" hits="32" branch="false" />
                <line number="427" hits="32" branch="false" />
                <line number="429" hits="32" branch="false" />
              </lines>
            </method>
            <method name="get_TruncationMarker" signature="()" line-rate="1" branch-rate="1" complexity="1">
              <lines>
                <line number="441" hits="202" branch="false" />
                <line number="443" hits="404" branch="false" />
                <line number="444" hits="404" branch="false" />
                <line number="446" hits="404" branch="false" />
              </lines>
            </method>
            <method name="set_TruncationMarker" signature="(System.String)" line-rate="1" branch-rate="1" complexity="1">
              <lines>
                <line number="447" hits="16" branch="false" />
                <line number="449" hits="32" branch="false" />
                <line number="450" hits="32" branch="false" />
                <line number="452" hits="32" branch="false" />
              </lines>
            </method>
            <method name="get_ContinuationMarker" signature="()" line-rate="1" branch-rate="1" complexity="1">
              <lines>
                <line number="474" hits="20" branch="false" />
                <line number="476" hits="40" branch="false" />
                <line number="477" hits="40" branch="false" />
                <line number="479" hits="40" branch="false" />
              </lines>
            </method>
            <method name="set_ContinuationMarker" signature="(System.String)" line-rate="1" branch-rate="1" complexity="1">
              <lines>
                <line number="480" hits="20" branch="false" />
                <line number="482" hits="40" branch="false" />
                <line number="483" hits="40" branch="false" />
                <line number="485" hits="40" branch="false" />
              </lines>
            </method>
            <method name="get_AllowMultiEntryMessages" signature="()" line-rate="1" branch-rate="1" complexity="1">
              <lines>
                <line number="508" hits="140" branch="false" />
                <line number="510" hits="280" branch="false" />
                <line number="511" hits="280" branch="false" />
                <line number="513" hits="280" branch="false" />
              </lines>
            </method>
            <method name="set_AllowMultiEntryMessages" signature="(System.Boolean)" line-rate="1" branch-rate="1" complexity="1">
              <lines>
                <line number="514" hits="28" branch="false" />
                <line number="516" hits="56" branch="false" />
                <line number="517" hits="56" branch="false" />
                <line number="519" hits="56" branch="false" />
              </lines>
            </method>
            <method name="get_IsInitialized" signature="()" line-rate="1" branch-rate="1" complexity="1">
              <lines>
                <line number="531" hits="4" branch="false" />
                <line number="532" hits="8" branch="false" />
                <line number="534" hits="8" branch="false" />
              </lines>
            </method>
            <method name="Log" signature="(System.String)" line-rate="1" branch-rate="1" complexity="1">
              <lines>
                <line number="563" hits="4" branch="false" />
                <line number="564" hits="4" branch="false" />
                <line number="566" hits="8" branch="false" />
                <line number="567" hits="8" branch="false" />
                <line number="568" hits="8" branch="false" />
                <line number="570" hits="8" branch="false" />
              </lines>
            </method>
            <method name="Log" signature="(System.String,System.String)" line-rate="1" branch-rate="1" complexity="1">
              <lines>
                <line number="597" hits="4" branch="false" />
                <line number="598" hits="4" branch="false" />
                <line number="599" hits="4" branch="false" />
                <line number="601" hits="8" branch="false" />
                <line number="602" hits="8" branch="false" />
                <line number="603" hits="8" branch="false" />
                <line number="605" hits="8" branch="false" />
              </lines>
            </method>
            <method name="Log" signature="(System.String,System.Diagnostics.EventLogEntryType)" line-rate="1" branch-rate="1" complexity="1">
              <lines>
                <line number="632" hits="4" branch="false" />
                <line number="633" hits="4" branch="false" />
                <line number="634" hits="4" branch="false" />
                <line number="636" hits="8" branch="false" />
                <line number="637" hits="8" branch="false" />
                <line number="638" hits="8" branch="false" />
                <line number="640" hits="8" branch="false" />
              </lines>
            </method>
            <method name="Log" signature="(System.String,System.String,System.String)" line-rate="1" branch-rate="1" complexity="1">
              <lines>
                <line number="671" hits="12" branch="false" />
                <line number="672" hits="12" branch="false" />
                <line number="673" hits="12" branch="false" />
                <line number="674" hits="12" branch="false" />
                <line number="676" hits="24" branch="false" />
                <line number="677" hits="24" branch="false" />
                <line number="678" hits="24" branch="false" />
                <line number="679" hits="24" branch="false" />
                <line number="681" hits="24" branch="false" />
              </lines>
            </method>
            <method name="Log" signature="(System.String,System.String,System.Diagnostics.EventLogEntryType)" line-rate="1" branch-rate="1" complexity="1">
              <lines>
                <line number="712" hits="8" branch="false" />
                <line number="713" hits="8" branch="false" />
                <line number="714" hits="8" branch="false" />
                <line number="715" hits="8" branch="false" />
                <line number="717" hits="16" branch="false" />
                <line number="718" hits="16" branch="false" />
                <line number="719" hits="16" branch="false" />
                <line number="720" hits="16" branch="false" />
                <line number="722" hits="16" branch="false" />
              </lines>
            </method>
            <method name="Log" signature="(System.String,System.String,System.String,System.Diagnostics.EventLogEntryType)" line-rate="1" branch-rate="1" complexity="1">
              <lines>
                <line number="757" hits="24" branch="false" />
                <line number="758" hits="24" branch="false" />
                <line number="759" hits="24" branch="false" />
                <line number="760" hits="24" branch="false" />
                <line number="761" hits="24" branch="false" />
                <line number="763" hits="48" branch="false" />
                <line number="764" hits="48" branch="false" />
                <line number="765" hits="48" branch="false" />
                <line number="766" hits="48" branch="false" />
                <line number="767" hits="48" branch="false" />
                <line number="769" hits="48" branch="false" />
              </lines>
            </method>
            <method name="Log" signature="(System.String,System.Diagnostics.EventLogEntryType,System.Int32)" line-rate="1" branch-rate="1" complexity="1">
              <lines>
                <line number="799" hits="4" branch="false" />
                <line number="800" hits="4" branch="false" />
                <line number="801" hits="4" branch="false" />
                <line number="802" hits="4" branch="false" />
                <line number="804" hits="8" branch="false" />
                <line number="805" hits="8" branch="false" />
                <line number="806" hits="8" branch="false" />
                <line number="807" hits="8" branch="false" />
                <line number="809" hits="8" branch="false" />
              </lines>
            </method>
            <method name="Log" signature="(System.String,System.String,System.Diagnostics.EventLogEntryType,System.Int32)" line-rate="1" branch-rate="1" complexity="1">
              <lines>
                <line number="843" hits="4" branch="false" />
                <line number="844" hits="4" branch="false" />
                <line number="845" hits="4" branch="false" />
                <line number="846" hits="4" branch="false" />
                <line number="847" hits="4" branch="false" />
                <line number="849" hits="8" branch="false" />
                <line number="850" hits="8" branch="false" />
                <line number="851" hits="8" branch="false" />
                <line number="852" hits="8" branch="false" />
                <line number="853" hits="8" branch="false" />
                <line number="855" hits="8" branch="false" />
              </lines>
            </method>
            <method name="Log" signature="(System.String,System.String,System.String,System.Diagnostics.EventLogEntryType,System.Int32)" line-rate="1" branch-rate="1" complexity="1">
              <lines>
                <line number="893" hits="32" branch="false" />
                <line number="894" hits="32" branch="false" />
                <line number="895" hits="32" branch="false" />
                <line number="896" hits="32" branch="false" />
                <line number="897" hits="32" branch="false" />
                <line number="898" hits="32" branch="false" />
                <line number="900" hits="64" branch="false" />
                <line number="901" hits="64" branch="false" />
                <line number="902" hits="64" branch="false" />
                <line number="903" hits="64" branch="false" />
                <line number="904" hits="64" branch="false" />
                <line number="905" hits="64" branch="false" />
                <line number="907" hits="64" branch="false" />
              </lines>
            </method>
            <method name="Log" signature="(System.String,System.Diagnostics.EventLogEntryType,System.Int32,System.Int16)" line-rate="1" branch-rate="1" complexity="1">
              <lines>
                <line number="940" hits="4" branch="false" />
                <line number="941" hits="4" branch="false" />
                <line number="942" hits="4" branch="false" />
                <line number="943" hits="4" branch="false" />
                <line number="944" hits="4" branch="false" />
                <line number="946" hits="8" branch="false" />
                <line number="947" hits="8" branch="false" />
                <line number="948" hits="8" branch="false" />
                <line number="949" hits="8" branch="false" />
                <line number="950" hits="8" branch="false" />
                <line number="952" hits="8" branch="false" />
              </lines>
            </method>
            <method name="Log" signature="(System.String,System.String,System.Diagnostics.EventLogEntryType,System.Int32,System.Int16)" line-rate="1" branch-rate="1" complexity="1">
              <lines>
                <line number="989" hits="8" branch="false" />
                <line number="990" hits="8" branch="false" />
                <line number="991" hits="8" branch="false" />
                <line number="992" hits="8" branch="false" />
                <line number="993" hits="8" branch="false" />
                <line number="994" hits="8" branch="false" />
                <line number="996" hits="16" branch="false" />
                <line number="997" hits="16" branch="false" />
                <line number="998" hits="16" branch="false" />
                <line number="999" hits="16" branch="false" />
                <line number="1000" hits="16" branch="false" />
                <line number="1001" hits="16" branch="false" />
                <line number="1003" hits="16" branch="false" />
              </lines>
            </method>
            <method name="Log" signature="(System.String,System.String,System.String,System.Diagnostics.EventLogEntryType,System.Int32,System.Int16)" line-rate="1" branch-rate="1" complexity="1">
              <lines>
                <line number="1044" hits="44" branch="false" />
                <line number="1045" hits="44" branch="false" />
                <line number="1046" hits="44" branch="false" />
                <line number="1047" hits="44" branch="false" />
                <line number="1048" hits="44" branch="false" />
                <line number="1049" hits="44" branch="false" />
                <line number="1050" hits="44" branch="false" />
                <line number="1052" hits="88" branch="false" />
                <line number="1053" hits="88" branch="false" />
                <line number="1054" hits="88" branch="false" />
                <line number="1055" hits="88" branch="false" />
                <line number="1056" hits="88" branch="false" />
                <line number="1057" hits="88" branch="false" />
                <line number="1058" hits="88" branch="false" />
                <line number="1059" hits="88" branch="false" />
                <line number="1061" hits="88" branch="false" />
              </lines>
            </method>
            <method name="Log" signature="(System.String,System.Byte[])" line-rate="1" branch-rate="1" complexity="1">
              <lines>
                <line number="1087" hits="4" branch="false" />
                <line number="1088" hits="4" branch="false" />
                <line number="1089" hits="4" branch="false" />
                <line number="1091" hits="8" branch="false" />
                <line number="1092" hits="8" branch="false" />
                <line number="1093" hits="8" branch="false" />
                <line number="1095" hits="8" branch="false" />
              </lines>
            </method>
            <method name="Log" signature="(System.String,System.Diagnostics.EventLogEntryType,System.Byte[])" line-rate="1" branch-rate="1" complexity="1">
              <lines>
                <line number="1125" hits="8" branch="false" />
                <line number="1126" hits="8" branch="false" />
                <line number="1127" hits="8" branch="false" />
                <line number="1128" hits="8" branch="false" />
                <line number="1130" hits="16" branch="false" />
                <line number="1131" hits="16" branch="false" />
                <line number="1132" hits="16" branch="false" />
                <line number="1133" hits="16" branch="false" />
                <line number="1135" hits="16" branch="false" />
              </lines>
            </method>
            <method name="Log" signature="(System.String,System.Diagnostics.EventLogEntryType,System.Int32,System.Byte[])" line-rate="1" branch-rate="1" complexity="1">
              <lines>
                <line number="1168" hits="12" branch="false" />
                <line number="1169" hits="12" branch="false" />
                <line number="1170" hits="12" branch="false" />
                <line number="1171" hits="12" branch="false" />
                <line number="1172" hits="12" branch="false" />
                <line number="1174" hits="24" branch="false" />
                <line number="1175" hits="24" branch="false" />
                <line number="1176" hits="24" branch="false" />
                <line number="1177" hits="24" branch="false" />
                <line number="1178" hits="24" branch="false" />
                <line number="1180" hits="24" branch="false" />
              </lines>
            </method>
            <method name="Log" signature="(System.String,System.Diagnostics.EventLogEntryType,System.Int32,System.Int16,System.Byte[])" line-rate="1" branch-rate="1" complexity="1">
              <lines>
                <line number="1216" hits="16" branch="false" />
                <line number="1217" hits="16" branch="false" />
                <line number="1218" hits="16" branch="false" />
                <line number="1219" hits="16" branch="false" />
                <line number="1220" hits="16" branch="false" />
                <line number="1221" hits="16" branch="false" />
                <line number="1223" hits="32" branch="false" />
                <line number="1224" hits="32" branch="false" />
                <line number="1225" hits="32" branch="false" />
                <line number="1226" hits="32" branch="false" />
                <line number="1227" hits="32" branch="false" />
                <line number="1228" hits="32" branch="false" />
                <line number="1229" hits="32" branch="false" />
                <line number="1230" hits="32" branch="false" />
                <line number="1232" hits="32" branch="false" />
              </lines>
            </method>
            <method name="Log" signature="(System.String,System.String,System.Diagnostics.EventLogEntryType,System.Int32,System.Int16,System.Byte[])" line-rate="1" branch-rate="1" complexity="1">
              <lines>
                <line number="1272" hits="4" branch="false" />
                <line number="1273" hits="4" branch="false" />
                <line number="1274" hits="4" branch="false" />
                <line number="1275" hits="4" branch="false" />
                <line number="1276" hits="4" branch="false" />
                <line number="1277" hits="4" branch="false" />
                <line number="1278" hits="4" branch="false" />
                <line number="1280" hits="8" branch="false" />
                <line number="1281" hits="8" branch="false" />
                <line number="1282" hits="8" branch="false" />
                <line number="1283" hits="8" branch="false" />
                <line number="1284" hits="8" branch="false" />
                <line number="1285" hits="8" branch="false" />
                <line number="1286" hits="8" branch="false" />
                <line number="1287" hits="8" branch="false" />
                <line number="1289" hits="8" branch="false" />
              </lines>
            </method>
            <method name="Log" signature="(System.String,System.String,System.String,System.Diagnostics.EventLogEntryType,System.Int32,System.Int16,System.Byte[])" line-rate="1" branch-rate="1" complexity="1">
              <lines>
                <line number="1333" hits="32" branch="false" />
                <line number="1334" hits="32" branch="false" />
                <line number="1335" hits="32" branch="false" />
                <line number="1336" hits="32" branch="false" />
                <line number="1337" hits="32" branch="false" />
                <line number="1338" hits="32" branch="false" />
                <line number="1339" hits="32" branch="false" />
                <line number="1340" hits="32" branch="false" />
                <line number="1342" hits="64" branch="false" />
                <line number="1343" hits="64" branch="false" />
                <line number="1344" hits="64" branch="false" />
                <line number="1345" hits="64" branch="false" />
                <line number="1346" hits="64" branch="false" />
                <line number="1347" hits="64" branch="false" />
                <line number="1348" hits="64" branch="false" />
                <line number="1349" hits="64" branch="false" />
                <line number="1350" hits="64" branch="false" />
                <line number="1352" hits="64" branch="false" />
              </lines>
            </method>
            <method name="Log" signature="(System.String,System.String,System.String,System.String,System.Diagnostics.EventLogEntryType,System.Int32,System.Int16,System.Byte[])" line-rate="1" branch-rate="1" complexity="1">
              <lines>
                <line number="1396" hits="96" branch="false" />
                <line number="1397" hits="96" branch="false" />
                <line number="1398" hits="96" branch="false" />
                <line number="1399" hits="96" branch="false" />
                <line number="1400" hits="96" branch="false" />
                <line number="1401" hits="96" branch="false" />
                <line number="1402" hits="96" branch="false" />
                <line number="1403" hits="96" branch="false" />
                <line number="1404" hits="96" branch="false" />
                <line number="1406" hits="192" branch="false" />
                <line number="1407" hits="192" branch="false" />
                <line number="1408" hits="192" branch="false" />
                <line number="1409" hits="192" branch="false" />
                <line number="1410" hits="192" branch="false" />
                <line number="1411" hits="192" branch="false" />
                <line number="1412" hits="192" branch="false" />
                <line number="1413" hits="192" branch="false" />
                <line number="1414" hits="192" branch="false" />
                <line number="1415" hits="192" branch="false" />
                <line number="1416" hits="192" branch="false" />
                <line number="1418" hits="192" branch="false" />
              </lines>
            </method>
            <method name="Log" signature="(System.String,System.String,System.String,System.String,System.Diagnostics.EventLogEntryType,System.Int32,System.Int16,System.Byte[],System.Int32)" line-rate="1" branch-rate="1" complexity="1">
              <lines>
                <line number="1466" hits="96" branch="false" />
                <line number="1467" hits="96" branch="false" />
                <line number="1468" hits="96" branch="false" />
                <line number="1469" hits="96" branch="false" />
                <line number="1470" hits="96" branch="false" />
                <line number="1471" hits="96" branch="false" />
                <line number="1472" hits="96" branch="false" />
                <line number="1473" hits="96" branch="false" />
                <line number="1474" hits="96" branch="false" />
                <line number="1475" hits="96" branch="false" />
                <line number="1477" hits="192" branch="false" />
                <line number="1478" hits="192" branch="false" />
                <line number="1479" hits="192" branch="false" />
                <line number="1480" hits="192" branch="false" />
                <line number="1481" hits="192" branch="false" />
                <line number="1482" hits="192" branch="false" />
                <line number="1483" hits="192" branch="false" />
                <line number="1484" hits="192" branch="false" />
                <line number="1485" hits="192" branch="false" />
                <line number="1486" hits="192" branch="false" />
                <line number="1487" hits="192" branch="false" />
                <line number="1488" hits="192" branch="false" />
                <line number="1490" hits="192" branch="false" />
              </lines>
            </method>
            <method name="Log" signature="(System.String,System.Int32,System.Int32)" line-rate="1" branch-rate="1" complexity="1">
              <lines>
                <line number="1521" hits="4" branch="false" />
                <line number="1522" hits="4" branch="false" />
                <line number="1523" hits="4" branch="false" />
                <line number="1524" hits="4" branch="false" />
                <line number="1526" hits="8" branch="false" />
                <line number="1527" hits="8" branch="false" />
                <line number="1528" hits="8" branch="false" />
                <line number="1529" hits="8" branch="false" />
                <line number="1530" hits="8" branch="false" />
                <line number="1532" hits="8" branch="false" />
              </lines>
            </method>
            <method name="Log" signature="(System.String,System.Diagnostics.EventLogEntryType,System.Int32,System.Int32)" line-rate="1" branch-rate="1" complexity="1">
              <lines>
                <line number="1567" hits="4" branch="false" />
                <line number="1568" hits="4" branch="false" />
                <line number="1569" hits="4" branch="false" />
                <line number="1570" hits="4" branch="false" />
                <line number="1571" hits="4" branch="false" />
                <line number="1573" hits="8" branch="false" />
                <line number="1574" hits="8" branch="false" />
                <line number="1575" hits="8" branch="false" />
                <line number="1576" hits="8" branch="false" />
                <line number="1577" hits="8" branch="false" />
                <line number="1578" hits="8" branch="false" />
                <line number="1580" hits="8" branch="false" />
              </lines>
            </method>
            <method name="Log" signature="(System.String,System.Diagnostics.EventLogEntryType,System.Int32,System.Int32,System.Int32)" line-rate="1" branch-rate="1" complexity="1">
              <lines>
                <line number="1618" hits="4" branch="false" />
                <line number="1619" hits="4" branch="false" />
                <line number="1620" hits="4" branch="false" />
                <line number="1621" hits="4" branch="false" />
                <line number="1622" hits="4" branch="false" />
                <line number="1623" hits="4" branch="false" />
                <line number="1625" hits="8" branch="false" />
                <line number="1626" hits="8" branch="false" />
                <line number="1627" hits="8" branch="false" />
                <line number="1628" hits="8" branch="false" />
                <line number="1629" hits="8" branch="false" />
                <line number="1630" hits="8" branch="false" />
                <line number="1631" hits="8" branch="false" />
                <line number="1633" hits="8" branch="false" />
              </lines>
            </method>
            <method name="Log" signature="(System.String,System.Diagnostics.EventLogEntryType,System.Int32,System.Int16,System.Int32,System.Int32)" line-rate="1" branch-rate="1" complexity="1">
              <lines>
                <line number="1674" hits="4" branch="false" />
                <line number="1675" hits="4" branch="false" />
                <line number="1676" hits="4" branch="false" />
                <line number="1677" hits="4" branch="false" />
                <line number="1678" hits="4" branch="false" />
                <line number="1679" hits="4" branch="false" />
                <line number="1680" hits="4" branch="false" />
                <line number="1682" hits="8" branch="false" />
                <line number="1683" hits="8" branch="false" />
                <line number="1684" hits="8" branch="false" />
                <line number="1685" hits="8" branch="false" />
                <line number="1686" hits="8" branch="false" />
                <line number="1687" hits="8" branch="false" />
                <line number="1688" hits="8" branch="false" />
                <line number="1689" hits="8" branch="false" />
                <line number="1691" hits="8" branch="false" />
              </lines>
            </method>
            <method name="Log" signature="(System.String,System.Diagnostics.EventLogEntryType,System.Int32,System.Int16,System.Byte[],System.Int32,System.Int32)" line-rate="1" branch-rate="1" complexity="1">
              <lines>
                <line number="1735" hits="4" branch="false" />
                <line number="1736" hits="4" branch="false" />
                <line number="1737" hits="4" branch="false" />
                <line number="1738" hits="4" branch="false" />
                <line number="1739" hits="4" branch="false" />
                <line number="1740" hits="4" branch="false" />
                <line number="1741" hits="4" branch="false" />
                <line number="1742" hits="4" branch="false" />
                <line number="1744" hits="8" branch="false" />
                <line number="1745" hits="8" branch="false" />
                <line number="1746" hits="8" branch="false" />
                <line number="1747" hits="8" branch="false" />
                <line number="1748" hits="8" branch="false" />
                <line number="1749" hits="8" branch="false" />
                <line number="1750" hits="8" branch="false" />
                <line number="1751" hits="8" branch="false" />
                <line number="1752" hits="8" branch="false" />
                <line number="1754" hits="8" branch="false" />
              </lines>
            </method>
            <method name="Log" signature="(System.String,System.String,System.Diagnostics.EventLogEntryType,System.Int32,System.Int16,System.Byte[],System.Int32,System.Int32)" line-rate="1" branch-rate="1" complexity="1">
              <lines>
                <line number="1802" hits="4" branch="false" />
                <line number="1803" hits="4" branch="false" />
                <line number="1804" hits="4" branch="false" />
                <line number="1805" hits="4" branch="false" />
                <line number="1806" hits="4" branch="false" />
                <line number="1807" hits="4" branch="false" />
                <line number="1808" hits="4" branch="false" />
                <line number="1809" hits="4" branch="false" />
                <line number="1810" hits="4" branch="false" />
                <line number="1812" hits="8" branch="false" />
                <line number="1813" hits="8" branch="false" />
                <line number="1814" hits="8" branch="false" />
                <line number="1815" hits="8" branch="false" />
                <line number="1816" hits="8" branch="false" />
                <line number="1817" hits="8" branch="false" />
                <line number="1818" hits="8" branch="false" />
                <line number="1819" hits="8" branch="false" />
                <line number="1820" hits="8" branch="false" />
                <line number="1821" hits="8" branch="false" />
                <line number="1823" hits="8" branch="false" />
              </lines>
            </method>
            <method name="Log" signature="(System.String,System.String,System.String,System.Diagnostics.EventLogEntryType,System.Int32,System.Int16,System.Byte[],System.Int32,System.Int32)" line-rate="1" branch-rate="1" complexity="1">
              <lines>
                <line number="1875" hits="4" branch="false" />
                <line number="1876" hits="4" branch="false" />
                <line number="1877" hits="4" branch="false" />
                <line number="1878" hits="4" branch="false" />
                <line number="1879" hits="4" branch="false" />
                <line number="1880" hits="4" branch="false" />
                <line number="1881" hits="4" branch="false" />
                <line number="1882" hits="4" branch="false" />
                <line number="1883" hits="4" branch="false" />
                <line number="1884" hits="4" branch="false" />
                <line number="1886" hits="8" branch="false" />
                <line number="1887" hits="8" branch="false" />
                <line number="1888" hits="8" branch="false" />
                <line number="1889" hits="8" branch="false" />
                <line number="1890" hits="8" branch="false" />
                <line number="1891" hits="8" branch="false" />
                <line number="1892" hits="8" branch="false" />
                <line number="1893" hits="8" branch="false" />
                <line number="1894" hits="8" branch="false" />
                <line number="1895" hits="8" branch="false" />
                <line number="1896" hits="8" branch="false" />
                <line number="1898" hits="8" branch="false" />
              </lines>
            </method>
            <method name="Log" signature="(System.String,System.String,System.String,System.String,System.Diagnostics.EventLogEntryType,System.Int32,System.Int16,System.Byte[],System.Int32,System.Int32)" line-rate="1" branch-rate="1" complexity="1">
              <lines>
                <line number="1950" hits="100" branch="false" />
                <line number="1951" hits="100" branch="false" />
                <line number="1952" hits="100" branch="false" />
                <line number="1953" hits="100" branch="false" />
                <line number="1954" hits="100" branch="false" />
                <line number="1955" hits="100" branch="false" />
                <line number="1956" hits="100" branch="false" />
                <line number="1957" hits="100" branch="false" />
                <line number="1958" hits="100" branch="false" />
                <line number="1959" hits="100" branch="false" />
                <line number="1960" hits="100" branch="false" />
                <line number="1962" hits="200" branch="false" />
                <line number="1964" hits="200" branch="false" />
                <line number="1965" hits="200" branch="false" />
                <line number="1966" hits="200" branch="false" />
                <line number="1967" hits="200" branch="false" />
                <line number="1968" hits="200" branch="false" />
                <line number="1969" hits="200" branch="false" />
                <line number="1970" hits="200" branch="false" />
                <line number="1971" hits="200" branch="false" />
                <line number="1972" hits="200" branch="false" />
                <line number="1973" hits="200" branch="false" />
                <line number="1974" hits="200" branch="false" />
                <line number="1975" hits="200" branch="false" />
                <line number="1977" hits="200" branch="false" />
              </lines>
            </method>
            <method name="Log" signature="(System.String,System.Int32,System.Int32,System.Boolean)" line-rate="1" branch-rate="1" complexity="1">
              <lines>
                <line number="2011" hits="4" branch="false" />
                <line number="2012" hits="4" branch="false" />
                <line number="2013" hits="4" branch="false" />
                <line number="2014" hits="4" branch="false" />
                <line number="2015" hits="4" branch="false" />
                <line number="2017" hits="8" branch="false" />
                <line number="2018" hits="8" branch="false" />
                <line number="2019" hits="8" branch="false" />
                <line number="2020" hits="8" branch="false" />
                <line number="2021" hits="8" branch="false" />
                <line number="2022" hits="8" branch="false" />
                <line number="2024" hits="8" branch="false" />
              </lines>
            </method>
            <method name="Log" signature="(System.String,System.Diagnostics.EventLogEntryType,System.Int32,System.Int32,System.Boolean)" line-rate="1" branch-rate="1" complexity="1">
              <lines>
                <line number="2062" hits="4" branch="false" />
                <line number="2063" hits="4" branch="false" />
                <line number="2064" hits="4" branch="false" />
                <line number="2065" hits="4" branch="false" />
                <line number="2066" hits="4" branch="false" />
                <line number="2067" hits="4" branch="false" />
                <line number="2069" hits="8" branch="false" />
                <line number="2070" hits="8" branch="false" />
                <line number="2071" hits="8" branch="false" />
                <line number="2072" hits="8" branch="false" />
                <line number="2073" hits="8" branch="false" />
                <line number="2074" hits="8" branch="false" />
                <line number="2075" hits="8" branch="false" />
                <line number="2077" hits="8" branch="false" />
              </lines>
            </method>
            <method name="Log" signature="(System.String,System.Diagnostics.EventLogEntryType,System.Int32,System.Int32,System.Int32,System.Boolean)" line-rate="1" branch-rate="1" complexity="1">
              <lines>
                <line number="2118" hits="4" branch="false" />
                <line number="2119" hits="4" branch="false" />
                <line number="2120" hits="4" branch="false" />
                <line number="2121" hits="4" branch="false" />
                <line number="2122" hits="4" branch="false" />
                <line number="2123" hits="4" branch="false" />
                <line number="2124" hits="4" branch="false" />
                <line number="2126" hits="8" branch="false" />
                <line number="2127" hits="8" branch="false" />
                <line number="2128" hits="8" branch="false" />
                <line number="2129" hits="8" branch="false" />
                <line number="2130" hits="8" branch="false" />
                <line number="2131" hits="8" branch="false" />
                <line number="2132" hits="8" branch="false" />
                <line number="2133" hits="8" branch="false" />
                <line number="2135" hits="8" branch="false" />
              </lines>
            </method>
            <method name="Log" signature="(System.String,System.Diagnostics.EventLogEntryType,System.Int32,System.Int16,System.Int32,System.Int32,System.Boolean)" line-rate="1" branch-rate="1" complexity="1">
              <lines>
                <line number="2179" hits="4" branch="false" />
                <line number="2180" hits="4" branch="false" />
                <line number="2181" hits="4" branch="false" />
                <line number="2182" hits="4" branch="false" />
                <line number="2183" hits="4" branch="false" />
                <line number="2184" hits="4" branch="false" />
                <line number="2185" hits="4" branch="false" />
                <line number="2186" hits="4" branch="false" />
                <line number="2188" hits="8" branch="false" />
                <line number="2189" hits="8" branch="false" />
                <line number="2190" hits="8" branch="false" />
                <line number="2191" hits="8" branch="false" />
                <line number="2192" hits="8" branch="false" />
                <line number="2193" hits="8" branch="false" />
                <line number="2194" hits="8" branch="false" />
                <line number="2195" hits="8" branch="false" />
                <line number="2196" hits="8" branch="false" />
                <line number="2198" hits="8" branch="false" />
              </lines>
            </method>
            <method name="Log" signature="(System.String,System.Diagnostics.EventLogEntryType,System.Int32,System.Int16,System.Byte[],System.Int32,System.Int32,System.Boolean)" line-rate="1" branch-rate="1" complexity="1">
              <lines>
                <line number="2245" hits="4" branch="false" />
                <line number="2246" hits="4" branch="false" />
                <line number="2247" hits="4" branch="false" />
                <line number="2248" hits="4" branch="false" />
                <line number="2249" hits="4" branch="false" />
                <line number="2250" hits="4" branch="false" />
                <line number="2251" hits="4" branch="false" />
                <line number="2252" hits="4" branch="false" />
                <line number="2253" hits="4" branch="false" />
                <line number="2255" hits="8" branch="false" />
                <line number="2256" hits="8" branch="false" />
                <line number="2257" hits="8" branch="false" />
                <line number="2258" hits="8" branch="false" />
                <line number="2259" hits="8" branch="false" />
                <line number="2260" hits="8" branch="false" />
                <line number="2261" hits="8" branch="false" />
                <line number="2262" hits="8" branch="false" />
                <line number="2263" hits="8" branch="false" />
                <line number="2264" hits="8" branch="false" />
                <line number="2266" hits="8" branch="false" />
              </lines>
            </method>
            <method name="Log" signature="(System.String,System.String,System.Diagnostics.EventLogEntryType,System.Int32,System.Int16,System.Byte[],System.Int32,System.Int32,System.Boolean)" line-rate="1" branch-rate="1" complexity="1">
              <lines>
                <line number="2317" hits="4" branch="false" />
                <line number="2318" hits="4" branch="false" />
                <line number="2319" hits="4" branch="false" />
                <line number="2320" hits="4" branch="false" />
                <line number="2321" hits="4" branch="false" />
                <line number="2322" hits="4" branch="false" />
                <line number="2323" hits="4" branch="false" />
                <line number="2324" hits="4" branch="false" />
                <line number="2325" hits="4" branch="false" />
                <line number="2326" hits="4" branch="false" />
                <line number="2328" hits="8" branch="false" />
                <line number="2329" hits="8" branch="false" />
                <line number="2330" hits="8" branch="false" />
                <line number="2331" hits="8" branch="false" />
                <line number="2332" hits="8" branch="false" />
                <line number="2333" hits="8" branch="false" />
                <line number="2334" hits="8" branch="false" />
                <line number="2335" hits="8" branch="false" />
                <line number="2336" hits="8" branch="false" />
                <line number="2337" hits="8" branch="false" />
                <line number="2338" hits="8" branch="false" />
                <line number="2340" hits="8" branch="false" />
              </lines>
            </method>
            <method name="Log" signature="(System.String,System.String,System.String,System.Diagnostics.EventLogEntryType,System.Int32,System.Int16,System.Byte[],System.Int32,System.Int32,System.Boolean)" line-rate="1" branch-rate="1" complexity="1">
              <lines>
                <line number="2395" hits="4" branch="false" />
                <line number="2396" hits="4" branch="false" />
                <line number="2397" hits="4" branch="false" />
                <line number="2398" hits="4" branch="false" />
                <line number="2399" hits="4" branch="false" />
                <line number="2400" hits="4" branch="false" />
                <line number="2401" hits="4" branch="false" />
                <line number="2402" hits="4" branch="false" />
                <line number="2403" hits="4" branch="false" />
                <line number="2404" hits="4" branch="false" />
                <line number="2405" hits="4" branch="false" />
                <line number="2407" hits="8" branch="false" />
                <line number="2408" hits="8" branch="false" />
                <line number="2409" hits="8" branch="false" />
                <line number="2410" hits="8" branch="false" />
                <line number="2411" hits="8" branch="false" />
                <line number="2412" hits="8" branch="false" />
                <line number="2413" hits="8" branch="false" />
                <line number="2414" hits="8" branch="false" />
                <line number="2415" hits="8" branch="false" />
                <line number="2416" hits="8" branch="false" />
                <line number="2417" hits="8" branch="false" />
                <line number="2418" hits="8" branch="false" />
                <line number="2420" hits="8" branch="false" />
              </lines>
            </method>
            <method name="Log" signature="(System.String,System.String,System.String,System.String,System.Diagnostics.EventLogEntryType,System.Int32,System.Int16,System.Byte[],System.Int32,System.Int32,System.Boolean)" line-rate="1" branch-rate="1" complexity="12">
              <lines>
                <line number="2478" hits="104" branch="false" />
                <line number="2479" hits="104" branch="false" />
                <line number="2480" hits="104" branch="false" />
                <line number="2481" hits="104" branch="false" />
                <line number="2482" hits="104" branch="false" />
                <line number="2483" hits="104" branch="false" />
                <line number="2484" hits="104" branch="false" />
                <line number="2485" hits="104" branch="false" />
                <line number="2486" hits="104" branch="false" />
                <line number="2487" hits="104" branch="false" />
                <line number="2488" hits="104" branch="false" />
                <line number="2489" hits="104" branch="false" />
                <line number="2491" hits="208" branch="false" />
                <line number="2493" hits="208" branch="true" condition-coverage="100% (2/2)" />
                <line number="2494" hits="208" branch="false" />
                <line number="2495" hits="208" branch="false" />
                <line number="2497" hits="208" branch="true" condition-coverage="100% (4/4)" />
                <line number="2498" hits="184" branch="false" />
                <line number="2499" hits="196" branch="false" />
                <line number="2501" hits="208" branch="false" />
                <line number="2503" hits="208" branch="true" condition-coverage="100% (4/4)" />
                <line number="2504" hits="8" branch="false" />
                <line number="2505" hits="16" branch="true" condition-coverage="100% (2/2)" />
                <line number="2506" hits="16" branch="false" />
                <line number="2507" hits="16" branch="false" />
                <line number="2508" hits="16" branch="false" />
                <line number="2509" hits="16" branch="false" />
                <line number="2510" hits="16" branch="false" />
                <line number="2511" hits="16" branch="false" />
                <line number="2512" hits="16" branch="false" />
                <line number="2513" hits="16" branch="false" />
                <line number="2514" hits="16" branch="false" />
                <line number="2515" hits="16" branch="false" />
                <line number="2516" hits="8" branch="true" condition-coverage="100% (2/2)" />
                <line number="2517" hits="100" branch="false" />
                <line number="2518" hits="200" branch="false" />
                <line number="2519" hits="200" branch="false" />
                <line number="2520" hits="200" branch="false" />
                <line number="2521" hits="200" branch="false" />
                <line number="2522" hits="200" branch="false" />
                <line number="2523" hits="200" branch="false" />
                <line number="2524" hits="200" branch="false" />
                <line number="2525" hits="200" branch="false" />
                <line number="2526" hits="200" branch="false" />
                <line number="2527" hits="200" branch="false" />
                <line number="2528" hits="200" branch="false" />
                <line number="2529" hits="104" branch="false" />
                <line number="2531" hits="208" branch="false" />
              </lines>
            </method>
            <method name="LogEntry" signature="(System.Diagnostics.EventLog,System.String)" line-rate="1" branch-rate="1" complexity="1">
              <lines>
                <line number="2560" hits="4" branch="false" />
                <line number="2561" hits="4" branch="false" />
                <line number="2562" hits="4" branch="false" />
                <line number="2564" hits="8" branch="false" />
                <line number="2565" hits="8" branch="false" />
                <line number="2566" hits="8" branch="false" />
                <line number="2568" hits="8" branch="false" />
              </lines>
            </method>
            <method name="LogEntry" signature="(System.Diagnostics.EventLog,System.String,System.Diagnostics.EventLogEntryType)" line-rate="1" branch-rate="1" complexity="1">
              <lines>
                <line number="2597" hits="4" branch="false" />
                <line number="2598" hits="4" branch="false" />
                <line number="2599" hits="4" branch="false" />
                <line number="2600" hits="4" branch="false" />
                <line number="2602" hits="8" branch="false" />
                <line number="2603" hits="8" branch="false" />
                <line number="2604" hits="8" branch="false" />
                <line number="2605" hits="8" branch="false" />
                <line number="2607" hits="8" branch="false" />
              </lines>
            </method>
            <method name="LogEntry" signature="(System.Diagnostics.EventLog,System.String,System.Int32)" line-rate="1" branch-rate="1" complexity="1">
              <lines>
                <line number="2636" hits="4" branch="false" />
                <line number="2637" hits="4" branch="false" />
                <line number="2638" hits="4" branch="false" />
                <line number="2639" hits="4" branch="false" />
                <line number="2641" hits="8" branch="false" />
                <line number="2642" hits="8" branch="false" />
                <line number="2643" hits="8" branch="false" />
                <line number="2644" hits="8" branch="false" />
                <line number="2646" hits="8" branch="false" />
              </lines>
            </method>
            <method name="LogEntry" signature="(System.Diagnostics.EventLog,System.String,System.Int16)" line-rate="1" branch-rate="1" complexity="1">
              <lines>
                <line number="2675" hits="4" branch="false" />
                <line number="2676" hits="4" branch="false" />
                <line number="2677" hits="4" branch="false" />
                <line number="2678" hits="4" branch="false" />
                <line number="2680" hits="8" branch="false" />
                <line number="2681" hits="8" branch="false" />
                <line number="2682" hits="8" branch="false" />
                <line number="2683" hits="8" branch="false" />
                <line number="2685" hits="8" branch="false" />
              </lines>
            </method>
            <method name="LogEntry" signature="(System.Diagnostics.EventLog,System.String,System.Diagnostics.EventLogEntryType,System.Int32)" line-rate="1" branch-rate="1" complexity="1">
              <lines>
                <line number="2718" hits="8" branch="false" />
                <line number="2719" hits="8" branch="false" />
                <line number="2720" hits="8" branch="false" />
                <line number="2721" hits="8" branch="false" />
                <line number="2722" hits="8" branch="false" />
                <line number="2724" hits="16" branch="false" />
                <line number="2725" hits="16" branch="false" />
                <line number="2726" hits="16" branch="false" />
                <line number="2727" hits="16" branch="false" />
                <line number="2728" hits="16" branch="false" />
                <line number="2730" hits="16" branch="false" />
              </lines>
            </method>
            <method name="LogEntry" signature="(System.Diagnostics.EventLog,System.String,System.Diagnostics.EventLogEntryType,System.Int16)" line-rate="1" branch-rate="1" complexity="1">
              <lines>
                <line number="2763" hits="4" branch="false" />
                <line number="2764" hits="4" branch="false" />
                <line number="2765" hits="4" branch="false" />
                <line number="2766" hits="4" branch="false" />
                <line number="2767" hits="4" branch="false" />
                <line number="2769" hits="8" branch="false" />
                <line number="2770" hits="8" branch="false" />
                <line number="2771" hits="8" branch="false" />
                <line number="2772" hits="8" branch="false" />
                <line number="2773" hits="8" branch="false" />
                <line number="2775" hits="8" branch="false" />
              </lines>
            </method>
            <method name="LogEntry" signature="(System.Diagnostics.EventLog,System.String,System.Diagnostics.EventLogEntryType,System.Int32,System.Int16)" line-rate="1" branch-rate="1" complexity="1">
              <lines>
                <line number="2812" hits="12" branch="false" />
                <line number="2813" hits="12" branch="false" />
                <line number="2814" hits="12" branch="false" />
                <line number="2815" hits="12" branch="false" />
                <line number="2816" hits="12" branch="false" />
                <line number="2817" hits="12" branch="false" />
                <line number="2819" hits="24" branch="false" />
                <line number="2820" hits="24" branch="false" />
                <line number="2821" hits="24" branch="false" />
                <line number="2822" hits="24" branch="false" />
                <line number="2823" hits="24" branch="false" />
                <line number="2824" hits="24" branch="false" />
                <line number="2826" hits="24" branch="false" />
              </lines>
            </method>
            <method name="LogEntry" signature="(System.Diagnostics.EventLog,System.String,System.Byte[])" line-rate="1" branch-rate="1" complexity="1">
              <lines>
                <line number="2854" hits="8" branch="false" />
                <line number="2855" hits="8" branch="false" />
                <line number="2856" hits="8" branch="false" />
                <line number="2857" hits="8" branch="false" />
                <line number="2859" hits="16" branch="false" />
                <line number="2860" hits="16" branch="false" />
                <line number="2861" hits="16" branch="false" />
                <line number="2862" hits="16" branch="false" />
                <line number="2864" hits="16" branch="false" />
              </lines>
            </method>
            <method name="LogEntry" signature="(System.Diagnostics.EventLog,System.String,System.Diagnostics.EventLogEntryType,System.Byte[])" line-rate="1" branch-rate="1" complexity="1">
              <lines>
                <line number="2896" hits="8" branch="false" />
                <line number="2897" hits="8" branch="false" />
                <line number="2898" hits="8" branch="false" />
                <line number="2899" hits="8" branch="false" />
                <line number="2900" hits="8" branch="false" />
                <line number="2902" hits="16" branch="false" />
                <line number="2903" hits="16" branch="false" />
                <line number="2904" hits="16" branch="false" />
                <line number="2905" hits="16" branch="false" />
                <line number="2906" hits="16" branch="false" />
                <line number="2908" hits="16" branch="false" />
              </lines>
            </method>
            <method name="LogEntry" signature="(System.Diagnostics.EventLog,System.String,System.Diagnostics.EventLogEntryType,System.Int32,System.Byte[])" line-rate="1" branch-rate="1" complexity="1">
              <lines>
                <line number="2944" hits="8" branch="false" />
                <line number="2945" hits="8" branch="false" />
                <line number="2946" hits="8" branch="false" />
                <line number="2947" hits="8" branch="false" />
                <line number="2948" hits="8" branch="false" />
                <line number="2949" hits="8" branch="false" />
                <line number="2951" hits="16" branch="false" />
                <line number="2952" hits="16" branch="false" />
                <line number="2953" hits="16" branch="false" />
                <line number="2954" hits="16" branch="false" />
                <line number="2955" hits="16" branch="false" />
                <line number="2956" hits="16" branch="false" />
                <line number="2958" hits="16" branch="false" />
              </lines>
            </method>
            <method name="LogEntry" signature="(System.Diagnostics.EventLog,System.String,System.Diagnostics.EventLogEntryType,System.Int32,System.Int16,System.Byte[])" line-rate="1" branch-rate="1" complexity="6">
              <lines>
                <line number="2998" hits="24" branch="false" />
                <line number="2999" hits="24" branch="false" />
                <line number="3000" hits="24" branch="false" />
                <line number="3001" hits="24" branch="false" />
                <line number="3002" hits="24" branch="false" />
                <line number="3003" hits="24" branch="false" />
                <line number="3004" hits="24" branch="false" />
                <line number="3006" hits="48" branch="false" />
                <line number="3008" hits="48" branch="false" />
                <line number="3009" hits="48" branch="false" />
                <line number="3011" hits="48" branch="true" condition-coverage="100% (4/4)" />
                <line number="3012" hits="8" branch="false" />
                <line number="3013" hits="16" branch="true" condition-coverage="100% (2/2)" />
                <line number="3014" hits="16" branch="false" />
                <line number="3015" hits="16" branch="false" />
                <line number="3016" hits="16" branch="false" />
                <line number="3017" hits="16" branch="false" />
                <line number="3018" hits="16" branch="false" />
                <line number="3019" hits="8" branch="true" condition-coverage="100% (2/2)" />
                <line number="3020" hits="20" branch="false" />
                <line number="3021" hits="40" branch="false" />
                <line number="3022" hits="40" branch="false" />
                <line number="3023" hits="40" branch="false" />
                <line number="3024" hits="40" branch="false" />
                <line number="3025" hits="40" branch="false" />
                <line number="3026" hits="40" branch="false" />
                <line number="3027" hits="24" branch="false" />
                <line number="3029" hits="48" branch="false" />
              </lines>
            </method>
            <method name="Source" signature="(System.String)" line-rate="1" branch-rate="1" complexity="8">
              <lines>
                <line number="3041" hits="264" branch="false" />
                <line number="3042" hits="264" branch="false" />
                <line number="3045" hits="528" branch="false" />
                <line number="3047" hits="528" branch="true" condition-coverage="100% (2/2)" />
                <line number="3048" hits="136" branch="true" condition-coverage="100% (2/2)" />
                <line number="3049" hits="24" branch="false" />
                <line number="3050" hits="56" branch="false" />
                <line number="3052" hits="112" branch="false" />
                <line number="3054" hits="112" branch="false" />
                <line number="3055" hits="112" branch="false" />
                <line number="3056" hits="796" branch="false" />
                <line number="3057" hits="796" branch="false" />
                <line number="3058" hits="796" branch="false" />
                <line number="3059" hits="796" branch="true" condition-coverage="100% (2/2)" />
                <line number="3060" hits="112" branch="false" />
                <line number="3061" hits="112" branch="false" />
                <line number="3062" hits="342" branch="false" />
                <line number="3063" hits="684" branch="true" condition-coverage="100% (2/2)" />
                <line number="3064" hits="80" branch="false" />
                <line number="3065" hits="196" branch="false" />
                <line number="3066" hits="392" branch="false" />
                <line number="3067" hits="264" branch="false" />
                <line number="3070" hits="528" branch="false" />
                <line number="3072" hits="528" branch="false" />
              </lines>
            </method>
            <method name="DefaultSource" signature="(System.String)" line-rate="1" branch-rate="1" complexity="1">
              <lines>
                <line number="3079" hits="4" branch="false" />
                <line number="3080" hits="4" branch="false" />
                <line number="3082" hits="8" branch="false" />
                <line number="3084" hits="8" branch="false" />
                <line number="3086" hits="8" branch="false" />
              </lines>
            </method>
            <method name="DefaultSource" signature="(System.String,System.String)" line-rate="1" branch-rate="1" complexity="1">
              <lines>
                <line number="3094" hits="4" branch="false" />
                <line number="3095" hits="4" branch="false" />
                <line number="3096" hits="4" branch="false" />
                <line number="3098" hits="8" branch="false" />
                <line number="3100" hits="8" branch="false" />
              </lines>
            </method>
            <method name="MaxSource" signature="(System.String)" line-rate="1" branch-rate="1" complexity="4">
              <lines>
                <line number="3110" hits="300" branch="false" />
                <line number="3111" hits="300" branch="false" />
                <line number="3113" hits="600" branch="true" condition-coverage="100% (2/2)" />
                <line number="3114" hits="16" branch="false" />
                <line number="3115" hits="308" branch="false" />
                <line number="3117" hits="600" branch="true" condition-coverage="100% (2/2)" />
                <line number="3119" hits="600" branch="false" />
              </lines>
            </method>
            <method name="IsSourceRegisteredToLog" signature="(System.String,System.String,System.String)" line-rate="1" branch-rate="1" complexity="1">
              <lines>
                <line number="3128" hits="4" branch="false" />
                <line number="3129" hits="4" branch="false" />
                <line number="3130" hits="4" branch="false" />
                <line number="3131" hits="4" branch="false" />
                <line number="3133" hits="8" branch="false" />
                <line number="3135" hits="8" branch="false" />
                <line number="3137" hits="8" branch="false" />
              </lines>
            </method>
            <method name="CanReadRegistryForLogAndSource" signature="(System.String,System.String,System.String)" line-rate="1" branch-rate="1" complexity="1">
              <lines>
                <line number="3146" hits="4" branch="false" />
                <line number="3147" hits="4" branch="false" />
                <line number="3148" hits="4" branch="false" />
                <line number="3149" hits="4" branch="false" />
                <line number="3151" hits="8" branch="false" />
                <line number="3153" hits="8" branch="false" />
                <line number="3155" hits="8" branch="false" />
              </lines>
            </method>
            <method name="CanReadRegistryForLog" signature="(System.String,System.String,System.Boolean)" line-rate="1" branch-rate="1" complexity="1">
              <lines>
                <line number="3164" hits="4" branch="false" />
                <line number="3165" hits="4" branch="false" />
                <line number="3166" hits="4" branch="false" />
                <line number="3167" hits="4" branch="false" />
                <line number="3169" hits="8" branch="false" />
                <line number="3171" hits="8" branch="false" />
                <line number="3173" hits="8" branch="false" />
              </lines>
            </method>
            <method name="NormalizeMessage" signature="(System.String,System.String)" line-rate="1" branch-rate="1" complexity="10">
              <lines>
                <line number="3181" hits="120" branch="false" />
                <line number="3182" hits="120" branch="false" />
                <line number="3183" hits="120" branch="false" />
                <line number="3185" hits="240" branch="false" />
                <line number="3186" hits="240" branch="true" condition-coverage="100% (2/2)" />
                <line number="3187" hits="440" branch="true" condition-coverage="100% (2/2)" />
                <line number="3188" hits="480" branch="true" condition-coverage="100% (2/2)" />
                <line number="3192" hits="240" branch="true" condition-coverage="100% (2/2)" />
                <line number="3194" hits="240" branch="true" condition-coverage="100% (2/2)" />
                <line number="3196" hits="48" branch="false" />
                <line number="3197" hits="48" branch="false" />
                <line number="3198" hits="144" branch="false" />
                <line number="3200" hits="240" branch="false" />
                <line number="3202" hits="240" branch="false" />
              </lines>
            </method>
            <method name="SplitMessageIntoPages" signature="(System.String,System.String)" line-rate="1" branch-rate="1" complexity="8">
              <lines>
                <line number="3210" hits="8" branch="false" />
                <line number="3211" hits="8" branch="false" />
                <line number="3212" hits="8" branch="false" />
                <line number="3215" hits="16" branch="false" />
                <line number="3216" hits="16" branch="false" />
                <line number="3217" hits="32" branch="true" condition-coverage="100% (2/2)" />
                <line number="3219" hits="16" branch="false" />
                <line number="3221" hits="24" branch="true" condition-coverage="100% (2/2)" />
                <line number="3225" hits="16" branch="false" />
                <line number="3226" hits="16" branch="false" />
                <line number="3229" hits="16" branch="false" />
                <line number="3230" hits="16" branch="false" />
                <line number="3232" hits="16" branch="false" />
                <line number="3235" hits="16" branch="false" />
                <line number="3236" hits="16" branch="false" />
                <line number="3237" hits="48" branch="true" condition-coverage="100% (2/2)" />
                <line number="3238" hits="32" branch="false" />
                <line number="3239" hits="32" branch="false" />
                <line number="3240" hits="32" branch="false" />
                <line number="3241" hits="16" branch="false" />
                <line number="3244" hits="16" branch="false" />
                <line number="3245" hits="16" branch="false" />
                <line number="3246" hits="16" branch="false" />
                <line number="3247" hits="16" branch="false" />
                <line number="3248" hits="16" branch="true" condition-coverage="100% (2/2)" />
                <line number="3249" hits="16" branch="false" />
                <line number="3251" hits="16" branch="false" />
                <line number="3253" hits="16" branch="false" />
              </lines>
            </method>
            <method name="NormalizeEventType" signature="(System.Diagnostics.EventLogEntryType)" line-rate="1" branch-rate="1" complexity="4">
              <lines>
                <line number="3260" hits="148" branch="false" />
                <line number="3261" hits="148" branch="false" />
                <line number="3263" hits="296" branch="true" condition-coverage="100% (4/4)" />
                <line number="3264" hits="112" branch="false" />
                <line number="3265" hits="224" branch="false" />
                <line number="3266" hits="36" branch="false" />
                <line number="3267" hits="72" branch="false" />
                <line number="3270" hits="296" branch="false" />
              </lines>
            </method>
            <method name="NormalizeMachineName" signature="(System.String)" line-rate="1" branch-rate="1" complexity="4">
              <lines>
                <line number="3277" hits="132" branch="false" />
                <line number="3278" hits="132" branch="false" />
                <line number="3280" hits="264" branch="true" condition-coverage="100% (4/4)" />
                <line number="3282" hits="170" branch="false" />
              </lines>
            </method>
            <method name="GetAppSetting" signature="(System.String,System.String)" line-rate="1" branch-rate="1" complexity="2">
              <lines>
                <line number="3298" hits="108" branch="false" />
                <line number="3299" hits="108" branch="false" />
                <line number="3300" hits="108" branch="false" />
                <line number="3316" hits="216" branch="false" />
                <line number="3317" hits="216" branch="false" />
                <line number="3318" hits="216" branch="false" />
                <line number="3319" hits="216" branch="false" />
                <line number="3321" hits="216" branch="false" />
                <line number="3322" hits="216" branch="true" condition-coverage="100% (2/2)" />
                <line number="3323" hits="96" branch="false" />
                <line number="3324" hits="60" branch="false" />
                <line number="3326" hits="120" branch="false" />
                <line number="3329" hits="216" branch="false" />
              </lines>
            </method>
            <method name="GetAppSetting" signature="(System.String,System.Int32)" line-rate="1" branch-rate="1" complexity="2">
              <lines>
                <line number="3337" hits="24" branch="false" />
                <line number="3338" hits="24" branch="false" />
                <line number="3339" hits="24" branch="false" />
                <line number="3341" hits="48" branch="false" />
                <line number="3344" hits="48" branch="true" condition-coverage="100% (2/2)" />
[...]
            <line number="2643" hits="8" branch="false" />
            <line number="2644" hits="8" branch="false" />
            <line number="2646" hits="8" branch="false" />
            <line number="2675" hits="4" branch="false" />
            <line number="2676" hits="4" branch="false" />
            <line number="2677" hits="4" branch="false" />
            <line number="2678" hits="4" branch="false" />
            <line number="2680" hits="8" branch="false" />
            <line number="2681" hits="8" branch="false" />
            <line number="2682" hits="8" branch="false" />
            <line number="2683" hits="8" branch="false" />
            <line number="2685" hits="8" branch="false" />
            <line number="2718" hits="8" branch="false" />
            <line number="2719" hits="8" branch="false" />
            <line number="2720" hits="8" branch="false" />
            <line number="2721" hits="8" branch="false" />
            <line number="2722" hits="8" branch="false" />
            <line number="2724" hits="16" branch="false" />
            <line number="2725" hits="16" branch="false" />
            <line number="2726" hits="16" branch="false" />
            <line number="2727" hits="16" branch="false" />
            <line number="2728" hits="16" branch="false" />
            <line number="2730" hits="16" branch="false" />
            <line number="2763" hits="4" branch="false" />
            <line number="2764" hits="4" branch="false" />
            <line number="2765" hits="4" branch="false" />
            <line number="2766" hits="4" branch="false" />
            <line number="2767" hits="4" branch="false" />
            <line number="2769" hits="8" branch="false" />
            <line number="2770" hits="8" branch="false" />
            <line number="2771" hits="8" branch="false" />
            <line number="2772" hits="8" branch="false" />
            <line number="2773" hits="8" branch="false" />
            <line number="2775" hits="8" branch="false" />
            <line number="2812" hits="12" branch="false" />
            <line number="2813" hits="12" branch="false" />
            <line number="2814" hits="12" branch="false" />
            <line number="2815" hits="12" branch="false" />
            <line number="2816" hits="12" branch="false" />
            <line number="2817" hits="12" branch="false" />
            <line number="2819" hits="24" branch="false" />
            <line number="2820" hits="24" branch="false" />
            <line number="2821" hits="24" branch="false" />
            <line number="2822" hits="24" branch="false" />
            <line number="2823" hits="24" branch="false" />
            <line number="2824" hits="24" branch="false" />
            <line number="2826" hits="24" branch="false" />
            <line number="2854" hits="8" branch="false" />
            <line number="2855" hits="8" branch="false" />
            <line number="2856" hits="8" branch="false" />
            <line number="2857" hits="8" branch="false" />
            <line number="2859" hits="16" branch="false" />
            <line number="2860" hits="16" branch="false" />
            <line number="2861" hits="16" branch="false" />
            <line number="2862" hits="16" branch="false" />
            <line number="2864" hits="16" branch="false" />
            <line number="2896" hits="8" branch="false" />
            <line number="2897" hits="8" branch="false" />
            <line number="2898" hits="8" branch="false" />
            <line number="2899" hits="8" branch="false" />
            <line number="2900" hits="8" branch="false" />
            <line number="2902" hits="16" branch="false" />
            <line number="2903" hits="16" branch="false" />
            <line number="2904" hits="16" branch="false" />
            <line number="2905" hits="16" branch="false" />
            <line number="2906" hits="16" branch="false" />
            <line number="2908" hits="16" branch="false" />
            <line number="2944" hits="8" branch="false" />
            <line number="2945" hits="8" branch="false" />
            <line number="2946" hits="8" branch="false" />
            <line number="2947" hits="8" branch="false" />
            <line number="2948" hits="8" branch="false" />
            <line number="2949" hits="8" branch="false" />
            <line number="2951" hits="16" branch="false" />
            <line number="2952" hits="16" branch="false" />
            <line number="2953" hits="16" branch="false" />
            <line number="2954" hits="16" branch="false" />
            <line number="2955" hits="16" branch="false" />
            <line number="2956" hits="16" branch="false" />
            <line number="2958" hits="16" branch="false" />
            <line number="2998" hits="24" branch="false" />
            <line number="2999" hits="24" branch="false" />
            <line number="3000" hits="24" branch="false" />
            <line number="3001" hits="24" branch="false" />
            <line number="3002" hits="24" branch="false" />
            <line number="3003" hits="24" branch="false" />
            <line number="3004" hits="24" branch="false" />
            <line number="3006" hits="48" branch="false" />
            <line number="3008" hits="48" branch="false" />
            <line number="3009" hits="48" branch="false" />
            <line number="3011" hits="48" branch="true" condition-coverage="100% (4/4)" />
            <line number="3012" hits="8" branch="false" />
            <line number="3013" hits="16" branch="true" condition-coverage="100% (2/2)" />
            <line number="3014" hits="16" branch="false" />
            <line number="3015" hits="16" branch="false" />
            <line number="3016" hits="16" branch="false" />
            <line number="3017" hits="16" branch="false" />
            <line number="3018" hits="16" branch="false" />
            <line number="3019" hits="8" branch="true" condition-coverage="100% (2/2)" />
            <line number="3020" hits="20" branch="false" />
            <line number="3021" hits="40" branch="false" />
            <line number="3022" hits="40" branch="false" />
            <line number="3023" hits="40" branch="false" />
            <line number="3024" hits="40" branch="false" />
            <line number="3025" hits="40" branch="false" />
            <line number="3026" hits="40" branch="false" />
            <line number="3027" hits="24" branch="false" />
            <line number="3029" hits="48" branch="false" />
            <line number="3041" hits="264" branch="false" />
            <line number="3042" hits="264" branch="false" />
            <line number="3045" hits="528" branch="false" />
            <line number="3047" hits="528" branch="true" condition-coverage="100% (2/2)" />
            <line number="3048" hits="136" branch="true" condition-coverage="100% (2/2)" />
            <line number="3049" hits="24" branch="false" />
            <line number="3050" hits="56" branch="false" />
            <line number="3052" hits="112" branch="false" />
            <line number="3054" hits="112" branch="false" />
            <line number="3055" hits="112" branch="false" />
            <line number="3056" hits="796" branch="false" />
            <line number="3057" hits="796" branch="false" />
            <line number="3058" hits="796" branch="false" />
            <line number="3059" hits="796" branch="true" condition-coverage="100% (2/2)" />
            <line number="3060" hits="112" branch="false" />
            <line number="3061" hits="112" branch="false" />
            <line number="3062" hits="342" branch="false" />
            <line number="3063" hits="684" branch="true" condition-coverage="100% (2/2)" />
            <line number="3064" hits="80" branch="false" />
            <line number="3065" hits="196" branch="false" />
            <line number="3066" hits="392" branch="false" />
            <line number="3067" hits="264" branch="false" />
            <line number="3070" hits="528" branch="false" />
            <line number="3072" hits="528" branch="false" />
            <line number="3079" hits="4" branch="false" />
            <line number="3080" hits="4" branch="false" />
            <line number="3082" hits="8" branch="false" />
            <line number="3084" hits="8" branch="false" />
            <line number="3086" hits="8" branch="false" />
            <line number="3094" hits="4" branch="false" />
            <line number="3095" hits="4" branch="false" />
            <line number="3096" hits="4" branch="false" />
            <line number="3098" hits="8" branch="false" />
            <line number="3100" hits="8" branch="false" />
            <line number="3110" hits="300" branch="false" />
            <line number="3111" hits="300" branch="false" />
            <line number="3113" hits="600" branch="true" condition-coverage="100% (2/2)" />
            <line number="3114" hits="16" branch="false" />
            <line number="3115" hits="308" branch="false" />
            <line number="3117" hits="600" branch="true" condition-coverage="100% (2/2)" />
            <line number="3119" hits="600" branch="false" />
            <line number="3128" hits="4" branch="false" />
            <line number="3129" hits="4" branch="false" />
            <line number="3130" hits="4" branch="false" />
            <line number="3131" hits="4" branch="false" />
            <line number="3133" hits="8" branch="false" />
            <line number="3135" hits="8" branch="false" />
            <line number="3137" hits="8" branch="false" />
            <line number="3146" hits="4" branch="false" />
            <line number="3147" hits="4" branch="false" />
            <line number="3148" hits="4" branch="false" />
            <line number="3149" hits="4" branch="false" />
            <line number="3151" hits="8" branch="false" />
            <line number="3153" hits="8" branch="false" />
            <line number="3155" hits="8" branch="false" />
            <line number="3164" hits="4" branch="false" />
            <line number="3165" hits="4" branch="false" />
            <line number="3166" hits="4" branch="false" />
            <line number="3167" hits="4" branch="false" />
            <line number="3169" hits="8" branch="false" />
            <line number="3171" hits="8" branch="false" />
            <line number="3173" hits="8" branch="false" />
            <line number="3181" hits="120" branch="false" />
            <line number="3182" hits="120" branch="false" />
            <line number="3183" hits="120" branch="false" />
            <line number="3185" hits="240" branch="false" />
            <line number="3186" hits="240" branch="true" condition-coverage="100% (2/2)" />
            <line number="3187" hits="440" branch="true" condition-coverage="100% (2/2)" />
            <line number="3188" hits="480" branch="true" condition-coverage="100% (2/2)" />
            <line number="3192" hits="240" branch="true" condition-coverage="100% (2/2)" />
            <line number="3194" hits="240" branch="true" condition-coverage="100% (2/2)" />
            <line number="3196" hits="48" branch="false" />
            <line number="3197" hits="48" branch="false" />
            <line number="3198" hits="144" branch="false" />
            <line number="3200" hits="240" branch="false" />
            <line number="3202" hits="240" branch="false" />
            <line number="3210" hits="8" branch="false" />
            <line number="3211" hits="8" branch="false" />
            <line number="3212" hits="8" branch="false" />
            <line number="3215" hits="16" branch="false" />
            <line number="3216" hits="16" branch="false" />
            <line number="3217" hits="32" branch="true" condition-coverage="100% (2/2)" />
            <line number="3219" hits="16" branch="false" />
            <line number="3221" hits="24" branch="true" condition-coverage="100% (2/2)" />
            <line number="3225" hits="16" branch="false" />
            <line number="3226" hits="16" branch="false" />
            <line number="3229" hits="16" branch="false" />
            <line number="3230" hits="16" branch="false" />
            <line number="3232" hits="16" branch="false" />
            <line number="3235" hits="16" branch="false" />
            <line number="3236" hits="16" branch="false" />
            <line number="3237" hits="48" branch="true" condition-coverage="100% (2/2)" />
            <line number="3238" hits="32" branch="false" />
            <line number="3239" hits="32" branch="false" />
            <line number="3240" hits="32" branch="false" />
            <line number="3241" hits="16" branch="false" />
            <line number="3244" hits="16" branch="false" />
            <line number="3245" hits="16" branch="false" />
            <line number="3246" hits="16" branch="false" />
            <line number="3247" hits="16" branch="false" />
            <line number="3248" hits="16" branch="true" condition-coverage="100% (2/2)" />
            <line number="3249" hits="16" branch="false" />
            <line number="3251" hits="16" branch="false" />
            <line number="3253" hits="16" branch="false" />
            <line number="3260" hits="148" branch="false" />
            <line number="3261" hits="148" branch="false" />
            <line number="3263" hits="296" branch="true" condition-coverage="100% (4/4)" />
            <line number="3264" hits="112" branch="false" />
            <line number="3265" hits="224" branch="false" />
            <line number="3266" hits="36" branch="false" />
            <line number="3267" hits="72" branch="false" />
            <line number="3270" hits="296" branch="false" />
            <line number="3277" hits="132" branch="false" />
            <line number="3278" hits="132" branch="false" />
            <line number="3280" hits="264" branch="true" condition-coverage="100% (4/4)" />
            <line number="3282" hits="170" branch="false" />
            <line number="3298" hits="108" branch="false" />
            <line number="3299" hits="108" branch="false" />
            <line number="3300" hits="108" branch="false" />
            <line number="3316" hits="216" branch="false" />
            <line number="3317" hits="216" branch="false" />
            <line number="3318" hits="216" branch="false" />
            <line number="3319" hits="216" branch="false" />
            <line number="3321" hits="216" branch="false" />
            <line number="3322" hits="216" branch="true" condition-coverage="100% (2/2)" />
            <line number="3323" hits="96" branch="false" />
            <line number="3324" hits="60" branch="false" />
            <line number="3326" hits="120" branch="false" />
            <line number="3329" hits="216" branch="false" />
            <line number="3337" hits="24" branch="false" />
            <line number="3338" hits="24" branch="false" />
            <line number="3339" hits="24" branch="false" />
            <line number="3341" hits="48" branch="false" />
            <line number="3344" hits="48" branch="true" condition-coverage="100% (2/2)" />
            <line number="3346" hits="36" branch="false" />
            <line number="3354" hits="24" branch="false" />
            <line number="3355" hits="24" branch="false" />
            <line number="3356" hits="24" branch="false" />
            <line number="3358" hits="48" branch="false" />
            <line number="3361" hits="48" branch="true" condition-coverage="100% (2/2)" />
            <line number="3363" hits="36" branch="false" />
            <line number="3373" hits="4" branch="false" />
            <line number="3375" hits="8" branch="false" />
            <line number="3377" hits="8" branch="false" />
            <line number="3378" hits="8" branch="false" />
            <line number="3380" hits="8" branch="false" />
            <line number="3391" hits="4" branch="false" />
            <line number="3392" hits="4" branch="false" />
            <line number="3394" hits="8" branch="false" />
            <line number="3396" hits="8" branch="false" />
            <line number="3397" hits="8" branch="false" />
            <line number="3398" hits="8" branch="false" />
            <line number="3400" hits="8" branch="false" />
            <line number="3415" hits="28" branch="false" />
            <line number="3416" hits="28" branch="false" />
            <line number="3417" hits="28" branch="false" />
            <line number="3419" hits="56" branch="false" />
            <line number="3421" hits="56" branch="false" />
            <line number="3422" hits="56" branch="false" />
            <line number="3423" hits="56" branch="false" />
            <line number="3424" hits="56" branch="false" />
            <line number="3425" hits="56" branch="false" />
            <line number="3427" hits="56" branch="false" />
            <line number="3450" hits="28" branch="false" />
            <line number="3451" hits="28" branch="false" />
            <line number="3452" hits="28" branch="false" />
            <line number="3453" hits="28" branch="false" />
            <line number="3454" hits="28" branch="false" />
            <line number="3456" hits="56" branch="false" />
            <line number="3458" hits="56" branch="false" />
            <line number="3459" hits="56" branch="false" />
            <line number="3460" hits="56" branch="false" />
            <line number="3461" hits="56" branch="false" />
            <line number="3462" hits="56" branch="false" />
            <line number="3463" hits="56" branch="false" />
            <line number="3465" hits="56" branch="false" />
            <line number="3491" hits="28" branch="false" />
            <line number="3492" hits="28" branch="false" />
            <line number="3493" hits="28" branch="false" />
            <line number="3494" hits="28" branch="false" />
            <line number="3495" hits="28" branch="false" />
            <line number="3496" hits="28" branch="false" />
            <line number="3498" hits="56" branch="false" />
            <line number="3500" hits="56" branch="false" />
            <line number="3501" hits="56" branch="false" />
            <line number="3502" hits="56" branch="false" />
            <line number="3503" hits="56" branch="false" />
            <line number="3504" hits="56" branch="false" />
            <line number="3505" hits="56" branch="false" />
            <line number="3506" hits="56" branch="false" />
            <line number="3508" hits="56" branch="false" />
            <line number="3538" hits="28" branch="false" />
            <line number="3539" hits="28" branch="false" />
            <line number="3540" hits="28" branch="false" />
            <line number="3541" hits="28" branch="false" />
            <line number="3542" hits="28" branch="false" />
            <line number="3543" hits="28" branch="false" />
            <line number="3544" hits="28" branch="false" />
            <line number="3546" hits="56" branch="false" />
            <line number="3548" hits="56" branch="false" />
            <line number="3549" hits="56" branch="false" />
            <line number="3550" hits="56" branch="false" />
            <line number="3551" hits="56" branch="false" />
            <line number="3552" hits="56" branch="false" />
            <line number="3553" hits="56" branch="false" />
            <line number="3554" hits="56" branch="false" />
            <line number="3556" hits="56" branch="false" />
          </lines>
        </class>
      </classes>
    </package>
  </packages>
</coverage>