<?xml version="1.0" encoding="utf-8"?>
<!DOCTYPE coverage SYSTEM "http://cobertura.sourceforge.net/xml/coverage-04.dtd">
<coverage line-rate="1" branch-rate="1" lines-covered="1792" lines-valid="1792" branches-covered="84" branches-valid="84" complexity="415" version="0" timestamp="1755332907">
  <sources>
    <source>c:\</source>
  </sources>
  <packages>
    <package name="EventLogHelper" line-rate="1" branch-rate="1" complexity="415">
      <classes>
        <class name="EventLogHelper.SmartEventLogger" filename="c:\agent\_work\12\s\Code\EventLogHelper\EventLogHelper\SmartEventLogger.vb" line-rate="1" branch-rate="1" complexity="415">
          <methods>
            <method name="SetWriter" signature="(EventLogHelper.IEventLogWriter)" line-rate="1" branch-rate="1" complexity="1">
              <lines>
                <line number="61" hits="220" branch="false" />
                <line number="63" hits="440" branch="false" />
                <line number="65" hits="440" branch="false" />
              </lines>
            </method>
            <method name="SetRegistryReader" signature="(EventLogHelper.IRegistryReader)" line-rate="1" branch-rate="1" complexity="1">
              <lines>
                <line number="80" hits="24" branch="false" />
                <line number="82" hits="48" branch="false" />
                <line number="84" hits="48" branch="false" />
              </lines>
            </method>
            <method name="Initialize" signature="()" line-rate="1" branch-rate="1" complexity="8">
              <lines>
                <line number="109" hits="3578" branch="false" />
                <line number="111" hits="10722" branch="true" condition-coverage="100% (4/4)" />
                <line number="112" hits="24" branch="false" />
                <line number="113" hits="36" branch="false" />
                <line number="114" hits="12" branch="false" />
                <line number="115" hits="24" branch="true" condition-coverage="100% (2/2)" />
                <line number="116" hits="24" branch="false" />
                <line number="117" hits="24" branch="false" />
                <line number="118" hits="24" branch="false" />
                <line number="119" hits="24" branch="false" />
                <line number="120" hits="24" branch="false" />
                <line number="121" hits="24" branch="false" />
                <line number="122" hits="24" branch="false" />
                <line number="123" hits="24" branch="false" />
                <line number="124" hits="24" branch="false" />
                <line number="125" hits="24" branch="false" />
                <line number="126" hits="24" branch="false" />
                <line number="128" hits="24" branch="false" />
                <line number="129" hits="36" branch="false" />
                <line number="130" hits="12" branch="false" />
                <line number="131" hits="24" branch="true" condition-coverage="100% (2/2)" />
                <line number="132" hits="12" branch="true" condition-coverage="100% (2/2)" />
                <line number="133" hits="36" branch="false" />
                <line number="135" hits="7156" branch="false" />
              </lines>
            </method>
            <method name="InitializeConfiguration" signature="()" line-rate="1" branch-rate="1" complexity="1">
              <lines>
                <line number="245" hits="8" branch="false" />
                <line number="247" hits="16" branch="false" />
                <line number="249" hits="16" branch="false" />
              </lines>
            </method>
            <method name="get_MachineName" signature="()" line-rate="1" branch-rate="1" complexity="1">
              <lines>
                <line number="312" hits="360" branch="false" />
                <line number="314" hits="720" branch="false" />
                <line number="315" hits="720" branch="false" />
                <line number="317" hits="720" branch="false" />
              </lines>
            </method>
            <method name="set_MachineName" signature="(System.String)" line-rate="1" branch-rate="1" complexity="1">
              <lines>
                <line number="318" hits="40" branch="false" />
                <line number="320" hits="80" branch="false" />
                <line number="321" hits="80" branch="false" />
                <line number="323" hits="80" branch="false" />
              </lines>
            </method>
            <method name="get_LogName" signature="()" line-rate="1" branch-rate="1" complexity="1">
              <lines>
                <line number="335" hits="160" branch="false" />
                <line number="337" hits="320" branch="false" />
                <line number="338" hits="320" branch="false" />
                <line number="340" hits="320" branch="false" />
              </lines>
            </method>
            <method name="set_LogName" signature="(System.String)" line-rate="1" branch-rate="1" complexity="1">
              <lines>
                <line number="341" hits="16" branch="false" />
                <line number="343" hits="32" branch="false" />
                <line number="344" hits="32" branch="false" />
                <line number="346" hits="32" branch="false" />
              </lines>
            </method>
            <method name="get_SourceName" signature="()" line-rate="1" branch-rate="1" complexity="1">
              <lines>
                <line number="358" hits="140" branch="false" />
                <line number="360" hits="280" branch="false" />
                <line number="361" hits="280" branch="false" />
                <line number="363" hits="280" branch="false" />
              </lines>
            </method>
            <method name="set_SourceName" signature="(System.String)" line-rate="1" branch-rate="1" complexity="1">
              <lines>
                <line number="364" hits="28" branch="false" />
                <line number="366" hits="56" branch="false" />
                <line number="367" hits="56" branch="false" />
                <line number="369" hits="56" branch="false" />
              </lines>
            </method>
            <method name="get_MaxKilobytes" signature="()" line-rate="1" branch-rate="1" complexity="1">
              <lines>
                <line number="384" hits="216" branch="false" />
                <line number="386" hits="432" branch="false" />
                <line number="387" hits="432" branch="false" />
                <line number="389" hits="432" branch="false" />
              </lines>
            </method>
            <method name="set_MaxKilobytes" signature="(System.Int32)" line-rate="1" branch-rate="1" complexity="1">
              <lines>
                <line number="390" hits="16" branch="false" />
                <line number="392" hits="32" branch="false" />
                <line number="393" hits="32" branch="false" />
                <line number="395" hits="32" branch="false" />
              </lines>
            </method>
            <method name="get_RetentionDays" signature="()" line-rate="1" branch-rate="1" complexity="1">
              <lines>
                <line number="410" hits="220" branch="false" />
                <line number="412" hits="440" branch="false" />
                <line number="413" hits="440" branch="false" />
                <line number="415" hits="440" branch="false" />
              </lines>
            </method>
            <method name="set_RetentionDays" signature="(System.Int32)" line-rate="1" branch-rate="1" complexity="1">
              <lines>
                <line number="416" hits="16" branch="false" />
                <line number="418" hits="32" branch="false" />
                <line number="419" hits="32" branch="false" />
                <line number="421" hits="32" branch="false" />
              </lines>
            </method>
            <method name="get_WriteInitEntry" signature="()" line-rate="1" branch-rate="1" complexity="1">
              <lines>
                <line number="433" hits="228" branch="false" />
                <line number="435" hits="456" branch="false" />
                <line number="436" hits="456" branch="false" />
                <line number="438" hits="456" branch="false" />
              </lines>
            </method>
            <method name="set_WriteInitEntry" signature="(System.Boolean)" line-rate="1" branch-rate="1" complexity="1">
              <lines>
                <line number="439" hits="16" branch="false" />
                <line number="441" hits="32" branch="false" />
                <line number="442" hits="32" branch="false" />
                <line number="444" hits="32" branch="false" />
              </lines>
            </method>
            <method name="get_TruncationMarker" signature="()" line-rate="1" branch-rate="1" complexity="1">
              <lines>
                <line number="456" hits="338" branch="false" />
                <line number="458" hits="676" branch="false" />
                <line number="459" hits="676" branch="false" />
                <line number="461" hits="676" branch="false" />
              </lines>
            </method>
            <method name="set_TruncationMarker" signature="(System.String)" line-rate="1" branch-rate="1" complexity="1">
              <lines>
                <line number="462" hits="20" branch="false" />
                <line number="464" hits="40" branch="false" />
                <line number="465" hits="40" branch="false" />
                <line number="467" hits="40" branch="false" />
              </lines>
            </method>
            <method name="get_ContinuationMarker" signature="()" line-rate="1" branch-rate="1" complexity="1">
              <lines>
                <line number="489" hits="20" branch="false" />
                <line number="491" hits="40" branch="false" />
                <line number="492" hits="40" branch="false" />
                <line number="494" hits="40" branch="false" />
              </lines>
            </method>
            <method name="set_ContinuationMarker" signature="(System.String)" line-rate="1" branch-rate="1" complexity="1">
              <lines>
                <line number="495" hits="20" branch="false" />
                <line number="497" hits="40" branch="false" />
                <line number="498" hits="40" branch="false" />
                <line number="500" hits="40" branch="false" />
              </lines>
            </method>
            <method name="get_AllowMultiEntryMessages" signature="()" line-rate="1" branch-rate="1" complexity="1">
              <lines>
                <line number="523" hits="220" branch="false" />
                <line number="525" hits="440" branch="false" />
                <line number="526" hits="440" branch="false" />
                <line number="528" hits="440" branch="false" />
              </lines>
            </method>
            <method name="set_AllowMultiEntryMessages" signature="(System.Boolean)" line-rate="1" branch-rate="1" complexity="1">
              <lines>
                <line number="529" hits="28" branch="false" />
                <line number="531" hits="56" branch="false" />
                <line number="532" hits="56" branch="false" />
                <line number="534" hits="56" branch="false" />
              </lines>
            </method>
            <method name="get_IsInitialized" signature="()" line-rate="1" branch-rate="1" complexity="1">
              <lines>
                <line number="546" hits="4" branch="false" />
                <line number="547" hits="8" branch="false" />
                <line number="549" hits="8" branch="false" />
              </lines>
            </method>
            <method name="get_CurrentLoggingLevel" signature="()" line-rate="1" branch-rate="1" complexity="1">
              <lines>
                <line number="561" hits="268" branch="false" />
                <line number="563" hits="536" branch="false" />
                <line number="564" hits="536" branch="false" />
                <line number="566" hits="536" branch="false" />
              </lines>
            </method>
            <method name="set_CurrentLoggingLevel" signature="(EventLogHelper.LoggingLevel)" line-rate="1" branch-rate="1" complexity="1">
              <lines>
                <line number="567" hits="92" branch="false" />
                <line number="569" hits="184" branch="false" />
                <line number="570" hits="184" branch="false" />
                <line number="572" hits="184" branch="false" />
              </lines>
            </method>
            <method name="get_LoggingSeverity" signature="()" line-rate="1" branch-rate="1" complexity="1">
              <lines>
                <line number="584" hits="100" branch="false" />
                <line number="586" hits="200" branch="false" />
                <line number="587" hits="200" branch="false" />
                <line number="589" hits="200" branch="false" />
              </lines>
            </method>
            <method name="set_LoggingSeverity" signature="(EventLogHelper.LoggingSeverity)" line-rate="1" branch-rate="1" complexity="1">
              <lines>
                <line number="590" hits="12" branch="false" />
                <line number="592" hits="24" branch="false" />
                <line number="593" hits="24" branch="false" />
                <line number="595" hits="24" branch="false" />
              </lines>
            </method>
            <method name="Log" signature="(System.String)" line-rate="1" branch-rate="1" complexity="1">
              <lines>
                <line number="624" hits="4" branch="false" />
                <line number="625" hits="4" branch="false" />
                <line number="627" hits="8" branch="false" />
                <line number="628" hits="8" branch="false" />
                <line number="629" hits="8" branch="false" />
                <line number="631" hits="8" branch="false" />
              </lines>
            </method>
            <method name="Log" signature="(System.String,EventLogHelper.LoggingSeverity)" line-rate="1" branch-rate="1" complexity="1">
              <lines>
                <line number="659" hits="20" branch="false" />
                <line number="660" hits="20" branch="false" />
                <line number="661" hits="20" branch="false" />
                <line number="663" hits="40" branch="false" />
                <line number="664" hits="40" branch="false" />
                <line number="665" hits="40" branch="false" />
                <line number="666" hits="40" branch="false" />
                <line number="668" hits="40" branch="false" />
              </lines>
            </method>
            <method name="Log" signature="(System.String,System.String)" line-rate="1" branch-rate="1" complexity="1">
              <lines>
                <line number="695" hits="4" branch="false" />
                <line number="696" hits="4" branch="false" />
                <line number="697" hits="4" branch="false" />
                <line number="699" hits="8" branch="false" />
                <line number="700" hits="8" branch="false" />
                <line number="701" hits="8" branch="false" />
                <line number="703" hits="8" branch="false" />
              </lines>
            </method>
            <method name="Log" signature="(System.String,System.String,EventLogHelper.LoggingSeverity)" line-rate="1" branch-rate="1" complexity="1">
              <lines>
                <line number="735" hits="4" branch="false" />
                <line number="736" hits="4" branch="false" />
                <line number="737" hits="4" branch="false" />
                <line number="738" hits="4" branch="false" />
                <line number="740" hits="8" branch="false" />
                <line number="741" hits="8" branch="false" />
                <line number="742" hits="8" branch="false" />
                <line number="743" hits="8" branch="false" />
                <line number="745" hits="8" branch="false" />
              </lines>
            </method>
            <method name="Log" signature="(System.String,System.Diagnostics.EventLogEntryType)" line-rate="1" branch-rate="1" complexity="1">
              <lines>
                <line number="772" hits="4" branch="false" />
                <line number="773" hits="4" branch="false" />
                <line number="774" hits="4" branch="false" />
                <line number="776" hits="8" branch="false" />
                <line number="777" hits="8" branch="false" />
                <line number="778" hits="8" branch="false" />
                <line number="780" hits="8" branch="false" />
              </lines>
            </method>
            <method name="Log" signature="(System.String,System.Diagnostics.EventLogEntryType,EventLogHelper.LoggingSeverity)" line-rate="1" branch-rate="1" complexity="1">
              <lines>
                <line number="812" hits="4" branch="false" />
                <line number="813" hits="4" branch="false" />
                <line number="814" hits="4" branch="false" />
                <line number="815" hits="4" branch="false" />
                <line number="817" hits="8" branch="false" />
                <line number="818" hits="8" branch="false" />
                <line number="819" hits="8" branch="false" />
                <line number="820" hits="8" branch="false" />
                <line number="822" hits="8" branch="false" />
              </lines>
            </method>
            <method name="Log" signature="(System.String,System.String,System.String)" line-rate="1" branch-rate="1" complexity="1">
              <lines>
                <line number="853" hits="12" branch="false" />
                <line number="854" hits="12" branch="false" />
                <line number="855" hits="12" branch="false" />
                <line number="856" hits="12" branch="false" />
                <line number="858" hits="24" branch="false" />
                <line number="859" hits="24" branch="false" />
                <line number="860" hits="24" branch="false" />
                <line number="861" hits="24" branch="false" />
                <line number="863" hits="24" branch="false" />
              </lines>
            </method>
            <method name="Log" signature="(System.String,System.String,System.String,EventLogHelper.LoggingSeverity)" line-rate="1" branch-rate="1" complexity="1">
              <lines>
                <line number="899" hits="24" branch="false" />
                <line number="900" hits="24" branch="false" />
                <line number="901" hits="24" branch="false" />
                <line number="902" hits="24" branch="false" />
                <line number="903" hits="24" branch="false" />
                <line number="905" hits="48" branch="false" />
                <line number="906" hits="48" branch="false" />
                <line number="907" hits="48" branch="false" />
                <line number="908" hits="48" branch="false" />
                <line number="909" hits="48" branch="false" />
                <line number="911" hits="48" branch="false" />
              </lines>
            </method>
            <method name="Log" signature="(System.String,System.String,System.Diagnostics.EventLogEntryType)" line-rate="1" branch-rate="1" complexity="1">
              <lines>
                <line number="942" hits="8" branch="false" />
                <line number="943" hits="8" branch="false" />
                <line number="944" hits="8" branch="false" />
                <line number="945" hits="8" branch="false" />
                <line number="947" hits="16" branch="false" />
                <line number="948" hits="16" branch="false" />
                <line number="949" hits="16" branch="false" />
                <line number="950" hits="16" branch="false" />
                <line number="952" hits="16" branch="false" />
              </lines>
            </method>
            <method name="Log" signature="(System.String,System.String,System.Diagnostics.EventLogEntryType,EventLogHelper.LoggingSeverity)" line-rate="1" branch-rate="1" complexity="1">
              <lines>
                <line number="988" hits="4" branch="false" />
                <line number="989" hits="4" branch="false" />
                <line number="990" hits="4" branch="false" />
                <line number="991" hits="4" branch="false" />
                <line number="992" hits="4" branch="false" />
                <line number="994" hits="8" branch="false" />
                <line number="995" hits="8" branch="false" />
                <line number="996" hits="8" branch="false" />
                <line number="997" hits="8" branch="false" />
                <line number="998" hits="8" branch="false" />
                <line number="1000" hits="8" branch="false" />
              </lines>
            </method>
            <method name="Log" signature="(System.String,System.String,System.String,System.Diagnostics.EventLogEntryType)" line-rate="1" branch-rate="1" complexity="1">
              <lines>
                <line number="1035" hits="24" branch="false" />
                <line number="1036" hits="24" branch="false" />
                <line number="1037" hits="24" branch="false" />
                <line number="1038" hits="24" branch="false" />
                <line number="1039" hits="24" branch="false" />
                <line number="1041" hits="48" branch="false" />
                <line number="1042" hits="48" branch="false" />
                <line number="1043" hits="48" branch="false" />
                <line number="1044" hits="48" branch="false" />
                <line number="1045" hits="48" branch="false" />
                <line number="1047" hits="48" branch="false" />
              </lines>
            </method>
            <method name="Log" signature="(System.String,System.String,System.String,System.Diagnostics.EventLogEntryType,EventLogHelper.LoggingSeverity)" line-rate="1" branch-rate="1" complexity="1">
              <lines>
                <line number="1087" hits="28" branch="false" />
                <line number="1088" hits="28" branch="false" />
                <line number="1089" hits="28" branch="false" />
                <line number="1090" hits="28" branch="false" />
                <line number="1091" hits="28" branch="false" />
                <line number="1092" hits="28" branch="false" />
                <line number="1094" hits="56" branch="false" />
                <line number="1095" hits="56" branch="false" />
                <line number="1096" hits="56" branch="false" />
                <line number="1097" hits="56" branch="false" />
                <line number="1098" hits="56" branch="false" />
                <line number="1099" hits="56" branch="false" />
                <line number="1101" hits="56" branch="false" />
              </lines>
            </method>
            <method name="Log" signature="(System.String,System.Diagnostics.EventLogEntryType,System.Int32)" line-rate="1" branch-rate="1" complexity="1">
              <lines>
                <line number="1131" hits="4" branch="false" />
                <line number="1132" hits="4" branch="false" />
                <line number="1133" hits="4" branch="false" />
                <line number="1134" hits="4" branch="false" />
                <line number="1136" hits="8" branch="false" />
                <line number="1137" hits="8" branch="false" />
                <line number="1138" hits="8" branch="false" />
                <line number="1139" hits="8" branch="false" />
                <line number="1141" hits="8" branch="false" />
              </lines>
            </method>
            <method name="Log" signature="(System.String,System.Diagnostics.EventLogEntryType,System.Int32,EventLogHelper.LoggingSeverity)" line-rate="1" branch-rate="1" complexity="1">
              <lines>
                <line number="1176" hits="4" branch="false" />
                <line number="1177" hits="4" branch="false" />
                <line number="1178" hits="4" branch="false" />
                <line number="1179" hits="4" branch="false" />
                <line number="1180" hits="4" branch="false" />
                <line number="1182" hits="8" branch="false" />
                <line number="1183" hits="8" branch="false" />
                <line number="1184" hits="8" branch="false" />
                <line number="1185" hits="8" branch="false" />
                <line number="1186" hits="8" branch="false" />
                <line number="1188" hits="8" branch="false" />
              </lines>
            </method>
            <method name="Log" signature="(System.String,System.String,System.Diagnostics.EventLogEntryType,System.Int32)" line-rate="1" branch-rate="1" complexity="1">
              <lines>
                <line number="1222" hits="4" branch="false" />
                <line number="1223" hits="4" branch="false" />
                <line number="1224" hits="4" branch="false" />
                <line number="1225" hits="4" branch="false" />
                <line number="1226" hits="4" branch="false" />
                <line number="1228" hits="8" branch="false" />
                <line number="1229" hits="8" branch="false" />
                <line number="1230" hits="8" branch="false" />
                <line number="1231" hits="8" branch="false" />
                <line number="1232" hits="8" branch="false" />
                <line number="1234" hits="8" branch="false" />
              </lines>
            </method>
            <method name="Log" signature="(System.String,System.String,System.Diagnostics.EventLogEntryType,System.Int32,EventLogHelper.LoggingSeverity)" line-rate="1" branch-rate="1" complexity="1">
              <lines>
                <line number="1273" hits="4" branch="false" />
                <line number="1274" hits="4" branch="false" />
                <line number="1275" hits="4" branch="false" />
                <line number="1276" hits="4" branch="false" />
                <line number="1277" hits="4" branch="false" />
                <line number="1278" hits="4" branch="false" />
                <line number="1280" hits="8" branch="false" />
                <line number="1281" hits="8" branch="false" />
                <line number="1282" hits="8" branch="false" />
                <line number="1283" hits="8" branch="false" />
                <line number="1284" hits="8" branch="false" />
                <line number="1285" hits="8" branch="false" />
                <line number="1287" hits="8" branch="false" />
              </lines>
            </method>
            <method name="Log" signature="(System.String,System.String,System.String,System.Diagnostics.EventLogEntryType,System.Int32)" line-rate="1" branch-rate="1" complexity="1">
              <lines>
                <line number="1325" hits="32" branch="false" />
                <line number="1326" hits="32" branch="false" />
                <line number="1327" hits="32" branch="false" />
                <line number="1328" hits="32" branch="false" />
                <line number="1329" hits="32" branch="false" />
                <line number="1330" hits="32" branch="false" />
                <line number="1332" hits="64" branch="false" />
                <line number="1333" hits="64" branch="false" />
                <line number="1334" hits="64" branch="false" />
                <line number="1335" hits="64" branch="false" />
                <line number="1336" hits="64" branch="false" />
                <line number="1337" hits="64" branch="false" />
                <line number="1339" hits="64" branch="false" />
              </lines>
            </method>
            <method name="Log" signature="(System.String,System.String,System.String,System.Diagnostics.EventLogEntryType,System.Int32,EventLogHelper.LoggingSeverity)" line-rate="1" branch-rate="1" complexity="1">
              <lines>
                <line number="1382" hits="64" branch="false" />
                <line number="1383" hits="64" branch="false" />
                <line number="1384" hits="64" branch="false" />
                <line number="1385" hits="64" branch="false" />
                <line number="1386" hits="64" branch="false" />
                <line number="1387" hits="64" branch="false" />
                <line number="1388" hits="64" branch="false" />
                <line number="1390" hits="128" branch="false" />
                <line number="1391" hits="128" branch="false" />
                <line number="1392" hits="128" branch="false" />
                <line number="1393" hits="128" branch="false" />
                <line number="1394" hits="128" branch="false" />
                <line number="1395" hits="128" branch="false" />
                <line number="1396" hits="128" branch="false" />
                <line number="1398" hits="128" branch="false" />
              </lines>
            </method>
            <method name="Log" signature="(System.String,System.Diagnostics.EventLogEntryType,System.Int32,System.Int16)" line-rate="1" branch-rate="1" complexity="1">
              <lines>
                <line number="1431" hits="4" branch="false" />
                <line number="1432" hits="4" branch="false" />
                <line number="1433" hits="4" branch="false" />
                <line number="1434" hits="4" branch="false" />
                <line number="1435" hits="4" branch="false" />
                <line number="1437" hits="8" branch="false" />
                <line number="1438" hits="8" branch="false" />
                <line number="1439" hits="8" branch="false" />
                <line number="1440" hits="8" branch="false" />
                <line number="1441" hits="8" branch="false" />
                <line number="1443" hits="8" branch="false" />
              </lines>
            </method>
            <method name="Log" signature="(System.String,System.Diagnostics.EventLogEntryType,System.Int32,System.Int16,EventLogHelper.LoggingSeverity)" line-rate="1" branch-rate="1" complexity="1">
              <lines>
                <line number="1481" hits="4" branch="false" />
                <line number="1482" hits="4" branch="false" />
                <line number="1483" hits="4" branch="false" />
                <line number="1484" hits="4" branch="false" />
                <line number="1485" hits="4" branch="false" />
                <line number="1486" hits="4" branch="false" />
                <line number="1488" hits="8" branch="false" />
                <line number="1489" hits="8" branch="false" />
                <line number="1490" hits="8" branch="false" />
                <line number="1491" hits="8" branch="false" />
                <line number="1492" hits="8" branch="false" />
                <line number="1493" hits="8" branch="false" />
                <line number="1495" hits="8" branch="false" />
              </lines>
            </method>
            <method name="Log" signature="(System.String,System.String,System.Diagnostics.EventLogEntryType,System.Int32,System.Int16)" line-rate="1" branch-rate="1" complexity="1">
              <lines>
                <line number="1532" hits="8" branch="false" />
                <line number="1533" hits="8" branch="false" />
                <line number="1534" hits="8" branch="false" />
                <line number="1535" hits="8" branch="false" />
                <line number="1536" hits="8" branch="false" />
                <line number="1537" hits="8" branch="false" />
                <line number="1539" hits="16" branch="false" />
                <line number="1540" hits="16" branch="false" />
                <line number="1541" hits="16" branch="false" />
                <line number="1542" hits="16" branch="false" />
                <line number="1543" hits="16" branch="false" />
                <line number="1544" hits="16" branch="false" />
                <line number="1546" hits="16" branch="false" />
              </lines>
            </method>
            <method name="Log" signature="(System.String,System.String,System.Diagnostics.EventLogEntryType,System.Int32,System.Int16,EventLogHelper.LoggingSeverity)" line-rate="1" branch-rate="1" complexity="1">
              <lines>
                <line number="1588" hits="4" branch="false" />
                <line number="1589" hits="4" branch="false" />
                <line number="1590" hits="4" branch="false" />
                <line number="1591" hits="4" branch="false" />
                <line number="1592" hits="4" branch="false" />
                <line number="1593" hits="4" branch="false" />
                <line number="1594" hits="4" branch="false" />
                <line number="1596" hits="8" branch="false" />
                <line number="1597" hits="8" branch="false" />
                <line number="1598" hits="8" branch="false" />
                <line number="1599" hits="8" branch="false" />
                <line number="1600" hits="8" branch="false" />
                <line number="1601" hits="8" branch="false" />
                <line number="1602" hits="8" branch="false" />
                <line number="1604" hits="8" branch="false" />
              </lines>
            </method>
            <method name="Log" signature="(System.String,System.String,System.String,System.Diagnostics.EventLogEntryType,System.Int32,System.Int16)" line-rate="1" branch-rate="1" complexity="1">
              <lines>
                <line number="1645" hits="12" branch="false" />
                <line number="1646" hits="12" branch="false" />
                <line number="1647" hits="12" branch="false" />
                <line number="1648" hits="12" branch="false" />
                <line number="1649" hits="12" branch="false" />
                <line number="1650" hits="12" branch="false" />
                <line number="1651" hits="12" branch="false" />
                <line number="1653" hits="24" branch="false" />
                <line number="1654" hits="24" branch="false" />
                <line number="1655" hits="24" branch="false" />
                <line number="1656" hits="24" branch="false" />
                <line number="1657" hits="24" branch="false" />
                <line number="1658" hits="24" branch="false" />
                <line number="1659" hits="24" branch="false" />
                <line number="1660" hits="24" branch="false" />
                <line number="1662" hits="24" branch="false" />
              </lines>
            </method>
            <method name="Log" signature="(System.String,System.String,System.String,System.Diagnostics.EventLogEntryType,System.Int32,System.Int16,EventLogHelper.LoggingSeverity)" line-rate="1" branch-rate="1" complexity="1">
              <lines>
                <line number="1708" hits="68" branch="false" />
                <line number="1709" hits="68" branch="false" />
                <line number="1710" hits="68" branch="false" />
                <line number="1711" hits="68" branch="false" />
                <line number="1712" hits="68" branch="false" />
                <line number="1713" hits="68" branch="false" />
                <line number="1714" hits="68" branch="false" />
                <line number="1715" hits="68" branch="false" />
                <line number="1717" hits="136" branch="false" />
                <line number="1718" hits="136" branch="false" />
                <line number="1719" hits="136" branch="false" />
                <line number="1720" hits="136" branch="false" />
                <line number="1721" hits="136" branch="false" />
                <line number="1722" hits="136" branch="false" />
                <line number="1723" hits="136" branch="false" />
                <line number="1724" hits="136" branch="false" />
                <line number="1725" hits="136" branch="false" />
                <line number="1727" hits="136" branch="false" />
              </lines>
            </method>
            <method name="Log" signature="(System.String,System.Byte[])" line-rate="1" branch-rate="1" complexity="1">
              <lines>
                <line number="1753" hits="4" branch="false" />
                <line number="1754" hits="4" branch="false" />
                <line number="1755" hits="4" branch="false" />
                <line number="1757" hits="8" branch="false" />
                <line number="1758" hits="8" branch="false" />
                <line number="1759" hits="8" branch="false" />
                <line number="1761" hits="8" branch="false" />
              </lines>
            </method>
            <method name="Log" signature="(System.String,System.Byte[],EventLogHelper.LoggingSeverity)" line-rate="1" branch-rate="1" complexity="1">
              <lines>
                <line number="1792" hits="4" branch="false" />
                <line number="1793" hits="4" branch="false" />
                <line number="1794" hits="4" branch="false" />
                <line number="1795" hits="4" branch="false" />
                <line number="1797" hits="8" branch="false" />
                <line number="1798" hits="8" branch="false" />
                <line number="1799" hits="8" branch="false" />
                <line number="1800" hits="8" branch="false" />
                <line number="1802" hits="8" branch="false" />
              </lines>
            </method>
            <method name="Log" signature="(System.String,System.Diagnostics.EventLogEntryType,System.Byte[])" line-rate="1" branch-rate="1" complexity="1">
              <lines>
                <line number="1832" hits="8" branch="false" />
                <line number="1833" hits="8" branch="false" />
                <line number="1834" hits="8" branch="false" />
                <line number="1835" hits="8" branch="false" />
                <line number="1837" hits="16" branch="false" />
                <line number="1838" hits="16" branch="false" />
                <line number="1839" hits="16" branch="false" />
                <line number="1840" hits="16" branch="false" />
                <line number="1842" hits="16" branch="false" />
              </lines>
            </method>
            <method name="Log" signature="(System.String,System.Diagnostics.EventLogEntryType,System.Byte[],EventLogHelper.LoggingSeverity)" line-rate="1" branch-rate="1" complexity="1">
              <lines>
                <line number="1877" hits="4" branch="false" />
                <line number="1878" hits="4" branch="false" />
                <line number="1879" hits="4" branch="false" />
                <line number="1880" hits="4" branch="false" />
                <line number="1881" hits="4" branch="false" />
                <line number="1883" hits="8" branch="false" />
                <line number="1884" hits="8" branch="false" />
                <line number="1885" hits="8" branch="false" />
                <line number="1886" hits="8" branch="false" />
                <line number="1887" hits="8" branch="false" />
                <line number="1889" hits="8" branch="false" />
              </lines>
            </method>
            <method name="Log" signature="(System.String,System.Diagnostics.EventLogEntryType,System.Int32,System.Byte[])" line-rate="1" branch-rate="1" complexity="1">
              <lines>
                <line number="1922" hits="12" branch="false" />
                <line number="1923" hits="12" branch="false" />
                <line number="1924" hits="12" branch="false" />
                <line number="1925" hits="12" branch="false" />
                <line number="1926" hits="12" branch="false" />
                <line number="1928" hits="24" branch="false" />
                <line number="1929" hits="24" branch="false" />
                <line number="1930" hits="24" branch="false" />
                <line number="1931" hits="24" branch="false" />
                <line number="1932" hits="24" branch="false" />
                <line number="1934" hits="24" branch="false" />
              </lines>
            </method>
            <method name="Log" signature="(System.String,System.Diagnostics.EventLogEntryType,System.Int32,System.Byte[],EventLogHelper.LoggingSeverity)" line-rate="1" branch-rate="1" complexity="1">
              <lines>
                <line number="1972" hits="4" branch="false" />
                <line number="1973" hits="4" branch="false" />
                <line number="1974" hits="4" branch="false" />
                <line number="1975" hits="4" branch="false" />
                <line number="1976" hits="4" branch="false" />
                <line number="1977" hits="4" branch="false" />
                <line number="1979" hits="8" branch="false" />
                <line number="1980" hits="8" branch="false" />
                <line number="1981" hits="8" branch="false" />
                <line number="1982" hits="8" branch="false" />
                <line number="1983" hits="8" branch="false" />
                <line number="1984" hits="8" branch="false" />
                <line number="1986" hits="8" branch="false" />
              </lines>
            </method>
            <method name="Log" signature="(System.String,System.Diagnostics.EventLogEntryType,System.Int32,System.Int16,System.Byte[])" line-rate="1" branch-rate="1" complexity="1">
              <lines>
                <line number="2022" hits="16" branch="false" />
                <line number="2023" hits="16" branch="false" />
                <line number="2024" hits="16" branch="false" />
                <line number="2025" hits="16" branch="false" />
                <line number="2026" hits="16" branch="false" />
                <line number="2027" hits="16" branch="false" />
                <line number="2029" hits="32" branch="false" />
                <line number="2030" hits="32" branch="false" />
                <line number="2031" hits="32" branch="false" />
                <line number="2032" hits="32" branch="false" />
                <line number="2033" hits="32" branch="false" />
                <line number="2034" hits="32" branch="false" />
                <line number="2035" hits="32" branch="false" />
                <line number="2036" hits="32" branch="false" />
                <line number="2038" hits="32" branch="false" />
              </lines>
            </method>
            <method name="Log" signature="(System.String,System.Diagnostics.EventLogEntryType,System.Int32,System.Int16,System.Byte[],EventLogHelper.LoggingSeverity)" line-rate="1" branch-rate="1" complexity="1">
              <lines>
                <line number="2079" hits="4" branch="false" />
                <line number="2080" hits="4" branch="false" />
                <line number="2081" hits="4" branch="false" />
                <line number="2082" hits="4" branch="false" />
                <line number="2083" hits="4" branch="false" />
                <line number="2084" hits="4" branch="false" />
                <line number="2085" hits="4" branch="false" />
                <line number="2087" hits="8" branch="false" />
                <line number="2088" hits="8" branch="false" />
                <line number="2089" hits="8" branch="false" />
                <line number="2090" hits="8" branch="false" />
                <line number="2091" hits="8" branch="false" />
                <line number="2092" hits="8" branch="false" />
                <line number="2093" hits="8" branch="false" />
                <line number="2094" hits="8" branch="false" />
                <line number="2095" hits="8" branch="false" />
                <line number="2097" hits="8" branch="false" />
              </lines>
            </method>
            <method name="Log" signature="(System.String,System.String,System.Diagnostics.EventLogEntryType,System.Int32,System.Int16,System.Byte[])" line-rate="1" branch-rate="1" complexity="1">
              <lines>
                <line number="2137" hits="4" branch="false" />
                <line number="2138" hits="4" branch="false" />
                <line number="2139" hits="4" branch="false" />
                <line number="2140" hits="4" branch="false" />
                <line number="2141" hits="4" branch="false" />
                <line number="2142" hits="4" branch="false" />
                <line number="2143" hits="4" branch="false" />
                <line number="2145" hits="8" branch="false" />
                <line number="2146" hits="8" branch="false" />
                <line number="2147" hits="8" branch="false" />
                <line number="2148" hits="8" branch="false" />
                <line number="2149" hits="8" branch="false" />
                <line number="2150" hits="8" branch="false" />
                <line number="2151" hits="8" branch="false" />
                <line number="2152" hits="8" branch="false" />
                <line number="2154" hits="8" branch="false" />
              </lines>
            </method>
            <method name="Log" signature="(System.String,System.String,System.Diagnostics.EventLogEntryType,System.Int32,System.Int16,System.Byte[],EventLogHelper.LoggingSeverity)" line-rate="1" branch-rate="1" complexity="1">
              <lines>
                <line number="2199" hits="4" branch="false" />
                <line number="2200" hits="4" branch="false" />
                <line number="2201" hits="4" branch="false" />
                <line number="2202" hits="4" branch="false" />
                <line number="2203" hits="4" branch="false" />
                <line number="2204" hits="4" branch="false" />
                <line number="2205" hits="4" branch="false" />
                <line number="2206" hits="4" branch="false" />
                <line number="2208" hits="8" branch="false" />
                <line number="2209" hits="8" branch="false" />
                <line number="2210" hits="8" branch="false" />
                <line number="2211" hits="8" branch="false" />
                <line number="2212" hits="8" branch="false" />
                <line number="2213" hits="8" branch="false" />
                <line number="2214" hits="8" branch="false" />
                <line number="2215" hits="8" branch="false" />
                <line number="2216" hits="8" branch="false" />
                <line number="2218" hits="8" branch="false" />
              </lines>
            </method>
            <method name="Log" signature="(System.String,System.String,System.String,System.Diagnostics.EventLogEntryType,System.Int32,System.Int16,System.Byte[])" line-rate="1" branch-rate="1" complexity="1">
              <lines>
                <line number="2262" hits="32" branch="false" />
                <line number="2263" hits="32" branch="false" />
                <line number="2264" hits="32" branch="false" />
                <line number="2265" hits="32" branch="false" />
                <line number="2266" hits="32" branch="false" />
                <line number="2267" hits="32" branch="false" />
                <line number="2268" hits="32" branch="false" />
                <line number="2269" hits="32" branch="false" />
                <line number="2271" hits="64" branch="false" />
                <line number="2272" hits="64" branch="false" />
                <line number="2273" hits="64" branch="false" />
                <line number="2274" hits="64" branch="false" />
                <line number="2275" hits="64" branch="false" />
                <line number="2276" hits="64" branch="false" />
                <line number="2277" hits="64" branch="false" />
                <line number="2278" hits="64" branch="false" />
                <line number="2279" hits="64" branch="false" />
                <line number="2281" hits="64" branch="false" />
              </lines>
            </method>
            <method name="Log" signature="(System.String,System.String,System.String,System.Diagnostics.EventLogEntryType,System.Int32,System.Int16,System.Byte[],EventLogHelper.LoggingSeverity)" line-rate="1" branch-rate="1" complexity="1">
              <lines>
                <line number="2330" hits="4" branch="false" />
                <line number="2331" hits="4" branch="false" />
                <line number="2332" hits="4" branch="false" />
                <line number="2333" hits="4" branch="false" />
                <line number="2334" hits="4" branch="false" />
                <line number="2335" hits="4" branch="false" />
                <line number="2336" hits="4" branch="false" />
                <line number="2337" hits="4" branch="false" />
                <line number="2338" hits="4" branch="false" />
                <line number="2340" hits="8" branch="false" />
                <line number="2341" hits="8" branch="false" />
                <line number="2342" hits="8" branch="false" />
                <line number="2343" hits="8" branch="false" />
                <line number="2344" hits="8" branch="false" />
                <line number="2345" hits="8" branch="false" />
                <line number="2346" hits="8" branch="false" />
                <line number="2347" hits="8" branch="false" />
                <line number="2348" hits="8" branch="false" />
                <line number="2349" hits="8" branch="false" />
                <line number="2351" hits="8" branch="false" />
              </lines>
            </method>
            <method name="Log" signature="(System.String,System.String,System.String,System.String,System.Diagnostics.EventLogEntryType,System.Int32,System.Int16,System.Byte[])" line-rate="1" branch-rate="1" complexity="1">
              <lines>
                <line number="2395" hits="64" branch="false" />
                <line number="2396" hits="64" branch="false" />
                <line number="2397" hits="64" branch="false" />
                <line number="2398" hits="64" branch="false" />
                <line number="2399" hits="64" branch="false" />
                <line number="2400" hits="64" branch="false" />
                <line number="2401" hits="64" branch="false" />
                <line number="2402" hits="64" branch="false" />
                <line number="2403" hits="64" branch="false" />
                <line number="2405" hits="128" branch="false" />
                <line number="2406" hits="128" branch="false" />
                <line number="2407" hits="128" branch="false" />
                <line number="2408" hits="128" branch="false" />
                <line number="2409" hits="128" branch="false" />
                <line number="2410" hits="128" branch="false" />
                <line number="2411" hits="128" branch="false" />
                <line number="2412" hits="128" branch="false" />
                <line number="2413" hits="128" branch="false" />
                <line number="2414" hits="128" branch="false" />
                <line number="2415" hits="128" branch="false" />
                <line number="2417" hits="128" branch="false" />
              </lines>
            </method>
            <method name="Log" signature="(System.String,System.String,System.String,System.String,System.Diagnostics.EventLogEntryType,System.Int32,System.Int16,System.Byte[],EventLogHelper.LoggingSeverity)" line-rate="1" branch-rate="1" complexity="1">
              <lines>
                <line number="2466" hits="80" branch="false" />
                <line number="2467" hits="80" branch="false" />
                <line number="2468" hits="80" branch="false" />
                <line number="2469" hits="80" branch="false" />
                <line number="2470" hits="80" branch="false" />
                <line number="2471" hits="80" branch="false" />
                <line number="2472" hits="80" branch="false" />
                <line number="2473" hits="80" branch="false" />
                <line number="2474" hits="80" branch="false" />
                <line number="2475" hits="80" branch="false" />
                <line number="2477" hits="160" branch="false" />
                <line number="2478" hits="160" branch="false" />
                <line number="2479" hits="160" branch="false" />
                <line number="2480" hits="160" branch="false" />
                <line number="2481" hits="160" branch="false" />
                <line number="2482" hits="160" branch="false" />
                <line number="2483" hits="160" branch="false" />
                <line number="2484" hits="160" branch="false" />
                <line number="2485" hits="160" branch="false" />
                <line number="2486" hits="160" branch="false" />
                <line number="2487" hits="160" branch="false" />
                <line number="2488" hits="160" branch="false" />
                <line number="2490" hits="160" branch="false" />
              </lines>
            </method>
            <method name="Log" signature="(System.String,System.String,System.String,System.String,System.Diagnostics.EventLogEntryType,System.Int32,System.Int16,System.Byte[],System.Int32)" line-rate="1" branch-rate="1" complexity="1">
              <lines>
                <line number="2538" hits="64" branch="false" />
                <line number="2539" hits="64" branch="false" />
                <line number="2540" hits="64" branch="false" />
                <line number="2541" hits="64" branch="false" />
                <line number="2542" hits="64" branch="false" />
                <line number="2543" hits="64" branch="false" />
                <line number="2544" hits="64" branch="false" />
                <line number="2545" hits="64" branch="false" />
                <line number="2546" hits="64" branch="false" />
                <line number="2547" hits="64" branch="false" />
                <line number="2549" hits="128" branch="false" />
                <line number="2550" hits="128" branch="false" />
                <line number="2551" hits="128" branch="false" />
                <line number="2552" hits="128" branch="false" />
                <line number="2553" hits="128" branch="false" />
                <line number="2554" hits="128" branch="false" />
                <line number="2555" hits="128" branch="false" />
                <line number="2556" hits="128" branch="false" />
                <line number="2557" hits="128" branch="false" />
                <line number="2558" hits="128" branch="false" />
                <line number="2559" hits="128" branch="false" />
                <line number="2560" hits="128" branch="false" />
                <line number="2562" hits="128" branch="false" />
              </lines>
            </method>
            <method name="Log" signature="(System.String,System.String,System.String,System.String,System.Diagnostics.EventLogEntryType,System.Int32,System.Int16,System.Byte[],System.Int32,EventLogHelper.LoggingSeverity)" line-rate="1" branch-rate="1" complexity="1">
              <lines>
                <line number="2615" hits="80" branch="false" />
                <line number="2616" hits="80" branch="false" />
                <line number="2617" hits="80" branch="false" />
                <line number="2618" hits="80" branch="false" />
                <line number="2619" hits="80" branch="false" />
                <line number="2620" hits="80" branch="false" />
                <line number="2621" hits="80" branch="false" />
                <line number="2622" hits="80" branch="false" />
                <line number="2623" hits="80" branch="false" />
                <line number="2624" hits="80" branch="false" />
                <line number="2625" hits="80" branch="false" />
                <line number="2627" hits="160" branch="false" />
                <line number="2628" hits="160" branch="false" />
                <line number="2629" hits="160" branch="false" />
                <line number="2630" hits="160" branch="false" />
                <line number="2631" hits="160" branch="false" />
                <line number="2632" hits="160" branch="false" />
                <line number="2633" hits="160" branch="false" />
                <line number="2634" hits="160" branch="false" />
                <line number="2635" hits="160" branch="false" />
                <line number="2636" hits="160" branch="false" />
                <line number="2637" hits="160" branch="false" />
                <line number="2638" hits="160" branch="false" />
                <line number="2639" hits="160" branch="false" />
                <line number="2641" hits="160" branch="false" />
              </lines>
            </method>
            <method name="Log" signature="(System.String,System.Int32,System.Int32)" line-rate="1" branch-rate="1" complexity="1">
              <lines>
                <line number="2672" hits="4" branch="false" />
                <line number="2673" hits="4" branch="false" />
                <line number="2674" hits="4" branch="false" />
                <line number="2675" hits="4" branch="false" />
                <line number="2677" hits="8" branch="false" />
                <line number="2678" hits="8" branch="false" />
                <line number="2679" hits="8" branch="false" />
                <line number="2680" hits="8" branch="false" />
                <line number="2681" hits="8" branch="false" />
                <line number="2683" hits="8" branch="false" />
              </lines>
            </method>
            <method name="Log" signature="(System.String,System.Int32,System.Int32,EventLogHelper.LoggingSeverity)" line-rate="1" branch-rate="1" complexity="1">
              <lines>
                <line number="2719" hits="4" branch="false" />
                <line number="2720" hits="4" branch="false" />
                <line number="2721" hits="4" branch="false" />
                <line number="2722" hits="4" branch="false" />
                <line number="2723" hits="4" branch="false" />
                <line number="2725" hits="8" branch="false" />
                <line number="2726" hits="8" branch="false" />
                <line number="2727" hits="8" branch="false" />
                <line number="2728" hits="8" branch="false" />
                <line number="2729" hits="8" branch="false" />
                <line number="2730" hits="8" branch="false" />
                <line number="2732" hits="8" branch="false" />
              </lines>
            </method>
            <method name="Log" signature="(System.String,System.Diagnostics.EventLogEntryType,System.Int32,System.Int32)" line-rate="1" branch-rate="1" complexity="1">
              <lines>
                <line number="2767" hits="4" branch="false" />
                <line number="2768" hits="4" branch="false" />
                <line number="2769" hits="4" branch="false" />
                <line number="2770" hits="4" branch="false" />
                <line number="2771" hits="4" branch="false" />
                <line number="2773" hits="8" branch="false" />
                <line number="2774" hits="8" branch="false" />
                <line number="2775" hits="8" branch="false" />
                <line number="2776" hits="8" branch="false" />
                <line number="2777" hits="8" branch="false" />
                <line number="2778" hits="8" branch="false" />
                <line number="2780" hits="8" branch="false" />
              </lines>
            </method>
            <method name="Log" signature="(System.String,System.Diagnostics.EventLogEntryType,System.Int32,System.Int32,EventLogHelper.LoggingSeverity)" line-rate="1" branch-rate="1" complexity="1">
              <lines>
                <line number="2820" hits="4" branch="false" />
                <line number="2821" hits="4" branch="false" />
                <line number="2822" hits="4" branch="false" />
                <line number="2823" hits="4" branch="false" />
                <line number="2824" hits="4" branch="false" />
                <line number="2825" hits="4" branch="false" />
                <line number="2827" hits="8" branch="false" />
                <line number="2828" hits="8" branch="false" />
                <line number="2829" hits="8" branch="false" />
                <line number="2830" hits="8" branch="false" />
                <line number="2831" hits="8" branch="false" />
                <line number="2832" hits="8" branch="false" />
                <line number="2833" hits="8" branch="false" />
                <line number="2835" hits="8" branch="false" />
              </lines>
            </method>
            <method name="Log" signature="(System.String,System.Diagnostics.EventLogEntryType,System.Int32,System.Int32,System.Int32)" line-rate="1" branch-rate="1" complexity="1">
              <lines>
                <line number="2873" hits="4" branch="false" />
                <line number="2874" hits="4" branch="false" />
                <line number="2875" hits="4" branch="false" />
                <line number="2876" hits="4" branch="false" />
                <line number="2877" hits="4" branch="false" />
                <line number="2878" hits="4" branch="false" />
                <line number="2880" hits="8" branch="false" />
                <line number="2881" hits="8" branch="false" />
                <line number="2882" hits="8" branch="false" />
                <line number="2883" hits="8" branch="false" />
                <line number="2884" hits="8" branch="false" />
                <line number="2885" hits="8" branch="false" />
                <line number="2886" hits="8" branch="false" />
                <line number="2888" hits="8" branch="false" />
              </lines>
            </method>
            <method name="Log" signature="(System.String,System.Diagnostics.EventLogEntryType,System.Int32,System.Int32,System.Int32,EventLogHelper.LoggingSeverity)" line-rate="1" branch-rate="1" complexity="1">
              <lines>
                <line number="2931" hits="4" branch="false" />
                <line number="2932" hits="4" branch="false" />
                <line number="2933" hits="4" branch="false" />
                <line number="2934" hits="4" branch="false" />
                <line number="2935" hits="4" branch="false" />
                <line number="2936" hits="4" branch="false" />
                <line number="2937" hits="4" branch="false" />
                <line number="2939" hits="8" branch="false" />
                <line number="2940" hits="8" branch="false" />
                <line number="2941" hits="8" branch="false" />
                <line number="2942" hits="8" branch="false" />
                <line number="2943" hits="8" branch="false" />
                <line number="2944" hits="8" branch="false" />
                <line number="2945" hits="8" branch="false" />
                <line number="2946" hits="8" branch="false" />
                <line number="2948" hits="8" branch="false" />
              </lines>
            </method>
            <method name="Log" signature="(System.String,System.Diagnostics.EventLogEntryType,System.Int32,System.Int16,System.Int32,System.Int32)" line-rate="1" branch-rate="1" complexity="1">
              <lines>
                <line number="2989" hits="4" branch="false" />
                <line number="2990" hits="4" branch="false" />
                <line number="2991" hits="4" branch="false" />
                <line number="2992" hits="4" branch="false" />
                <line number="2993" hits="4" branch="false" />
                <line number="2994" hits="4" branch="false" />
                <line number="2995" hits="4" branch="false" />
                <line number="2997" hits="8" branch="false" />
                <line number="2998" hits="8" branch="false" />
                <line number="2999" hits="8" branch="false" />
                <line number="3000" hits="8" branch="false" />
                <line number="3001" hits="8" branch="false" />
                <line number="3002" hits="8" branch="false" />
                <line number="3003" hits="8" branch="false" />
                <line number="3004" hits="8" branch="false" />
                <line number="3006" hits="8" branch="false" />
              </lines>
            </method>
            <method name="Log" signature="(System.String,System.Diagnostics.EventLogEntryType,System.Int32,System.Int16,System.Int32,System.Int32,EventLogHelper.LoggingSeverity)" line-rate="1" branch-rate="1" complexity="1">
              <lines>
                <line number="3052" hits="4" branch="false" />
                <line number="3053" hits="4" branch="false" />
                <line number="3054" hits="4" branch="false" />
                <line number="3055" hits="4" branch="false" />
                <line number="3056" hits="4" branch="false" />
                <line number="3057" hits="4" branch="false" />
                <line number="3058" hits="4" branch="false" />
                <line number="3059" hits="4" branch="false" />
                <line number="3061" hits="8" branch="false" />
                <line number="3062" hits="8" branch="false" />
                <line number="3063" hits="8" branch="false" />
                <line number="3064" hits="8" branch="false" />
                <line number="3065" hits="8" branch="false" />
                <line number="3066" hits="8" branch="false" />
                <line number="3067" hits="8" branch="false" />
                <line number="3068" hits="8" branch="false" />
                <line number="3069" hits="8" branch="false" />
                <line number="3071" hits="8" branch="false" />
              </lines>
            </method>
            <method name="Log" signature="(System.String,System.Diagnostics.EventLogEntryType,System.Int32,System.Int16,System.Byte[],System.Int32,System.Int32)" line-rate="1" branch-rate="1" complexity="1">
              <lines>
                <line number="3115" hits="4" branch="false" />
                <line number="3116" hits="4" branch="false" />
                <line number="3117" hits="4" branch="false" />
                <line number="3118" hits="4" branch="false" />
                <line number="3119" hits="4" branch="false" />
                <line number="3120" hits="4" branch="false" />
                <line number="3121" hits="4" branch="false" />
                <line number="3122" hits="4" branch="false" />
                <line number="3124" hits="8" branch="false" />
                <line number="3125" hits="8" branch="false" />
                <line number="3126" hits="8" branch="false" />
                <line number="3127" hits="8" branch="false" />
                <line number="3128" hits="8" branch="false" />
                <line number="3129" hits="8" branch="false" />
                <line number="3130" hits="8" branch="false" />
                <line number="3131" hits="8" branch="false" />
                <line number="3132" hits="8" branch="false" />
                <line number="3134" hits="8" branch="false" />
              </lines>
            </method>
            <method name="Log" signature="(System.String,System.Diagnostics.EventLogEntryType,System.Int32,System.Int16,System.Byte[],System.Int32,System.Int32,EventLogHelper.LoggingSeverity)" line-rate="1" branch-rate="1" complexity="1">
              <lines>
                <line number="3183" hits="4" branch="false" />
                <line number="3184" hits="4" branch="false" />
                <line number="3185" hits="4" branch="false" />
                <line number="3186" hits="4" branch="false" />
                <line number="3187" hits="4" branch="false" />
                <line number="3188" hits="4" branch="false" />
                <line number="3189" hits="4" branch="false" />
                <line number="3190" hits="4" branch="false" />
                <line number="3191" hits="4" branch="false" />
                <line number="3193" hits="8" branch="false" />
                <line number="3194" hits="8" branch="false" />
                <line number="3195" hits="8" branch="false" />
                <line number="3196" hits="8" branch="false" />
                <line number="3197" hits="8" branch="false" />
                <line number="3198" hits="8" branch="false" />
                <line number="3199" hits="8" branch="false" />
                <line number="3200" hits="8" branch="false" />
                <line number="3201" hits="8" branch="false" />
                <line number="3202" hits="8" branch="false" />
                <line number="3204" hits="8" branch="false" />
              </lines>
            </method>
            <method name="Log" signature="(System.String,System.String,System.Diagnostics.EventLogEntryType,System.Int32,System.Int16,System.Byte[],System.Int32,System.Int32)" line-rate="1" branch-rate="1" complexity="1">
              <lines>
                <line number="3252" hits="4" branch="false" />
                <line number="3253" hits="4" branch="false" />
                <line number="3254" hits="4" branch="false" />
                <line number="3255" hits="4" branch="false" />
                <line number="3256" hits="4" branch="false" />
                <line number="3257" hits="4" branch="false" />
                <line number="3258" hits="4" branch="false" />
                <line number="3259" hits="4" branch="false" />
                <line number="3260" hits="4" branch="false" />
                <line number="3262" hits="8" branch="false" />
                <line number="3263" hits="8" branch="false" />
                <line number="3264" hits="8" branch="false" />
                <line number="3265" hits="8" branch="false" />
                <line number="3266" hits="8" branch="false" />
                <line number="3267" hits="8" branch="false" />
                <line number="3268" hits="8" branch="false" />
                <line number="3269" hits="8" branch="false" />
                <line number="3270" hits="8" branch="false" />
                <line number="3271" hits="8" branch="false" />
                <line number="3273" hits="8" branch="false" />
              </lines>
            </method>
            <method name="Log" signature="(System.String,System.String,System.Diagnostics.EventLogEntryType,System.Int32,System.Int16,System.Byte[],System.Int32,System.Int32,EventLogHelper.LoggingSeverity)" line-rate="1" branch-rate="1" complexity="1">
              <lines>
                <line number="3326" hits="4" branch="false" />
                <line number="3327" hits="4" branch="false" />
                <line number="3328" hits="4" branch="false" />
                <line number="3329" hits="4" branch="false" />
                <line number="3330" hits="4" branch="false" />
                <line number="3331" hits="4" branch="false" />
                <line number="3332" hits="4" branch="false" />
                <line number="3333" hits="4" branch="false" />
                <line number="3334" hits="4" branch="false" />
                <line number="3335" hits="4" branch="false" />
                <line number="3337" hits="8" branch="false" />
                <line number="3338" hits="8" branch="false" />
                <line number="3339" hits="8" branch="false" />
                <line number="3340" hits="8" branch="false" />
                <line number="3341" hits="8" branch="false" />
                <line number="3342" hits="8" branch="false" />
                <line number="3343" hits="8" branch="false" />
                <line number="3344" hits="8" branch="false" />
                <line number="3345" hits="8" branch="false" />
                <line number="3346" hits="8" branch="false" />
                <line number="3347" hits="8" branch="false" />
                <line number="3349" hits="8" branch="false" />
              </lines>
            </method>
            <method name="Log" signature="(System.String,System.String,System.String,System.Diagnostics.EventLogEntryType,System.Int32,System.Int16,System.Byte[],System.Int32,System.Int32)" line-rate="1" branch-rate="1" complexity="1">
              <lines>
                <line number="3401" hits="4" branch="false" />
                <line number="3402" hits="4" branch="false" />
                <line number="3403" hits="4" branch="false" />
                <line number="3404" hits="4" branch="false" />
                <line number="3405" hits="4" branch="false" />
                <line number="3406" hits="4" branch="false" />
                <line number="3407" hits="4" branch="false" />
                <line number="3408" hits="4" branch="false" />
                <line number="3409" hits="4" branch="false" />
                <line number="3410" hits="4" branch="false" />
                <line number="3412" hits="8" branch="false" />
                <line number="3413" hits="8" branch="false" />
                <line number="3414" hits="8" branch="false" />
                <line number="3415" hits="8" branch="false" />
                <line number="3416" hits="8" branch="false" />
                <line number="3417" hits="8" branch="false" />
                <line number="3418" hits="8" branch="false" />
                <line number="3419" hits="8" branch="false" />
                <line number="3420" hits="8" branch="false" />
                <line number="3421" hits="8" branch="false" />
                <line number="3422" hits="8" branch="false" />
                <line number="3424" hits="8" branch="false" />
              </lines>
            </method>
            <method name="Log" signature="(System.String,System.String,System.String,System.Diagnostics.EventLogEntryType,System.Int32,System.Int16,System.Byte[],System.Int32,System.Int32,EventLogHelper.LoggingSeverity)" line-rate="1" branch-rate="1" complexity="1">
              <lines>
                <line number="3481" hits="4" branch="false" />
                <line number="3482" hits="4" branch="false" />
                <line number="3483" hits="4" branch="false" />
                <line number="3484" hits="4" branch="false" />
                <line number="3485" hits="4" branch="false" />
                <line number="3486" hits="4" branch="false" />
                <line number="3487" hits="4" branch="false" />
                <line number="3488" hits="4" branch="false" />
                <line number="3489" hits="4" branch="false" />
                <line number="3490" hits="4" branch="false" />
                <line number="3491" hits="4" branch="false" />
                <line number="3493" hits="8" branch="false" />
                <line number="3494" hits="8" branch="false" />
                <line number="3495" hits="8" branch="false" />
                <line number="3496" hits="8" branch="false" />
                <line number="3497" hits="8" branch="false" />
                <line number="3498" hits="8" branch="false" />
                <line number="3499" hits="8" branch="false" />
                <line number="3500" hits="8" branch="false" />
                <line number="3501" hits="8" branch="false" />
                <line number="3502" hits="8" branch="false" />
                <line number="3503" hits="8" branch="false" />
                <line number="3504" hits="8" branch="false" />
                <line number="3506" hits="8" branch="false" />
              </lines>
            </method>
            <method name="Log" signature="(System.String,System.String,System.String,System.String,System.Diagnostics.EventLogEntryType,System.Int32,System.Int16,System.Byte[],System.Int32,System.Int32)" line-rate="1" branch-rate="1" complexity="1">
              <lines>
                <line number="3558" hits="68" branch="false" />
                <line number="3559" hits="68" branch="false" />
                <line number="3560" hits="68" branch="false" />
                <line number="3561" hits="68" branch="false" />
                <line number="3562" hits="68" branch="false" />
                <line number="3563" hits="68" branch="false" />
                <line number="3564" hits="68" branch="false" />
                <line number="3565" hits="68" branch="false" />
                <line number="3566" hits="68" branch="false" />
                <line number="3567" hits="68" branch="false" />
                <line number="3568" hits="68" branch="false" />
                <line number="3570" hits="136" branch="false" />
                <line number="3572" hits="136" branch="false" />
                <line number="3573" hits="136" branch="false" />
                <line number="3574" hits="136" branch="false" />
                <line number="3575" hits="136" branch="false" />
                <line number="3576" hits="136" branch="false" />
                <line number="3577" hits="136" branch="false" />
                <line number="3578" hits="136" branch="false" />
                <line number="3579" hits="136" branch="false" />
                <line number="3580" hits="136" branch="false" />
                <line number="3581" hits="136" branch="false" />
                <line number="3582" hits="136" branch="false" />
                <line number="3583" hits="136" branch="false" />
                <line number="3585" hits="136" branch="false" />
              </lines>
            </method>
            <method name="Log" signature="(System.String,System.String,System.String,System.String,System.Diagnostics.EventLogEntryType,System.Int32,System.Int16,System.Byte[],System.Int32,System.Int32,EventLogHelper.LoggingSeverity)" line-rate="1" branch-rate="1" complexity="1">
              <lines>
                <line number="3642" hits="84" branch="false" />
                <line number="3643" hits="84" branch="false" />
                <line number="3644" hits="84" branch="false" />
                <line number="3645" hits="84" branch="false" />
                <line number="3646" hits="84" branch="false" />
                <line number="3647" hits="84" branch="false" />
                <line number="3648" hits="84" branch="false" />
                <line number="3649" hits="84" branch="false" />
                <line number="3650" hits="84" branch="false" />
                <line number="3651" hits="84" branch="false" />
                <line number="3652" hits="84" branch="false" />
                <line number="3653" hits="84" branch="false" />
[...]
            <line number="5609" hits="4" branch="false" />
            <line number="5610" hits="4" branch="false" />
            <line number="5611" hits="4" branch="false" />
            <line number="5612" hits="4" branch="false" />
            <line number="5613" hits="4" branch="false" />
            <line number="5614" hits="4" branch="false" />
            <line number="5616" hits="8" branch="false" />
            <line number="5617" hits="8" branch="false" />
            <line number="5618" hits="8" branch="false" />
            <line number="5619" hits="8" branch="false" />
            <line number="5620" hits="8" branch="false" />
            <line number="5621" hits="8" branch="false" />
            <line number="5623" hits="8" branch="false" />
            <line number="5659" hits="8" branch="false" />
            <line number="5660" hits="8" branch="false" />
            <line number="5661" hits="8" branch="false" />
            <line number="5662" hits="8" branch="false" />
            <line number="5663" hits="8" branch="false" />
            <line number="5664" hits="8" branch="false" />
            <line number="5666" hits="16" branch="false" />
            <line number="5667" hits="16" branch="false" />
            <line number="5668" hits="16" branch="false" />
            <line number="5669" hits="16" branch="false" />
            <line number="5670" hits="16" branch="false" />
            <line number="5671" hits="16" branch="false" />
            <line number="5673" hits="16" branch="false" />
            <line number="5714" hits="4" branch="false" />
            <line number="5715" hits="4" branch="false" />
            <line number="5716" hits="4" branch="false" />
            <line number="5717" hits="4" branch="false" />
            <line number="5718" hits="4" branch="false" />
            <line number="5719" hits="4" branch="false" />
            <line number="5720" hits="4" branch="false" />
            <line number="5722" hits="8" branch="false" />
            <line number="5723" hits="8" branch="false" />
            <line number="5724" hits="8" branch="false" />
            <line number="5725" hits="8" branch="false" />
            <line number="5726" hits="8" branch="false" />
            <line number="5727" hits="8" branch="false" />
            <line number="5728" hits="8" branch="false" />
            <line number="5730" hits="8" branch="false" />
            <line number="5770" hits="16" branch="false" />
            <line number="5771" hits="16" branch="false" />
            <line number="5772" hits="16" branch="false" />
            <line number="5773" hits="16" branch="false" />
            <line number="5774" hits="16" branch="false" />
            <line number="5775" hits="16" branch="false" />
            <line number="5776" hits="16" branch="false" />
            <line number="5778" hits="32" branch="false" />
            <line number="5779" hits="32" branch="false" />
            <line number="5780" hits="32" branch="false" />
            <line number="5781" hits="32" branch="false" />
            <line number="5782" hits="32" branch="false" />
            <line number="5783" hits="32" branch="false" />
            <line number="5784" hits="32" branch="false" />
            <line number="5785" hits="32" branch="false" />
            <line number="5787" hits="32" branch="false" />
            <line number="5832" hits="56" branch="false" />
            <line number="5833" hits="56" branch="false" />
            <line number="5834" hits="56" branch="false" />
            <line number="5835" hits="56" branch="false" />
            <line number="5836" hits="56" branch="false" />
            <line number="5837" hits="56" branch="false" />
            <line number="5838" hits="56" branch="false" />
            <line number="5839" hits="56" branch="false" />
            <line number="5841" hits="112" branch="false" />
            <line number="5843" hits="116" branch="true" condition-coverage="100% (2/2)" />
            <line number="5845" hits="104" branch="false" />
            <line number="5846" hits="104" branch="false" />
            <line number="5848" hits="104" branch="true" condition-coverage="100% (4/4)" />
            <line number="5849" hits="8" branch="false" />
            <line number="5850" hits="16" branch="true" condition-coverage="100% (2/2)" />
            <line number="5851" hits="16" branch="false" />
            <line number="5852" hits="16" branch="false" />
            <line number="5853" hits="16" branch="false" />
            <line number="5854" hits="16" branch="false" />
            <line number="5855" hits="16" branch="false" />
            <line number="5856" hits="8" branch="true" condition-coverage="100% (2/2)" />
            <line number="5857" hits="48" branch="false" />
            <line number="5858" hits="96" branch="false" />
            <line number="5859" hits="96" branch="false" />
            <line number="5860" hits="96" branch="false" />
            <line number="5861" hits="96" branch="false" />
            <line number="5862" hits="96" branch="false" />
            <line number="5863" hits="96" branch="false" />
            <line number="5864" hits="52" branch="false" />
            <line number="5866" hits="112" branch="false" />
            <line number="5878" hits="424" branch="false" />
            <line number="5879" hits="424" branch="false" />
            <line number="5882" hits="848" branch="false" />
            <line number="5884" hits="848" branch="true" condition-coverage="100% (2/2)" />
            <line number="5885" hits="216" branch="true" condition-coverage="100% (2/2)" />
            <line number="5886" hits="24" branch="false" />
            <line number="5887" hits="96" branch="false" />
            <line number="5889" hits="192" branch="false" />
            <line number="5891" hits="192" branch="false" />
            <line number="5892" hits="192" branch="false" />
            <line number="5893" hits="1660" branch="false" />
            <line number="5894" hits="1660" branch="false" />
            <line number="5895" hits="1660" branch="false" />
            <line number="5896" hits="1660" branch="true" condition-coverage="100% (2/2)" />
            <line number="5897" hits="192" branch="false" />
            <line number="5898" hits="192" branch="false" />
            <line number="5899" hits="734" branch="false" />
            <line number="5900" hits="1468" branch="true" condition-coverage="100% (2/2)" />
            <line number="5901" hits="120" branch="false" />
            <line number="5902" hits="316" branch="false" />
            <line number="5903" hits="632" branch="false" />
            <line number="5904" hits="424" branch="false" />
            <line number="5907" hits="848" branch="false" />
            <line number="5909" hits="848" branch="false" />
            <line number="5916" hits="4" branch="false" />
            <line number="5917" hits="4" branch="false" />
            <line number="5919" hits="8" branch="false" />
            <line number="5921" hits="8" branch="false" />
            <line number="5923" hits="8" branch="false" />
            <line number="5931" hits="4" branch="false" />
            <line number="5932" hits="4" branch="false" />
            <line number="5933" hits="4" branch="false" />
            <line number="5935" hits="8" branch="false" />
            <line number="5937" hits="8" branch="false" />
            <line number="5947" hits="492" branch="false" />
            <line number="5948" hits="492" branch="false" />
            <line number="5950" hits="984" branch="true" condition-coverage="100% (2/2)" />
            <line number="5951" hits="16" branch="false" />
            <line number="5952" hits="500" branch="false" />
            <line number="5954" hits="984" branch="true" condition-coverage="100% (2/2)" />
            <line number="5956" hits="984" branch="false" />
            <line number="5965" hits="4" branch="false" />
            <line number="5966" hits="4" branch="false" />
            <line number="5967" hits="4" branch="false" />
            <line number="5968" hits="4" branch="false" />
            <line number="5970" hits="8" branch="false" />
            <line number="5972" hits="8" branch="false" />
            <line number="5974" hits="8" branch="false" />
            <line number="5983" hits="4" branch="false" />
            <line number="5984" hits="4" branch="false" />
            <line number="5985" hits="4" branch="false" />
            <line number="5986" hits="4" branch="false" />
            <line number="5988" hits="8" branch="false" />
            <line number="5990" hits="8" branch="false" />
            <line number="5992" hits="8" branch="false" />
            <line number="6001" hits="4" branch="false" />
            <line number="6002" hits="4" branch="false" />
            <line number="6003" hits="4" branch="false" />
            <line number="6004" hits="4" branch="false" />
            <line number="6006" hits="8" branch="false" />
            <line number="6008" hits="8" branch="false" />
            <line number="6010" hits="8" branch="false" />
            <line number="6018" hits="200" branch="false" />
            <line number="6019" hits="200" branch="false" />
            <line number="6020" hits="200" branch="false" />
            <line number="6022" hits="400" branch="false" />
            <line number="6023" hits="400" branch="true" condition-coverage="100% (2/2)" />
            <line number="6024" hits="760" branch="true" condition-coverage="100% (2/2)" />
            <line number="6025" hits="800" branch="true" condition-coverage="100% (2/2)" />
            <line number="6029" hits="400" branch="true" condition-coverage="100% (2/2)" />
            <line number="6031" hits="400" branch="true" condition-coverage="100% (2/2)" />
            <line number="6033" hits="104" branch="false" />
            <line number="6034" hits="104" branch="false" />
            <line number="6035" hits="252" branch="false" />
            <line number="6037" hits="400" branch="false" />
            <line number="6039" hits="400" branch="false" />
            <line number="6047" hits="8" branch="false" />
            <line number="6048" hits="8" branch="false" />
            <line number="6049" hits="8" branch="false" />
            <line number="6052" hits="16" branch="false" />
            <line number="6053" hits="16" branch="false" />
            <line number="6054" hits="32" branch="true" condition-coverage="100% (2/2)" />
            <line number="6056" hits="16" branch="false" />
            <line number="6058" hits="24" branch="true" condition-coverage="100% (2/2)" />
            <line number="6062" hits="16" branch="false" />
            <line number="6063" hits="16" branch="false" />
            <line number="6066" hits="16" branch="false" />
            <line number="6067" hits="16" branch="false" />
            <line number="6069" hits="16" branch="false" />
            <line number="6072" hits="16" branch="false" />
            <line number="6073" hits="16" branch="false" />
            <line number="6074" hits="48" branch="true" condition-coverage="100% (2/2)" />
            <line number="6075" hits="32" branch="false" />
            <line number="6076" hits="32" branch="false" />
            <line number="6077" hits="32" branch="false" />
            <line number="6078" hits="16" branch="false" />
            <line number="6081" hits="16" branch="false" />
            <line number="6082" hits="16" branch="false" />
            <line number="6083" hits="16" branch="false" />
            <line number="6084" hits="16" branch="false" />
            <line number="6085" hits="16" branch="true" condition-coverage="100% (2/2)" />
            <line number="6086" hits="16" branch="false" />
            <line number="6088" hits="16" branch="false" />
            <line number="6090" hits="16" branch="false" />
            <line number="6097" hits="256" branch="false" />
            <line number="6098" hits="256" branch="false" />
            <line number="6100" hits="512" branch="true" condition-coverage="100% (4/4)" />
            <line number="6101" hits="220" branch="false" />
            <line number="6102" hits="440" branch="false" />
            <line number="6103" hits="36" branch="false" />
            <line number="6104" hits="72" branch="false" />
            <line number="6107" hits="512" branch="false" />
            <line number="6114" hits="216" branch="false" />
            <line number="6115" hits="216" branch="false" />
            <line number="6117" hits="432" branch="true" condition-coverage="100% (4/4)" />
            <line number="6119" hits="272" branch="false" />
            <line number="6135" hits="144" branch="false" />
            <line number="6136" hits="144" branch="false" />
            <line number="6137" hits="144" branch="false" />
            <line number="6153" hits="288" branch="false" />
            <line number="6154" hits="288" branch="false" />
            <line number="6155" hits="288" branch="false" />
            <line number="6156" hits="288" branch="false" />
            <line number="6158" hits="288" branch="false" />
            <line number="6159" hits="288" branch="true" condition-coverage="100% (2/2)" />
            <line number="6160" hits="144" branch="false" />
            <line number="6161" hits="72" branch="false" />
            <line number="6163" hits="144" branch="false" />
            <line number="6166" hits="288" branch="false" />
            <line number="6174" hits="24" branch="false" />
            <line number="6175" hits="24" branch="false" />
            <line number="6176" hits="24" branch="false" />
            <line number="6178" hits="48" branch="false" />
            <line number="6181" hits="48" branch="true" condition-coverage="100% (2/2)" />
            <line number="6183" hits="36" branch="false" />
            <line number="6191" hits="24" branch="false" />
            <line number="6192" hits="24" branch="false" />
            <line number="6193" hits="24" branch="false" />
            <line number="6195" hits="48" branch="false" />
            <line number="6198" hits="48" branch="true" condition-coverage="100% (2/2)" />
            <line number="6200" hits="36" branch="false" />
            <line number="6210" hits="40" branch="false" />
            <line number="6211" hits="40" branch="false" />
            <line number="6212" hits="40" branch="false" />
            <line number="6215" hits="80" branch="true" condition-coverage="100% (2/2)" />
            <line number="6216" hits="8" branch="false" />
            <line number="6217" hits="36" branch="false" />
            <line number="6219" hits="72" branch="false" />
            <line number="6220" hits="72" branch="true" condition-coverage="100% (2/2)" />
            <line number="6221" hits="48" branch="false" />
            <line number="6222" hits="12" branch="false" />
            <line number="6224" hits="12" branch="false" />
            <line number="6229" hits="24" branch="false" />
            <line number="6231" hits="8" branch="false" />
            <line number="6232" hits="4" branch="false" />
            <line number="6234" hits="8" branch="false" />
            <line number="6235" hits="4" branch="false" />
            <line number="6237" hits="8" branch="false" />
            <line number="6240" hits="72" branch="false" />
            <line number="6250" hits="4" branch="false" />
            <line number="6252" hits="8" branch="false" />
            <line number="6254" hits="8" branch="false" />
            <line number="6255" hits="8" branch="false" />
            <line number="6257" hits="8" branch="false" />
            <line number="6268" hits="4" branch="false" />
            <line number="6269" hits="4" branch="false" />
            <line number="6271" hits="8" branch="false" />
            <line number="6273" hits="8" branch="false" />
            <line number="6274" hits="8" branch="false" />
            <line number="6275" hits="8" branch="false" />
            <line number="6277" hits="8" branch="false" />
            <line number="6292" hits="60" branch="false" />
            <line number="6293" hits="60" branch="false" />
            <line number="6294" hits="60" branch="false" />
            <line number="6296" hits="120" branch="false" />
            <line number="6298" hits="120" branch="false" />
            <line number="6299" hits="120" branch="false" />
            <line number="6300" hits="120" branch="false" />
            <line number="6301" hits="120" branch="false" />
            <line number="6302" hits="120" branch="false" />
            <line number="6304" hits="120" branch="false" />
            <line number="6327" hits="60" branch="false" />
            <line number="6328" hits="60" branch="false" />
            <line number="6329" hits="60" branch="false" />
            <line number="6330" hits="60" branch="false" />
            <line number="6331" hits="60" branch="false" />
            <line number="6333" hits="120" branch="false" />
            <line number="6335" hits="120" branch="false" />
            <line number="6336" hits="120" branch="false" />
            <line number="6337" hits="120" branch="false" />
            <line number="6338" hits="120" branch="false" />
            <line number="6339" hits="120" branch="false" />
            <line number="6340" hits="120" branch="false" />
            <line number="6342" hits="120" branch="false" />
            <line number="6368" hits="60" branch="false" />
            <line number="6369" hits="60" branch="false" />
            <line number="6370" hits="60" branch="false" />
            <line number="6371" hits="60" branch="false" />
            <line number="6372" hits="60" branch="false" />
            <line number="6373" hits="60" branch="false" />
            <line number="6375" hits="120" branch="false" />
            <line number="6377" hits="120" branch="false" />
            <line number="6378" hits="120" branch="false" />
            <line number="6379" hits="120" branch="false" />
            <line number="6380" hits="120" branch="false" />
            <line number="6381" hits="120" branch="false" />
            <line number="6382" hits="120" branch="false" />
            <line number="6383" hits="120" branch="false" />
            <line number="6385" hits="120" branch="false" />
            <line number="6415" hits="60" branch="false" />
            <line number="6416" hits="60" branch="false" />
            <line number="6417" hits="60" branch="false" />
            <line number="6418" hits="60" branch="false" />
            <line number="6419" hits="60" branch="false" />
            <line number="6420" hits="60" branch="false" />
            <line number="6421" hits="60" branch="false" />
            <line number="6423" hits="120" branch="false" />
            <line number="6425" hits="120" branch="false" />
            <line number="6426" hits="120" branch="false" />
            <line number="6427" hits="120" branch="false" />
            <line number="6428" hits="120" branch="false" />
            <line number="6429" hits="120" branch="false" />
            <line number="6430" hits="120" branch="false" />
            <line number="6431" hits="120" branch="false" />
            <line number="6433" hits="120" branch="false" />
          </lines>
        </class>
      </classes>
    </package>
  </packages>
</coverage>