<?xml version="1.0" encoding="utf-8"?>
<!DOCTYPE coverage SYSTEM "http://cobertura.sourceforge.net/xml/coverage-04.dtd">
<coverage line-rate="1" branch-rate="1" lines-covered="1818" lines-valid="1818" branches-covered="92" branches-valid="92" complexity="435" version="0" timestamp="1755483016">
  <sources>
    <source>c:\</source>
  </sources>
  <packages>
    <package name="EventLogHelper" line-rate="1" branch-rate="1" complexity="435">
      <classes>
        <class name="EventLogHelper.SmartEventLogger" filename="c:\agent\_work\12\s\Code\EventLogHelper\EventLogHelper\SmartEventLogger.vb" line-rate="1" branch-rate="1" complexity="435">
          <methods>
            <method name="SetWriter" signature="(EventLogHelper.IEventLogWriter)" line-rate="1" branch-rate="1" complexity="1">
              <lines>
                <line number="61" hits="236" branch="false" />
                <line number="63" hits="472" branch="false" />
                <line number="65" hits="472" branch="false" />
              </lines>
            </method>
            <method name="SetRegistryReader" signature="(EventLogHelper.IRegistryReader)" line-rate="1" branch-rate="1" complexity="1">
              <lines>
                <line number="80" hits="56" branch="false" />
                <line number="82" hits="112" branch="false" />
                <line number="84" hits="112" branch="false" />
              </lines>
            </method>
            <method name="Initialize" signature="()" line-rate="1" branch-rate="1" complexity="8">
              <lines>
                <line number="109" hits="3964" branch="false" />
                <line number="111" hits="11880" branch="true" condition-coverage="100% (4/4)" />
                <line number="112" hits="24" branch="false" />
                <line number="113" hits="36" branch="false" />
                <line number="114" hits="12" branch="false" />
                <line number="115" hits="24" branch="true" condition-coverage="100% (2/2)" />
                <line number="116" hits="24" branch="false" />
                <line number="117" hits="24" branch="false" />
                <line number="118" hits="24" branch="false" />
                <line number="119" hits="24" branch="false" />
                <line number="120" hits="24" branch="false" />
                <line number="121" hits="24" branch="false" />
                <line number="122" hits="24" branch="false" />
                <line number="123" hits="24" branch="false" />
                <line number="124" hits="24" branch="false" />
                <line number="125" hits="24" branch="false" />
                <line number="126" hits="24" branch="false" />
                <line number="127" hits="24" branch="false" />
                <line number="129" hits="24" branch="false" />
                <line number="130" hits="36" branch="false" />
                <line number="131" hits="12" branch="false" />
                <line number="132" hits="24" branch="true" condition-coverage="100% (2/2)" />
                <line number="133" hits="12" branch="true" condition-coverage="100% (2/2)" />
                <line number="134" hits="36" branch="false" />
                <line number="136" hits="7928" branch="false" />
              </lines>
            </method>
            <method name="InitializeConfiguration" signature="()" line-rate="1" branch-rate="1" complexity="1">
              <lines>
                <line number="246" hits="8" branch="false" />
                <line number="248" hits="16" branch="false" />
                <line number="250" hits="16" branch="false" />
              </lines>
            </method>
            <method name="get_MachineName" signature="()" line-rate="1" branch-rate="1" complexity="1">
              <lines>
                <line number="317" hits="388" branch="false" />
                <line number="319" hits="776" branch="false" />
                <line number="320" hits="776" branch="false" />
                <line number="322" hits="776" branch="false" />
              </lines>
            </method>
            <method name="set_MachineName" signature="(System.String)" line-rate="1" branch-rate="1" complexity="1">
              <lines>
                <line number="323" hits="40" branch="false" />
                <line number="325" hits="80" branch="false" />
                <line number="326" hits="80" branch="false" />
                <line number="328" hits="80" branch="false" />
              </lines>
            </method>
            <method name="get_LogName" signature="()" line-rate="1" branch-rate="1" complexity="1">
              <lines>
                <line number="340" hits="200" branch="false" />
                <line number="342" hits="400" branch="false" />
                <line number="343" hits="400" branch="false" />
                <line number="345" hits="400" branch="false" />
              </lines>
            </method>
            <method name="set_LogName" signature="(System.String)" line-rate="1" branch-rate="1" complexity="1">
              <lines>
                <line number="346" hits="16" branch="false" />
                <line number="348" hits="32" branch="false" />
                <line number="349" hits="32" branch="false" />
                <line number="351" hits="32" branch="false" />
              </lines>
            </method>
            <method name="get_SourceName" signature="()" line-rate="1" branch-rate="1" complexity="1">
              <lines>
                <line number="363" hits="172" branch="false" />
                <line number="365" hits="344" branch="false" />
                <line number="366" hits="344" branch="false" />
                <line number="368" hits="344" branch="false" />
              </lines>
            </method>
            <method name="set_SourceName" signature="(System.String)" line-rate="1" branch-rate="1" complexity="1">
              <lines>
                <line number="369" hits="28" branch="false" />
                <line number="371" hits="56" branch="false" />
                <line number="372" hits="56" branch="false" />
                <line number="374" hits="56" branch="false" />
              </lines>
            </method>
            <method name="get_MaxKilobytes" signature="()" line-rate="1" branch-rate="1" complexity="1">
              <lines>
                <line number="389" hits="232" branch="false" />
                <line number="391" hits="464" branch="false" />
                <line number="392" hits="464" branch="false" />
                <line number="394" hits="464" branch="false" />
              </lines>
            </method>
            <method name="set_MaxKilobytes" signature="(System.Int32)" line-rate="1" branch-rate="1" complexity="1">
              <lines>
                <line number="395" hits="16" branch="false" />
                <line number="397" hits="32" branch="false" />
                <line number="398" hits="32" branch="false" />
                <line number="400" hits="32" branch="false" />
              </lines>
            </method>
            <method name="get_RetentionDays" signature="()" line-rate="1" branch-rate="1" complexity="1">
              <lines>
                <line number="415" hits="236" branch="false" />
                <line number="417" hits="472" branch="false" />
                <line number="418" hits="472" branch="false" />
                <line number="420" hits="472" branch="false" />
              </lines>
            </method>
            <method name="set_RetentionDays" signature="(System.Int32)" line-rate="1" branch-rate="1" complexity="1">
              <lines>
                <line number="421" hits="16" branch="false" />
                <line number="423" hits="32" branch="false" />
                <line number="424" hits="32" branch="false" />
                <line number="426" hits="32" branch="false" />
              </lines>
            </method>
            <method name="get_WriteInitEntry" signature="()" line-rate="1" branch-rate="1" complexity="1">
              <lines>
                <line number="438" hits="244" branch="false" />
                <line number="440" hits="488" branch="false" />
                <line number="441" hits="488" branch="false" />
                <line number="443" hits="488" branch="false" />
              </lines>
            </method>
            <method name="set_WriteInitEntry" signature="(System.Boolean)" line-rate="1" branch-rate="1" complexity="1">
              <lines>
                <line number="444" hits="16" branch="false" />
                <line number="446" hits="32" branch="false" />
                <line number="447" hits="32" branch="false" />
                <line number="449" hits="32" branch="false" />
              </lines>
            </method>
            <method name="get_TruncationMarker" signature="()" line-rate="1" branch-rate="1" complexity="1">
              <lines>
                <line number="461" hits="352" branch="false" />
                <line number="463" hits="704" branch="false" />
                <line number="464" hits="704" branch="false" />
                <line number="466" hits="704" branch="false" />
              </lines>
            </method>
            <method name="set_TruncationMarker" signature="(System.String)" line-rate="1" branch-rate="1" complexity="1">
              <lines>
                <line number="467" hits="20" branch="false" />
                <line number="469" hits="40" branch="false" />
                <line number="470" hits="40" branch="false" />
                <line number="472" hits="40" branch="false" />
              </lines>
            </method>
            <method name="get_ContinuationMarker" signature="()" line-rate="1" branch-rate="1" complexity="1">
              <lines>
                <line number="494" hits="20" branch="false" />
                <line number="496" hits="40" branch="false" />
                <line number="497" hits="40" branch="false" />
                <line number="499" hits="40" branch="false" />
              </lines>
            </method>
            <method name="set_ContinuationMarker" signature="(System.String)" line-rate="1" branch-rate="1" complexity="1">
              <lines>
                <line number="500" hits="20" branch="false" />
                <line number="502" hits="40" branch="false" />
                <line number="503" hits="40" branch="false" />
                <line number="505" hits="40" branch="false" />
              </lines>
            </method>
            <method name="get_AllowMultiEntryMessages" signature="()" line-rate="1" branch-rate="1" complexity="1">
              <lines>
                <line number="528" hits="228" branch="false" />
                <line number="530" hits="456" branch="false" />
                <line number="531" hits="456" branch="false" />
                <line number="533" hits="456" branch="false" />
              </lines>
            </method>
            <method name="set_AllowMultiEntryMessages" signature="(System.Boolean)" line-rate="1" branch-rate="1" complexity="1">
              <lines>
                <line number="534" hits="76" branch="false" />
                <line number="536" hits="152" branch="false" />
                <line number="537" hits="152" branch="false" />
                <line number="539" hits="152" branch="false" />
              </lines>
            </method>
            <method name="get_IsInitialized" signature="()" line-rate="1" branch-rate="1" complexity="1">
              <lines>
                <line number="551" hits="4" branch="false" />
                <line number="552" hits="8" branch="false" />
                <line number="554" hits="8" branch="false" />
              </lines>
            </method>
            <method name="get_CurrentLoggingLevel" signature="()" line-rate="1" branch-rate="1" complexity="1">
              <lines>
                <line number="575" hits="284" branch="false" />
                <line number="577" hits="568" branch="false" />
                <line number="578" hits="568" branch="false" />
                <line number="580" hits="568" branch="false" />
              </lines>
            </method>
            <method name="set_CurrentLoggingLevel" signature="(EventLogHelper.LoggingLevel)" line-rate="1" branch-rate="1" complexity="1">
              <lines>
                <line number="581" hits="92" branch="false" />
                <line number="583" hits="184" branch="false" />
                <line number="584" hits="184" branch="false" />
                <line number="586" hits="184" branch="false" />
              </lines>
            </method>
            <method name="get_LoggingSeverity" signature="()" line-rate="1" branch-rate="1" complexity="1">
              <lines>
                <line number="607" hits="116" branch="false" />
                <line number="609" hits="232" branch="false" />
                <line number="610" hits="232" branch="false" />
                <line number="612" hits="232" branch="false" />
              </lines>
            </method>
            <method name="set_LoggingSeverity" signature="(EventLogHelper.LoggingSeverity)" line-rate="1" branch-rate="1" complexity="1">
              <lines>
                <line number="613" hits="12" branch="false" />
                <line number="615" hits="24" branch="false" />
                <line number="616" hits="24" branch="false" />
                <line number="618" hits="24" branch="false" />
              </lines>
            </method>
            <method name="get_SourceResolutionBehavior" signature="()" line-rate="1" branch-rate="1" complexity="1">
              <lines>
                <line number="639" hits="28" branch="false" />
                <line number="641" hits="56" branch="false" />
                <line number="642" hits="56" branch="false" />
                <line number="644" hits="56" branch="false" />
              </lines>
            </method>
            <method name="set_SourceResolutionBehavior" signature="(EventLogHelper.SourceResolutionBehavior)" line-rate="1" branch-rate="1" complexity="1">
              <lines>
                <line number="645" hits="28" branch="false" />
                <line number="647" hits="56" branch="false" />
                <line number="648" hits="56" branch="false" />
                <line number="650" hits="56" branch="false" />
              </lines>
            </method>
            <method name="Log" signature="(System.String)" line-rate="1" branch-rate="1" complexity="1">
              <lines>
                <line number="679" hits="4" branch="false" />
                <line number="680" hits="4" branch="false" />
                <line number="682" hits="8" branch="false" />
                <line number="683" hits="8" branch="false" />
                <line number="684" hits="8" branch="false" />
                <line number="686" hits="8" branch="false" />
              </lines>
            </method>
            <method name="Log" signature="(System.String,EventLogHelper.LoggingSeverity)" line-rate="1" branch-rate="1" complexity="1">
              <lines>
                <line number="714" hits="20" branch="false" />
                <line number="715" hits="20" branch="false" />
                <line number="716" hits="20" branch="false" />
                <line number="718" hits="40" branch="false" />
                <line number="719" hits="40" branch="false" />
                <line number="720" hits="40" branch="false" />
                <line number="721" hits="40" branch="false" />
                <line number="723" hits="40" branch="false" />
              </lines>
            </method>
            <method name="Log" signature="(System.String,System.String)" line-rate="1" branch-rate="1" complexity="1">
              <lines>
                <line number="750" hits="4" branch="false" />
                <line number="751" hits="4" branch="false" />
                <line number="752" hits="4" branch="false" />
                <line number="754" hits="8" branch="false" />
                <line number="755" hits="8" branch="false" />
                <line number="756" hits="8" branch="false" />
                <line number="758" hits="8" branch="false" />
              </lines>
            </method>
            <method name="Log" signature="(System.String,System.String,EventLogHelper.LoggingSeverity)" line-rate="1" branch-rate="1" complexity="1">
              <lines>
                <line number="790" hits="4" branch="false" />
                <line number="791" hits="4" branch="false" />
                <line number="792" hits="4" branch="false" />
                <line number="793" hits="4" branch="false" />
                <line number="795" hits="8" branch="false" />
                <line number="796" hits="8" branch="false" />
                <line number="797" hits="8" branch="false" />
                <line number="798" hits="8" branch="false" />
                <line number="800" hits="8" branch="false" />
              </lines>
            </method>
            <method name="Log" signature="(System.String,System.Diagnostics.EventLogEntryType)" line-rate="1" branch-rate="1" complexity="1">
              <lines>
                <line number="827" hits="4" branch="false" />
                <line number="828" hits="4" branch="false" />
                <line number="829" hits="4" branch="false" />
                <line number="831" hits="8" branch="false" />
                <line number="832" hits="8" branch="false" />
                <line number="833" hits="8" branch="false" />
                <line number="835" hits="8" branch="false" />
              </lines>
            </method>
            <method name="Log" signature="(System.String,System.Diagnostics.EventLogEntryType,EventLogHelper.LoggingSeverity)" line-rate="1" branch-rate="1" complexity="1">
              <lines>
                <line number="867" hits="4" branch="false" />
                <line number="868" hits="4" branch="false" />
                <line number="869" hits="4" branch="false" />
                <line number="870" hits="4" branch="false" />
                <line number="872" hits="8" branch="false" />
                <line number="873" hits="8" branch="false" />
                <line number="874" hits="8" branch="false" />
                <line number="875" hits="8" branch="false" />
                <line number="877" hits="8" branch="false" />
              </lines>
            </method>
            <method name="Log" signature="(System.String,System.String,System.String)" line-rate="1" branch-rate="1" complexity="1">
              <lines>
                <line number="908" hits="12" branch="false" />
                <line number="909" hits="12" branch="false" />
                <line number="910" hits="12" branch="false" />
                <line number="911" hits="12" branch="false" />
                <line number="913" hits="24" branch="false" />
                <line number="914" hits="24" branch="false" />
                <line number="915" hits="24" branch="false" />
                <line number="916" hits="24" branch="false" />
                <line number="918" hits="24" branch="false" />
              </lines>
            </method>
            <method name="Log" signature="(System.String,System.String,System.String,EventLogHelper.LoggingSeverity)" line-rate="1" branch-rate="1" complexity="1">
              <lines>
                <line number="954" hits="24" branch="false" />
                <line number="955" hits="24" branch="false" />
                <line number="956" hits="24" branch="false" />
                <line number="957" hits="24" branch="false" />
                <line number="958" hits="24" branch="false" />
                <line number="960" hits="48" branch="false" />
                <line number="961" hits="48" branch="false" />
                <line number="962" hits="48" branch="false" />
                <line number="963" hits="48" branch="false" />
                <line number="964" hits="48" branch="false" />
                <line number="966" hits="48" branch="false" />
              </lines>
            </method>
            <method name="Log" signature="(System.String,System.String,System.Diagnostics.EventLogEntryType)" line-rate="1" branch-rate="1" complexity="1">
              <lines>
                <line number="997" hits="8" branch="false" />
                <line number="998" hits="8" branch="false" />
                <line number="999" hits="8" branch="false" />
                <line number="1000" hits="8" branch="false" />
                <line number="1002" hits="16" branch="false" />
                <line number="1003" hits="16" branch="false" />
                <line number="1004" hits="16" branch="false" />
                <line number="1005" hits="16" branch="false" />
                <line number="1007" hits="16" branch="false" />
              </lines>
            </method>
            <method name="Log" signature="(System.String,System.String,System.Diagnostics.EventLogEntryType,EventLogHelper.LoggingSeverity)" line-rate="1" branch-rate="1" complexity="1">
              <lines>
                <line number="1043" hits="4" branch="false" />
                <line number="1044" hits="4" branch="false" />
                <line number="1045" hits="4" branch="false" />
                <line number="1046" hits="4" branch="false" />
                <line number="1047" hits="4" branch="false" />
                <line number="1049" hits="8" branch="false" />
                <line number="1050" hits="8" branch="false" />
                <line number="1051" hits="8" branch="false" />
                <line number="1052" hits="8" branch="false" />
                <line number="1053" hits="8" branch="false" />
                <line number="1055" hits="8" branch="false" />
              </lines>
            </method>
            <method name="Log" signature="(System.String,System.String,System.String,System.Diagnostics.EventLogEntryType)" line-rate="1" branch-rate="1" complexity="1">
              <lines>
                <line number="1090" hits="24" branch="false" />
                <line number="1091" hits="24" branch="false" />
                <line number="1092" hits="24" branch="false" />
                <line number="1093" hits="24" branch="false" />
                <line number="1094" hits="24" branch="false" />
                <line number="1096" hits="48" branch="false" />
                <line number="1097" hits="48" branch="false" />
                <line number="1098" hits="48" branch="false" />
                <line number="1099" hits="48" branch="false" />
                <line number="1100" hits="48" branch="false" />
                <line number="1102" hits="48" branch="false" />
              </lines>
            </method>
            <method name="Log" signature="(System.String,System.String,System.String,System.Diagnostics.EventLogEntryType,EventLogHelper.LoggingSeverity)" line-rate="1" branch-rate="1" complexity="1">
              <lines>
                <line number="1142" hits="28" branch="false" />
                <line number="1143" hits="28" branch="false" />
                <line number="1144" hits="28" branch="false" />
                <line number="1145" hits="28" branch="false" />
                <line number="1146" hits="28" branch="false" />
                <line number="1147" hits="28" branch="false" />
                <line number="1149" hits="56" branch="false" />
                <line number="1150" hits="56" branch="false" />
                <line number="1151" hits="56" branch="false" />
                <line number="1152" hits="56" branch="false" />
                <line number="1153" hits="56" branch="false" />
                <line number="1154" hits="56" branch="false" />
                <line number="1156" hits="56" branch="false" />
              </lines>
            </method>
            <method name="Log" signature="(System.String,System.Diagnostics.EventLogEntryType,System.Int32)" line-rate="1" branch-rate="1" complexity="1">
              <lines>
                <line number="1186" hits="4" branch="false" />
                <line number="1187" hits="4" branch="false" />
                <line number="1188" hits="4" branch="false" />
                <line number="1189" hits="4" branch="false" />
                <line number="1191" hits="8" branch="false" />
                <line number="1192" hits="8" branch="false" />
                <line number="1193" hits="8" branch="false" />
                <line number="1194" hits="8" branch="false" />
                <line number="1196" hits="8" branch="false" />
              </lines>
            </method>
            <method name="Log" signature="(System.String,System.Diagnostics.EventLogEntryType,System.Int32,EventLogHelper.LoggingSeverity)" line-rate="1" branch-rate="1" complexity="1">
              <lines>
                <line number="1231" hits="4" branch="false" />
                <line number="1232" hits="4" branch="false" />
                <line number="1233" hits="4" branch="false" />
                <line number="1234" hits="4" branch="false" />
                <line number="1235" hits="4" branch="false" />
                <line number="1237" hits="8" branch="false" />
                <line number="1238" hits="8" branch="false" />
                <line number="1239" hits="8" branch="false" />
                <line number="1240" hits="8" branch="false" />
                <line number="1241" hits="8" branch="false" />
                <line number="1243" hits="8" branch="false" />
              </lines>
            </method>
            <method name="Log" signature="(System.String,System.String,System.Diagnostics.EventLogEntryType,System.Int32)" line-rate="1" branch-rate="1" complexity="1">
              <lines>
                <line number="1277" hits="4" branch="false" />
                <line number="1278" hits="4" branch="false" />
                <line number="1279" hits="4" branch="false" />
                <line number="1280" hits="4" branch="false" />
                <line number="1281" hits="4" branch="false" />
                <line number="1283" hits="8" branch="false" />
                <line number="1284" hits="8" branch="false" />
                <line number="1285" hits="8" branch="false" />
                <line number="1286" hits="8" branch="false" />
                <line number="1287" hits="8" branch="false" />
                <line number="1289" hits="8" branch="false" />
              </lines>
            </method>
            <method name="Log" signature="(System.String,System.String,System.Diagnostics.EventLogEntryType,System.Int32,EventLogHelper.LoggingSeverity)" line-rate="1" branch-rate="1" complexity="1">
              <lines>
                <line number="1328" hits="4" branch="false" />
                <line number="1329" hits="4" branch="false" />
                <line number="1330" hits="4" branch="false" />
                <line number="1331" hits="4" branch="false" />
                <line number="1332" hits="4" branch="false" />
                <line number="1333" hits="4" branch="false" />
                <line number="1335" hits="8" branch="false" />
                <line number="1336" hits="8" branch="false" />
                <line number="1337" hits="8" branch="false" />
                <line number="1338" hits="8" branch="false" />
                <line number="1339" hits="8" branch="false" />
                <line number="1340" hits="8" branch="false" />
                <line number="1342" hits="8" branch="false" />
              </lines>
            </method>
            <method name="Log" signature="(System.String,System.String,System.String,System.Diagnostics.EventLogEntryType,System.Int32)" line-rate="1" branch-rate="1" complexity="1">
              <lines>
                <line number="1380" hits="32" branch="false" />
                <line number="1381" hits="32" branch="false" />
                <line number="1382" hits="32" branch="false" />
                <line number="1383" hits="32" branch="false" />
                <line number="1384" hits="32" branch="false" />
                <line number="1385" hits="32" branch="false" />
                <line number="1387" hits="64" branch="false" />
                <line number="1388" hits="64" branch="false" />
                <line number="1389" hits="64" branch="false" />
                <line number="1390" hits="64" branch="false" />
                <line number="1391" hits="64" branch="false" />
                <line number="1392" hits="64" branch="false" />
                <line number="1394" hits="64" branch="false" />
              </lines>
            </method>
            <method name="Log" signature="(System.String,System.String,System.String,System.Diagnostics.EventLogEntryType,System.Int32,EventLogHelper.LoggingSeverity)" line-rate="1" branch-rate="1" complexity="1">
              <lines>
                <line number="1437" hits="64" branch="false" />
                <line number="1438" hits="64" branch="false" />
                <line number="1439" hits="64" branch="false" />
                <line number="1440" hits="64" branch="false" />
                <line number="1441" hits="64" branch="false" />
                <line number="1442" hits="64" branch="false" />
                <line number="1443" hits="64" branch="false" />
                <line number="1445" hits="128" branch="false" />
                <line number="1446" hits="128" branch="false" />
                <line number="1447" hits="128" branch="false" />
                <line number="1448" hits="128" branch="false" />
                <line number="1449" hits="128" branch="false" />
                <line number="1450" hits="128" branch="false" />
                <line number="1451" hits="128" branch="false" />
                <line number="1453" hits="128" branch="false" />
              </lines>
            </method>
            <method name="Log" signature="(System.String,System.Diagnostics.EventLogEntryType,System.Int32,System.Int16)" line-rate="1" branch-rate="1" complexity="1">
              <lines>
                <line number="1486" hits="4" branch="false" />
                <line number="1487" hits="4" branch="false" />
                <line number="1488" hits="4" branch="false" />
                <line number="1489" hits="4" branch="false" />
                <line number="1490" hits="4" branch="false" />
                <line number="1492" hits="8" branch="false" />
                <line number="1493" hits="8" branch="false" />
                <line number="1494" hits="8" branch="false" />
                <line number="1495" hits="8" branch="false" />
                <line number="1496" hits="8" branch="false" />
                <line number="1498" hits="8" branch="false" />
              </lines>
            </method>
            <method name="Log" signature="(System.String,System.Diagnostics.EventLogEntryType,System.Int32,System.Int16,EventLogHelper.LoggingSeverity)" line-rate="1" branch-rate="1" complexity="1">
              <lines>
                <line number="1536" hits="4" branch="false" />
                <line number="1537" hits="4" branch="false" />
                <line number="1538" hits="4" branch="false" />
                <line number="1539" hits="4" branch="false" />
                <line number="1540" hits="4" branch="false" />
                <line number="1541" hits="4" branch="false" />
                <line number="1543" hits="8" branch="false" />
                <line number="1544" hits="8" branch="false" />
                <line number="1545" hits="8" branch="false" />
                <line number="1546" hits="8" branch="false" />
                <line number="1547" hits="8" branch="false" />
                <line number="1548" hits="8" branch="false" />
                <line number="1550" hits="8" branch="false" />
              </lines>
            </method>
            <method name="Log" signature="(System.String,System.String,System.Diagnostics.EventLogEntryType,System.Int32,System.Int16)" line-rate="1" branch-rate="1" complexity="1">
              <lines>
                <line number="1587" hits="8" branch="false" />
                <line number="1588" hits="8" branch="false" />
                <line number="1589" hits="8" branch="false" />
                <line number="1590" hits="8" branch="false" />
                <line number="1591" hits="8" branch="false" />
                <line number="1592" hits="8" branch="false" />
                <line number="1594" hits="16" branch="false" />
                <line number="1595" hits="16" branch="false" />
                <line number="1596" hits="16" branch="false" />
                <line number="1597" hits="16" branch="false" />
                <line number="1598" hits="16" branch="false" />
                <line number="1599" hits="16" branch="false" />
                <line number="1601" hits="16" branch="false" />
              </lines>
            </method>
            <method name="Log" signature="(System.String,System.String,System.Diagnostics.EventLogEntryType,System.Int32,System.Int16,EventLogHelper.LoggingSeverity)" line-rate="1" branch-rate="1" complexity="1">
              <lines>
                <line number="1643" hits="4" branch="false" />
                <line number="1644" hits="4" branch="false" />
                <line number="1645" hits="4" branch="false" />
                <line number="1646" hits="4" branch="false" />
                <line number="1647" hits="4" branch="false" />
                <line number="1648" hits="4" branch="false" />
                <line number="1649" hits="4" branch="false" />
                <line number="1651" hits="8" branch="false" />
                <line number="1652" hits="8" branch="false" />
                <line number="1653" hits="8" branch="false" />
                <line number="1654" hits="8" branch="false" />
                <line number="1655" hits="8" branch="false" />
                <line number="1656" hits="8" branch="false" />
                <line number="1657" hits="8" branch="false" />
                <line number="1659" hits="8" branch="false" />
              </lines>
            </method>
            <method name="Log" signature="(System.String,System.String,System.String,System.Diagnostics.EventLogEntryType,System.Int32,System.Int16)" line-rate="1" branch-rate="1" complexity="1">
              <lines>
                <line number="1700" hits="12" branch="false" />
                <line number="1701" hits="12" branch="false" />
                <line number="1702" hits="12" branch="false" />
                <line number="1703" hits="12" branch="false" />
                <line number="1704" hits="12" branch="false" />
                <line number="1705" hits="12" branch="false" />
                <line number="1706" hits="12" branch="false" />
                <line number="1708" hits="24" branch="false" />
                <line number="1709" hits="24" branch="false" />
                <line number="1710" hits="24" branch="false" />
                <line number="1711" hits="24" branch="false" />
                <line number="1712" hits="24" branch="false" />
                <line number="1713" hits="24" branch="false" />
                <line number="1714" hits="24" branch="false" />
                <line number="1715" hits="24" branch="false" />
                <line number="1717" hits="24" branch="false" />
              </lines>
            </method>
            <method name="Log" signature="(System.String,System.String,System.String,System.Diagnostics.EventLogEntryType,System.Int32,System.Int16,EventLogHelper.LoggingSeverity)" line-rate="1" branch-rate="1" complexity="1">
              <lines>
                <line number="1763" hits="68" branch="false" />
                <line number="1764" hits="68" branch="false" />
                <line number="1765" hits="68" branch="false" />
                <line number="1766" hits="68" branch="false" />
                <line number="1767" hits="68" branch="false" />
                <line number="1768" hits="68" branch="false" />
                <line number="1769" hits="68" branch="false" />
                <line number="1770" hits="68" branch="false" />
                <line number="1772" hits="136" branch="false" />
                <line number="1773" hits="136" branch="false" />
                <line number="1774" hits="136" branch="false" />
                <line number="1775" hits="136" branch="false" />
                <line number="1776" hits="136" branch="false" />
                <line number="1777" hits="136" branch="false" />
                <line number="1778" hits="136" branch="false" />
                <line number="1779" hits="136" branch="false" />
                <line number="1780" hits="136" branch="false" />
                <line number="1782" hits="136" branch="false" />
              </lines>
            </method>
            <method name="Log" signature="(System.String,System.Byte[])" line-rate="1" branch-rate="1" complexity="1">
              <lines>
                <line number="1808" hits="4" branch="false" />
                <line number="1809" hits="4" branch="false" />
                <line number="1810" hits="4" branch="false" />
                <line number="1812" hits="8" branch="false" />
                <line number="1813" hits="8" branch="false" />
                <line number="1814" hits="8" branch="false" />
                <line number="1816" hits="8" branch="false" />
              </lines>
            </method>
            <method name="Log" signature="(System.String,System.Byte[],EventLogHelper.LoggingSeverity)" line-rate="1" branch-rate="1" complexity="1">
              <lines>
                <line number="1847" hits="4" branch="false" />
                <line number="1848" hits="4" branch="false" />
                <line number="1849" hits="4" branch="false" />
                <line number="1850" hits="4" branch="false" />
                <line number="1852" hits="8" branch="false" />
                <line number="1853" hits="8" branch="false" />
                <line number="1854" hits="8" branch="false" />
                <line number="1855" hits="8" branch="false" />
                <line number="1857" hits="8" branch="false" />
              </lines>
            </method>
            <method name="Log" signature="(System.String,System.Diagnostics.EventLogEntryType,System.Byte[])" line-rate="1" branch-rate="1" complexity="1">
              <lines>
                <line number="1887" hits="8" branch="false" />
                <line number="1888" hits="8" branch="false" />
                <line number="1889" hits="8" branch="false" />
                <line number="1890" hits="8" branch="false" />
                <line number="1892" hits="16" branch="false" />
                <line number="1893" hits="16" branch="false" />
                <line number="1894" hits="16" branch="false" />
                <line number="1895" hits="16" branch="false" />
                <line number="1897" hits="16" branch="false" />
              </lines>
            </method>
            <method name="Log" signature="(System.String,System.Diagnostics.EventLogEntryType,System.Byte[],EventLogHelper.LoggingSeverity)" line-rate="1" branch-rate="1" complexity="1">
              <lines>
                <line number="1932" hits="4" branch="false" />
                <line number="1933" hits="4" branch="false" />
                <line number="1934" hits="4" branch="false" />
                <line number="1935" hits="4" branch="false" />
                <line number="1936" hits="4" branch="false" />
                <line number="1938" hits="8" branch="false" />
                <line number="1939" hits="8" branch="false" />
                <line number="1940" hits="8" branch="false" />
                <line number="1941" hits="8" branch="false" />
                <line number="1942" hits="8" branch="false" />
                <line number="1944" hits="8" branch="false" />
              </lines>
            </method>
            <method name="Log" signature="(System.String,System.Diagnostics.EventLogEntryType,System.Int32,System.Byte[])" line-rate="1" branch-rate="1" complexity="1">
              <lines>
                <line number="1977" hits="12" branch="false" />
                <line number="1978" hits="12" branch="false" />
                <line number="1979" hits="12" branch="false" />
                <line number="1980" hits="12" branch="false" />
                <line number="1981" hits="12" branch="false" />
                <line number="1983" hits="24" branch="false" />
                <line number="1984" hits="24" branch="false" />
                <line number="1985" hits="24" branch="false" />
                <line number="1986" hits="24" branch="false" />
                <line number="1987" hits="24" branch="false" />
                <line number="1989" hits="24" branch="false" />
              </lines>
            </method>
            <method name="Log" signature="(System.String,System.Diagnostics.EventLogEntryType,System.Int32,System.Byte[],EventLogHelper.LoggingSeverity)" line-rate="1" branch-rate="1" complexity="1">
              <lines>
                <line number="2027" hits="4" branch="false" />
                <line number="2028" hits="4" branch="false" />
                <line number="2029" hits="4" branch="false" />
                <line number="2030" hits="4" branch="false" />
                <line number="2031" hits="4" branch="false" />
                <line number="2032" hits="4" branch="false" />
                <line number="2034" hits="8" branch="false" />
                <line number="2035" hits="8" branch="false" />
                <line number="2036" hits="8" branch="false" />
                <line number="2037" hits="8" branch="false" />
                <line number="2038" hits="8" branch="false" />
                <line number="2039" hits="8" branch="false" />
                <line number="2041" hits="8" branch="false" />
              </lines>
            </method>
            <method name="Log" signature="(System.String,System.Diagnostics.EventLogEntryType,System.Int32,System.Int16,System.Byte[])" line-rate="1" branch-rate="1" complexity="1">
              <lines>
                <line number="2077" hits="16" branch="false" />
                <line number="2078" hits="16" branch="false" />
                <line number="2079" hits="16" branch="false" />
                <line number="2080" hits="16" branch="false" />
                <line number="2081" hits="16" branch="false" />
                <line number="2082" hits="16" branch="false" />
                <line number="2084" hits="32" branch="false" />
                <line number="2085" hits="32" branch="false" />
                <line number="2086" hits="32" branch="false" />
                <line number="2087" hits="32" branch="false" />
                <line number="2088" hits="32" branch="false" />
                <line number="2089" hits="32" branch="false" />
                <line number="2090" hits="32" branch="false" />
                <line number="2091" hits="32" branch="false" />
                <line number="2093" hits="32" branch="false" />
              </lines>
            </method>
            <method name="Log" signature="(System.String,System.Diagnostics.EventLogEntryType,System.Int32,System.Int16,System.Byte[],EventLogHelper.LoggingSeverity)" line-rate="1" branch-rate="1" complexity="1">
              <lines>
                <line number="2134" hits="4" branch="false" />
                <line number="2135" hits="4" branch="false" />
                <line number="2136" hits="4" branch="false" />
                <line number="2137" hits="4" branch="false" />
                <line number="2138" hits="4" branch="false" />
                <line number="2139" hits="4" branch="false" />
                <line number="2140" hits="4" branch="false" />
                <line number="2142" hits="8" branch="false" />
                <line number="2143" hits="8" branch="false" />
                <line number="2144" hits="8" branch="false" />
                <line number="2145" hits="8" branch="false" />
                <line number="2146" hits="8" branch="false" />
                <line number="2147" hits="8" branch="false" />
                <line number="2148" hits="8" branch="false" />
                <line number="2149" hits="8" branch="false" />
                <line number="2150" hits="8" branch="false" />
                <line number="2152" hits="8" branch="false" />
              </lines>
            </method>
            <method name="Log" signature="(System.String,System.String,System.Diagnostics.EventLogEntryType,System.Int32,System.Int16,System.Byte[])" line-rate="1" branch-rate="1" complexity="1">
              <lines>
                <line number="2192" hits="4" branch="false" />
                <line number="2193" hits="4" branch="false" />
                <line number="2194" hits="4" branch="false" />
                <line number="2195" hits="4" branch="false" />
                <line number="2196" hits="4" branch="false" />
                <line number="2197" hits="4" branch="false" />
                <line number="2198" hits="4" branch="false" />
                <line number="2200" hits="8" branch="false" />
                <line number="2201" hits="8" branch="false" />
                <line number="2202" hits="8" branch="false" />
                <line number="2203" hits="8" branch="false" />
                <line number="2204" hits="8" branch="false" />
                <line number="2205" hits="8" branch="false" />
                <line number="2206" hits="8" branch="false" />
                <line number="2207" hits="8" branch="false" />
                <line number="2209" hits="8" branch="false" />
              </lines>
            </method>
            <method name="Log" signature="(System.String,System.String,System.Diagnostics.EventLogEntryType,System.Int32,System.Int16,System.Byte[],EventLogHelper.LoggingSeverity)" line-rate="1" branch-rate="1" complexity="1">
              <lines>
                <line number="2254" hits="4" branch="false" />
                <line number="2255" hits="4" branch="false" />
                <line number="2256" hits="4" branch="false" />
                <line number="2257" hits="4" branch="false" />
                <line number="2258" hits="4" branch="false" />
                <line number="2259" hits="4" branch="false" />
                <line number="2260" hits="4" branch="false" />
                <line number="2261" hits="4" branch="false" />
                <line number="2263" hits="8" branch="false" />
                <line number="2264" hits="8" branch="false" />
                <line number="2265" hits="8" branch="false" />
                <line number="2266" hits="8" branch="false" />
                <line number="2267" hits="8" branch="false" />
                <line number="2268" hits="8" branch="false" />
                <line number="2269" hits="8" branch="false" />
                <line number="2270" hits="8" branch="false" />
                <line number="2271" hits="8" branch="false" />
                <line number="2273" hits="8" branch="false" />
              </lines>
            </method>
            <method name="Log" signature="(System.String,System.String,System.String,System.Diagnostics.EventLogEntryType,System.Int32,System.Int16,System.Byte[])" line-rate="1" branch-rate="1" complexity="1">
              <lines>
                <line number="2317" hits="48" branch="false" />
                <line number="2318" hits="48" branch="false" />
                <line number="2319" hits="48" branch="false" />
                <line number="2320" hits="48" branch="false" />
                <line number="2321" hits="48" branch="false" />
                <line number="2322" hits="48" branch="false" />
                <line number="2323" hits="48" branch="false" />
                <line number="2324" hits="48" branch="false" />
                <line number="2326" hits="96" branch="false" />
                <line number="2327" hits="96" branch="false" />
                <line number="2328" hits="96" branch="false" />
                <line number="2329" hits="96" branch="false" />
                <line number="2330" hits="96" branch="false" />
                <line number="2331" hits="96" branch="false" />
                <line number="2332" hits="96" branch="false" />
                <line number="2333" hits="96" branch="false" />
                <line number="2334" hits="96" branch="false" />
                <line number="2336" hits="80" branch="false" />
              </lines>
            </method>
            <method name="Log" signature="(System.String,System.String,System.String,System.Diagnostics.EventLogEntryType,System.Int32,System.Int16,System.Byte[],EventLogHelper.LoggingSeverity)" line-rate="1" branch-rate="1" complexity="1">
              <lines>
                <line number="2385" hits="4" branch="false" />
                <line number="2386" hits="4" branch="false" />
                <line number="2387" hits="4" branch="false" />
                <line number="2388" hits="4" branch="false" />
                <line number="2389" hits="4" branch="false" />
                <line number="2390" hits="4" branch="false" />
                <line number="2391" hits="4" branch="false" />
                <line number="2392" hits="4" branch="false" />
                <line number="2393" hits="4" branch="false" />
                <line number="2395" hits="8" branch="false" />
                <line number="2396" hits="8" branch="false" />
                <line number="2397" hits="8" branch="false" />
                <line number="2398" hits="8" branch="false" />
                <line number="2399" hits="8" branch="false" />
                <line number="2400" hits="8" branch="false" />
                <line number="2401" hits="8" branch="false" />
                <line number="2402" hits="8" branch="false" />
                <line number="2403" hits="8" branch="false" />
                <line number="2404" hits="8" branch="false" />
                <line number="2406" hits="8" branch="false" />
              </lines>
            </method>
            <method name="Log" signature="(System.String,System.String,System.String,System.String,System.Diagnostics.EventLogEntryType,System.Int32,System.Int16,System.Byte[])" line-rate="1" branch-rate="1" complexity="1">
              <lines>
                <line number="2450" hits="80" branch="false" />
                <line number="2451" hits="80" branch="false" />
                <line number="2452" hits="80" branch="false" />
                <line number="2453" hits="80" branch="false" />
                <line number="2454" hits="80" branch="false" />
                <line number="2455" hits="80" branch="false" />
                <line number="2456" hits="80" branch="false" />
                <line number="2457" hits="80" branch="false" />
                <line number="2458" hits="80" branch="false" />
                <line number="2460" hits="160" branch="false" />
                <line number="2461" hits="160" branch="false" />
                <line number="2462" hits="160" branch="false" />
                <line number="2463" hits="160" branch="false" />
                <line number="2464" hits="160" branch="false" />
                <line number="2465" hits="160" branch="false" />
                <line number="2466" hits="160" branch="false" />
                <line number="2467" hits="160" branch="false" />
                <line number="2468" hits="160" branch="false" />
                <line number="2469" hits="160" branch="false" />
                <line number="2470" hits="160" branch="false" />
                <line number="2472" hits="144" branch="false" />
              </lines>
            </method>
            <method name="Log" signature="(System.String,System.String,System.String,System.String,System.Diagnostics.EventLogEntryType,System.Int32,System.Int16,System.Byte[],EventLogHelper.LoggingSeverity)" line-rate="1" branch-rate="1" complexity="1">
              <lines>
                <line number="2521" hits="80" branch="false" />
                <line number="2522" hits="80" branch="false" />
                <line number="2523" hits="80" branch="false" />
                <line number="2524" hits="80" branch="false" />
                <line number="2525" hits="80" branch="false" />
                <line number="2526" hits="80" branch="false" />
                <line number="2527" hits="80" branch="false" />
                <line number="2528" hits="80" branch="false" />
                <line number="2529" hits="80" branch="false" />
                <line number="2530" hits="80" branch="false" />
                <line number="2532" hits="160" branch="false" />
                <line number="2533" hits="160" branch="false" />
                <line number="2534" hits="160" branch="false" />
                <line number="2535" hits="160" branch="false" />
                <line number="2536" hits="160" branch="false" />
                <line number="2537" hits="160" branch="false" />
                <line number="2538" hits="160" branch="false" />
                <line number="2539" hits="160" branch="false" />
                <line number="2540" hits="160" branch="false" />
                <line number="2541" hits="160" branch="false" />
                <line number="2542" hits="160" branch="false" />
                <line number="2543" hits="160" branch="false" />
                <line number="2545" hits="160" branch="false" />
              </lines>
            </method>
            <method name="Log" signature="(System.String,System.String,System.String,System.String,System.Diagnostics.EventLogEntryType,System.Int32,System.Int16,System.Byte[],System.Int32)" line-rate="1" branch-rate="1" complexity="1">
              <lines>
                <line number="2593" hits="80" branch="false" />
                <line number="2594" hits="80" branch="false" />
                <line number="2595" hits="80" branch="false" />
                <line number="2596" hits="80" branch="false" />
                <line number="2597" hits="80" branch="false" />
                <line number="2598" hits="80" branch="false" />
                <line number="2599" hits="80" branch="false" />
                <line number="2600" hits="80" branch="false" />
                <line number="2601" hits="80" branch="false" />
                <line number="2602" hits="80" branch="false" />
                <line number="2604" hits="160" branch="false" />
                <line number="2605" hits="160" branch="false" />
                <line number="2606" hits="160" branch="false" />
                <line number="2607" hits="160" branch="false" />
                <line number="2608" hits="160" branch="false" />
                <line number="2609" hits="160" branch="false" />
                <line number="2610" hits="160" branch="false" />
                <line number="2611" hits="160" branch="false" />
                <line number="2612" hits="160" branch="false" />
                <line number="2613" hits="160" branch="false" />
                <line number="2614" hits="160" branch="false" />
                <line number="2615" hits="160" branch="false" />
                <line number="2617" hits="144" branch="false" />
              </lines>
            </method>
            <method name="Log" signature="(System.String,System.String,System.String,System.String,System.Diagnostics.EventLogEntryType,System.Int32,System.Int16,System.Byte[],System.Int32,EventLogHelper.LoggingSeverity)" line-rate="1" branch-rate="1" complexity="1">
              <lines>
                <line number="2670" hits="80" branch="false" />
                <line number="2671" hits="80" branch="false" />
                <line number="2672" hits="80" branch="false" />
                <line number="2673" hits="80" branch="false" />
                <line number="2674" hits="80" branch="false" />
                <line number="2675" hits="80" branch="false" />
                <line number="2676" hits="80" branch="false" />
                <line number="2677" hits="80" branch="false" />
                <line number="2678" hits="80" branch="false" />
                <line number="2679" hits="80" branch="false" />
                <line number="2680" hits="80" branch="false" />
                <line number="2682" hits="160" branch="false" />
                <line number="2683" hits="160" branch="false" />
                <line number="2684" hits="160" branch="false" />
                <line number="2685" hits="160" branch="false" />
                <line number="2686" hits="160" branch="false" />
                <line number="2687" hits="160" branch="false" />
                <line number="2688" hits="160" branch="false" />
                <line number="2689" hits="160" branch="false" />
                <line number="2690" hits="160" branch="false" />
                <line number="2691" hits="160" branch="false" />
                <line number="2692" hits="160" branch="false" />
                <line number="2693" hits="160" branch="false" />
                <line number="2694" hits="160" branch="false" />
                <line number="2696" hits="160" branch="false" />
              </lines>
            </method>
            <method name="Log" signature="(System.String,System.Int32,System.Int32)" line-rate="1" branch-rate="1" complexity="1">
              <lines>
                <line number="2727" hits="4" branch="false" />
                <line number="2728" hits="4" branch="false" />
                <line number="2729" hits="4" branch="false" />
                <line number="2730" hits="4" branch="false" />
                <line number="2732" hits="8" branch="false" />
                <line number="2733" hits="8" branch="false" />
                <line number="2734" hits="8" branch="false" />
                <line number="2735" hits="8" branch="false" />
                <line number="2736" hits="8" branch="false" />
                <line number="2738" hits="8" branch="false" />
              </lines>
            </method>
            <method name="Log" signature="(System.String,System.Int32,System.Int32,EventLogHelper.LoggingSeverity)" line-rate="1" branch-rate="1" complexity="1">
              <lines>
                <line number="2774" hits="4" branch="false" />
                <line number="2775" hits="4" branch="false" />
                <line number="2776" hits="4" branch="false" />
                <line number="2777" hits="4" branch="false" />
                <line number="2778" hits="4" branch="false" />
                <line number="2780" hits="8" branch="false" />
                <line number="2781" hits="8" branch="false" />
                <line number="2782" hits="8" branch="false" />
                <line number="2783" hits="8" branch="false" />
                <line number="2784" hits="8" branch="false" />
                <line number="2785" hits="8" branch="false" />
                <line number="2787" hits="8" branch="false" />
              </lines>
            </method>
            <method name="Log" signature="(System.String,System.Diagnostics.EventLogEntryType,System.Int32,System.Int32)" line-rate="1" branch-rate="1" complexity="1">
              <lines>
                <line number="2822" hits="4" branch="false" />
                <line number="2823" hits="4" branch="false" />
                <line number="2824" hits="4" branch="false" />
                <line number="2825" hits="4" branch="false" />
                <line number="2826" hits="4" branch="false" />
                <line number="2828" hits="8" branch="false" />
                <line number="2829" hits="8" branch="false" />
                <line number="2830" hits="8" branch="false" />
                <line number="2831" hits="8" branch="false" />
                <line number="2832" hits="8" branch="false" />
                <line number="2833" hits="8" branch="false" />
                <line number="2835" hits="8" branch="false" />
              </lines>
            </method>
            <method name="Log" signature="(System.String,System.Diagnostics.EventLogEntryType,System.Int32,System.Int32,EventLogHelper.LoggingSeverity)" line-rate="1" branch-rate="1" complexity="1">
              <lines>
                <line number="2875" hits="4" branch="false" />
                <line number="2876" hits="4" branch="false" />
                <line number="2877" hits="4" branch="false" />
                <line number="2878" hits="4" branch="false" />
                <line number="2879" hits="4" branch="false" />
                <line number="2880" hits="4" branch="false" />
                <line number="2882" hits="8" branch="false" />
                <line number="2883" hits="8" branch="false" />
                <line number="2884" hits="8" branch="false" />
                <line number="2885" hits="8" branch="false" />
                <line number="2886" hits="8" branch="false" />
                <line number="2887" hits="8" branch="false" />
                <line number="2888" hits="8" branch="false" />
                <line number="2890" hits="8" branch="false" />
              </lines>
            </method>
            <method name="Log" signature="(System.String,System.Diagnostics.EventLogEntryType,System.Int32,System.Int32,System.Int32)" line-rate="1" branch-rate="1" complexity="1">
              <lines>
                <line number="2928" hits="4" branch="false" />
                <line number="2929" hits="4" branch="false" />
                <line number="2930" hits="4" branch="false" />
                <line number="2931" hits="4" branch="false" />
                <line number="2932" hits="4" branch="false" />
                <line number="2933" hits="4" branch="false" />
                <line number="2935" hits="8" branch="false" />
                <line number="2936" hits="8" branch="false" />
                <line number="2937" hits="8" branch="false" />
                <line number="2938" hits="8" branch="false" />
                <line number="2939" hits="8" branch="false" />
                <line number="2940" hits="8" branch="false" />
                <line number="2941" hits="8" branch="false" />
                <line number="2943" hits="8" branch="false" />
              </lines>
            </method>
            <method name="Log" signature="(System.String,System.Diagnostics.EventLogEntryType,System.Int32,System.Int32,System.Int32,EventLogHelper.LoggingSeverity)" line-rate="1" branch-rate="1" complexity="1">
              <lines>
                <line number="2986" hits="4" branch="false" />
                <line number="2987" hits="4" branch="false" />
                <line number="2988" hits="4" branch="false" />
                <line number="2989" hits="4" branch="false" />
                <line number="2990" hits="4" branch="false" />
                <line number="2991" hits="4" branch="false" />
                <line number="2992" hits="4" branch="false" />
                <line number="2994" hits="8" branch="false" />
                <line number="2995" hits="8" branch="false" />
                <line number="2996" hits="8" branch="false" />
                <line number="2997" hits="8" branch="false" />
                <line number="2998" hits="8" branch="false" />
                <line number="2999" hits="8" branch="false" />
                <line number="3000" hits="8" branch="false" />
                <line number="3001" hits="8" branch="false" />
                <line number="3003" hits="8" branch="false" />
              </lines>
            </method>
            <method name="Log" signature="(System.String,System.Diagnostics.EventLogEntryType,System.Int32,System.Int16,System.Int32,System.Int32)" line-rate="1" branch-rate="1" complexity="1">
              <lines>
                <line number="3044" hits="4" branch="false" />
                <line number="3045" hits="4" branch="false" />
                <line number="3046" hits="4" branch="false" />
                <line number="3047" hits="4" branch="false" />
                <line number="3048" hits="4" branch="false" />
                <line number="3049" hits="4" branch="false" />
                <line number="3050" hits="4" branch="false" />
                <line number="3052" hits="8" branch="false" />
                <line number="3053" hits="8" branch="false" />
                <line number="3054" hits="8" branch="false" />
                <line number="3055" hits="8" branch="false" />
                <line number="3056" hits="8" branch="false" />
                <line number="3057" hits="8" branch="false" />
                <line number="3058" hits="8" branch="false" />
                <line number="3059" hits="8" branch="false" />
                <line number="3061" hits="8" branch="false" />
              </lines>
            </method>
            <method name="Log" signature="(System.String,System.Diagnostics.EventLogEntryType,System.Int32,System.Int16,System.Int32,System.Int32,EventLogHelper.LoggingSeverity)" line-rate="1" branch-rate="1" complexity="1">
              <lines>
                <line number="3107" hits="4" branch="false" />
                <line number="3108" hits="4" branch="false" />
                <line number="3109" hits="4" branch="false" />
                <line number="3110" hits="4" branch="false" />
                <line number="3111" hits="4" branch="false" />
                <line number="3112" hits="4" branch="false" />
                <line number="3113" hits="4" branch="false" />
                <line number="3114" hits="4" branch="false" />
                <line number="3116" hits="8" branch="false" />
                <line number="3117" hits="8" branch="false" />
                <line number="3118" hits="8" branch="false" />
                <line number="3119" hits="8" branch="false" />
                <line number="3120" hits="8" branch="false" />
                <line number="3121" hits="8" branch="false" />
                <line number="3122" hits="8" branch="false" />
                <line number="3123" hits="8" branch="false" />
                <line number="3124" hits="8" branch="false" />
                <line number="3126" hits="8" branch="false" />
              </lines>
            </method>
            <method name="Log" signature="(System.String,System.Diagnostics.EventLogEntryType,System.Int32,System.Int16,System.Byte[],System.Int32,System.Int32)" line-rate="1" branch-rate="1" complexity="1">
              <lines>
                <line number="3170" hits="4" branch="false" />
                <line number="3171" hits="4" branch="false" />
                <line number="3172" hits="4" branch="false" />
                <line number="3173" hits="4" branch="false" />
                <line number="3174" hits="4" branch="false" />
                <line number="3175" hits="4" branch="false" />
                <line number="3176" hits="4" branch="false" />
                <line number="3177" hits="4" branch="false" />
                <line number="3179" hits="8" branch="false" />
                <line number="3180" hits="8" branch="false" />
                <line number="3181" hits="8" branch="false" />
                <line number="3182" hits="8" branch="false" />
                <line number="3183" hits="8" branch="false" />
                <line number="3184" hits="8" branch="false" />
                <line number="3185" hits="8" branch="false" />
                <line number="3186" hits="8" branch="false" />
                <line number="3187" hits="8" branch="false" />
                <line number="3189" hits="8" branch="false" />
              </lines>
            </method>
            <method name="Log" signature="(System.String,System.Diagnostics.EventLogEntryType,System.Int32,System.Int16,System.Byte[],System.Int32,System.Int32,EventLogHelper.LoggingSeverity)" line-rate="1" branch-rate="1" complexity="1">
              <lines>
                <line number="3238" hits="4" branch="false" />
                <line number="3239" hits="4" branch="false" />
                <line number="3240" hits="4" branch="false" />
                <line number="3241" hits="4" branch="false" />
                <line number="3242" hits="4" branch="false" />
                <line number="3243" hits="4" branch="false" />
                <line number="3244" hits="4" branch="false" />
                <line number="3245" hits="4" branch="false" />
                <line number="3246" hits="4" branch="false" />
                <line number="3248" hits="8" branch="false" />
                <line number="3249" hits="8" branch="false" />
                <line number="3250" hits="8" branch="false" />
                <line number="3251" hits="8" branch="false" />
                <line number="3252" hits="8" branch="false" />
                <line number="3253" hits="8" branch="false" />
                <line number="3254" hits="8" branch="false" />
                <line number="3255" hits="8" branch="false" />
                <line number="3256" hits="8" branch="false" />
                <line number="3257" hits="8" branch="false" />
                <line number="3259" hits="8" branch="false" />
              </lines>
            </method>
            <method name="Log" signature="(System.String,System.String,System.Diagnostics.EventLogEntryType,System.Int32,System.Int16,System.Byte[],System.Int32,System.Int32)" line-rate="1" branch-rate="1" complexity="1">
              <lines>
                <line number="3307" hits="4" branch="false" />
                <line number="3308" hits="4" branch="false" />
                <line number="3309" hits="4" branch="false" />
                <line number="3310" hits="4" branch="false" />
                <line number="3311" hits="4" branch="false" />
                <line number="3312" hits="4" branch="false" />
                <line number="3313" hits="4" branch="false" />
                <line number="3314" hits="4" branch="false" />
                <line number="3315" hits="4" branch="false" />
                <line number="3317" hits="8" branch="false" />
                <line number="3318" hits="8" branch="false" />
                <line number="3319" hits="8" branch="false" />
                <line number="3320" hits="8" branch="false" />
                <line number="3321" hits="8" branch="false" />
                <line number="3322" hits="8" branch="false" />
                <line number="3323" hits="8" branch="false" />
                <line number="3324" hits="8" branch="false" />
                <line number="3325" hits="8" branch="false" />
                <line number="3326" hits="8" branch="false" />
                <line number="3328" hits="8" branch="false" />
              </lines>
            </method>
            <method name="Log" signature="(System.String,System.String,System.Diagnostics.EventLogEntryType,System.Int32,System.Int16,System.Byte[],System.Int32,System.Int32,EventLogHelper.LoggingSeverity)" line-rate="1" branch-rate="1" complexity="1">
              <lines>
                <line number="3381" hits="4" branch="false" />
                <line number="3382" hits="4" branch="false" />
                <line number="3383" hits="4" branch="false" />
                <line number="3384" hits="4" branch="false" />
                <line number="3385" hits="4" branch="false" />
                <line number="3386" hits="4" branch="false" />
                <line number="3387" hits="4" branch="false" />
                <line number="3388" hits="4" branch="false" />
                <line number="3389" hits="4" branch="false" />
                <line number="3390" hits="4" branch="false" />
                <line number="3392" hits="8" branch="false" />
                <line number="3393" hits="8" branch="false" />
                <line number="3394" hits="8" branch="false" />
                <line number="3395" hits="8" branch="false" />
                <line number="3396" hits="8" branch="false" />
                <line number="3397" hits="8" branch="false" />
                <line number="3398" hits="8" branch="false" />
                <line number="3399" hits="8" branch="false" />
                <line number="3400" hits="8" branch="false" />
                <line number="3401" hits="8" branch="false" />
                <line number="3402" hits="8" branch="false" />
                <line number="3404" hits="8" branch="false" />
              </lines>
            </method>
            <method name="Log" signature="(System.String,System.String,System.String,System.Diagnostics.EventLogEntryType,System.Int32,System.Int16,System.Byte[],System.Int32,System.Int32)" line-rate="1" branch-rate="1" complexity="1">
              <lines>
                <line number="3456" hits="4" branch="false" />
                <line number="3457" hits="4" branch="false" />
                <line number="3458" hits="4" branch="false" />
                <line number="3459" hits="4" branch="false" />
                <line number="3460" hits="4" branch="false" />
                <line number="3461" hits="4" branch="false" />
                <line number="3462" hits="4" branch="false" />
                <line number="3463" hits="4" branch="false" />
                <line number="3464" hits="4" branch="false" />
                <line number="3465" hits="4" branch="false" />
                <line number="3467" hits="8" branch="false" />
                <line number="3468" hits="8" branch="false" />
                <line number="3469" hits="8" branch="false" />
                <line number="3470" hits="8" branch="false" />
                <line number="3471" hits="8" branch="false" />
                <line number="3472" hits="8" branch="false" />
                <line number="3473" hits="8" branch="false" />
                <line number="3474" hits="8" branch="false" />
                <line number="3475" hits="8" branch="false" />
                <line number="3476" hits="8" branch="false" />
                <line number="3477" hits="8" branch="false" />
                <line number="3479" hits="8" branch="false" />
              </lines>
            </method>
            <method name="Log" signature="(System.String,System.String,System.String,System.Diagnostics.EventLogEntryType,System.Int32,System.Int16,System.Byte[],System.Int32,System.Int32,EventLogHelper.LoggingSeverity)" line-rate="1" branch-rate="1" complexity="1">
              <lines>
                <line number="3536" hits="4" branch="false" />
                <line number="3537" hits="4" branch="false" />
                <line number="3538" hits="4" branch="false" />
                <line number="3539" hits="4" branch="false" />
                <line number="3540" hits="4" branch="false" />
                <line number="3541" hits="4" branch="false" />
                <line number="3542" hits="4" branch="false" />
                <line number="3543" hits="4" branch="false" />
                <line number="3544" hits="4" branch="false" />
                <line number="3545" hits="4" branch="false" />
                <line number="3546" hits="4" branch="false" />
                <line number="3548" hits="8" branch="false" />
                <line number="3549" hits="8" branch="false" />
                <line number="3550" hits="8" branch="false" />
                <line number="3551" hits="8" branch="false" />
                <line number="3552" hits="8" branch="false" />
                <line number="3553" hits="8" branch="false" />
                <line number="3554" hits="8" branch="false" />
                <line number="3555" hits="8" branch="false" />
                <line number="3556" hits="8" branch="false" />
                <line number="3557" hits="8" branch="false" />
                <line number="3558" hits="8" branch="false" />
                <line number="3559" hits="8" branch="false" />
                <line number="3561" hits="8" branch="false" />
              </lines>
            </method>
            <method name="Log" signature="(System.String,System.String,System.String,System.String,System.Diagnostics.EventLogEntryType,System.Int32,System.Int16,System.Byte[],System.Int32,System.Int32)" line-rate="1" branch-rate="1" complexity="1">
              <lines>
                <line number="3613" hits="84" branch="false" />
                <line number="3614" hits="84" branch="false" />
                <line number="3615" hits="84" branch="false" />
                <line number="3616" hits="84" branch="false" />
                <line number="3617" hits="84" branch="false" />
                <line number="3618" hits="84" branch="false" />
                <line number="3619" hits="84" branch="false" />
                <line number="3620" hits="84" branch="false" />
                <line number="3621" hits="84" branch="false" />
                <line number="3622" hits="84" branch="false" />
                <line number="3623" hits="84" branch="false" />
                <line number="3625" hits="168" branch="false" />
                <line number="3627" hits="168" branch="false" />
                <line number="3628" hits="168" branch="false" />
                <line number="3629" hits="168" branch="false" />
                <line number="3630" hits="168" branch="false" />
                <line number="3631" hits="168" branch="false" />
                <line number="3632" hits="168" branch="false" />
                <line number="3633" hits="168" branch="false" />
                <line number="3634" hits="168" branch="false" />
                <line number="3635" hits="168" branch="false" />
                <line number="3636" hits="168" branch="false" />
                <line number="3637" hits="168" branch="false" />
                <line number="3638" hits="168" branch="false" />
                <line number="3640" hits="152" branch="false" />
              </lines>
            </method>
[...]
            <line number="5685" hits="4" branch="false" />
            <line number="5686" hits="4" branch="false" />
            <line number="5687" hits="4" branch="false" />
            <line number="5688" hits="4" branch="false" />
            <line number="5689" hits="4" branch="false" />
            <line number="5690" hits="4" branch="false" />
            <line number="5692" hits="8" branch="false" />
            <line number="5693" hits="8" branch="false" />
            <line number="5694" hits="8" branch="false" />
            <line number="5695" hits="8" branch="false" />
            <line number="5696" hits="8" branch="false" />
            <line number="5697" hits="8" branch="false" />
            <line number="5699" hits="8" branch="false" />
            <line number="5735" hits="8" branch="false" />
            <line number="5736" hits="8" branch="false" />
            <line number="5737" hits="8" branch="false" />
            <line number="5738" hits="8" branch="false" />
            <line number="5739" hits="8" branch="false" />
            <line number="5740" hits="8" branch="false" />
            <line number="5742" hits="16" branch="false" />
            <line number="5743" hits="16" branch="false" />
            <line number="5744" hits="16" branch="false" />
            <line number="5745" hits="16" branch="false" />
            <line number="5746" hits="16" branch="false" />
            <line number="5747" hits="16" branch="false" />
            <line number="5749" hits="16" branch="false" />
            <line number="5790" hits="4" branch="false" />
            <line number="5791" hits="4" branch="false" />
            <line number="5792" hits="4" branch="false" />
            <line number="5793" hits="4" branch="false" />
            <line number="5794" hits="4" branch="false" />
            <line number="5795" hits="4" branch="false" />
            <line number="5796" hits="4" branch="false" />
            <line number="5798" hits="8" branch="false" />
            <line number="5799" hits="8" branch="false" />
            <line number="5800" hits="8" branch="false" />
            <line number="5801" hits="8" branch="false" />
            <line number="5802" hits="8" branch="false" />
            <line number="5803" hits="8" branch="false" />
            <line number="5804" hits="8" branch="false" />
            <line number="5806" hits="8" branch="false" />
            <line number="5846" hits="16" branch="false" />
            <line number="5847" hits="16" branch="false" />
            <line number="5848" hits="16" branch="false" />
            <line number="5849" hits="16" branch="false" />
            <line number="5850" hits="16" branch="false" />
            <line number="5851" hits="16" branch="false" />
            <line number="5852" hits="16" branch="false" />
            <line number="5854" hits="32" branch="false" />
            <line number="5855" hits="32" branch="false" />
            <line number="5856" hits="32" branch="false" />
            <line number="5857" hits="32" branch="false" />
            <line number="5858" hits="32" branch="false" />
            <line number="5859" hits="32" branch="false" />
            <line number="5860" hits="32" branch="false" />
            <line number="5861" hits="32" branch="false" />
            <line number="5863" hits="32" branch="false" />
            <line number="5908" hits="56" branch="false" />
            <line number="5909" hits="56" branch="false" />
            <line number="5910" hits="56" branch="false" />
            <line number="5911" hits="56" branch="false" />
            <line number="5912" hits="56" branch="false" />
            <line number="5913" hits="56" branch="false" />
            <line number="5914" hits="56" branch="false" />
            <line number="5915" hits="56" branch="false" />
            <line number="5917" hits="112" branch="false" />
            <line number="5919" hits="116" branch="true" condition-coverage="100% (2/2)" />
            <line number="5921" hits="104" branch="false" />
            <line number="5922" hits="104" branch="false" />
            <line number="5924" hits="104" branch="true" condition-coverage="100% (4/4)" />
            <line number="5925" hits="8" branch="false" />
            <line number="5926" hits="16" branch="true" condition-coverage="100% (2/2)" />
            <line number="5927" hits="16" branch="false" />
            <line number="5928" hits="16" branch="false" />
            <line number="5929" hits="16" branch="false" />
            <line number="5930" hits="16" branch="false" />
            <line number="5931" hits="16" branch="false" />
            <line number="5932" hits="8" branch="true" condition-coverage="100% (2/2)" />
            <line number="5933" hits="48" branch="false" />
            <line number="5934" hits="96" branch="false" />
            <line number="5935" hits="96" branch="false" />
            <line number="5936" hits="96" branch="false" />
            <line number="5937" hits="96" branch="false" />
            <line number="5938" hits="96" branch="false" />
            <line number="5939" hits="96" branch="false" />
            <line number="5940" hits="52" branch="false" />
            <line number="5942" hits="112" branch="false" />
            <line number="5954" hits="472" branch="false" />
            <line number="5955" hits="472" branch="false" />
            <line number="5958" hits="944" branch="false" />
            <line number="5960" hits="944" branch="true" condition-coverage="100% (2/2)" />
            <line number="5961" hits="280" branch="true" condition-coverage="100% (2/2)" />
            <line number="5962" hits="24" branch="false" />
            <line number="5963" hits="128" branch="false" />
            <line number="5965" hits="256" branch="false" />
            <line number="5967" hits="256" branch="false" />
            <line number="5968" hits="256" branch="false" />
            <line number="5969" hits="1916" branch="false" />
            <line number="5970" hits="1916" branch="false" />
            <line number="5971" hits="1916" branch="false" />
            <line number="5972" hits="1916" branch="true" condition-coverage="100% (2/2)" />
            <line number="5973" hits="256" branch="false" />
            <line number="5974" hits="256" branch="false" />
            <line number="5975" hits="830" branch="false" />
            <line number="5976" hits="1660" branch="true" condition-coverage="100% (2/2)" />
            <line number="5977" hits="152" branch="false" />
            <line number="5978" hits="332" branch="false" />
            <line number="5979" hits="664" branch="false" />
            <line number="5980" hits="472" branch="false" />
            <line number="5983" hits="944" branch="false" />
            <line number="5985" hits="944" branch="false" />
            <line number="5992" hits="4" branch="false" />
            <line number="5993" hits="4" branch="false" />
            <line number="5995" hits="8" branch="false" />
            <line number="5997" hits="8" branch="false" />
            <line number="5999" hits="8" branch="false" />
            <line number="6007" hits="12" branch="false" />
            <line number="6008" hits="12" branch="false" />
            <line number="6009" hits="12" branch="false" />
            <line number="6011" hits="24" branch="false" />
            <line number="6013" hits="24" branch="false" />
            <line number="6023" hits="540" branch="false" />
            <line number="6024" hits="540" branch="false" />
            <line number="6026" hits="1080" branch="true" condition-coverage="100% (2/2)" />
            <line number="6027" hits="16" branch="false" />
            <line number="6028" hits="548" branch="false" />
            <line number="6030" hits="1080" branch="true" condition-coverage="100% (2/2)" />
            <line number="6032" hits="1080" branch="false" />
            <line number="6041" hits="32" branch="false" />
            <line number="6042" hits="32" branch="false" />
            <line number="6043" hits="32" branch="false" />
            <line number="6044" hits="32" branch="false" />
            <line number="6046" hits="64" branch="false" />
            <line number="6048" hits="64" branch="false" />
            <line number="6050" hits="64" branch="false" />
            <line number="6059" hits="4" branch="false" />
            <line number="6060" hits="4" branch="false" />
            <line number="6061" hits="4" branch="false" />
            <line number="6062" hits="4" branch="false" />
            <line number="6064" hits="8" branch="false" />
            <line number="6066" hits="8" branch="false" />
            <line number="6068" hits="8" branch="false" />
            <line number="6077" hits="4" branch="false" />
            <line number="6078" hits="4" branch="false" />
            <line number="6079" hits="4" branch="false" />
            <line number="6080" hits="4" branch="false" />
            <line number="6082" hits="8" branch="false" />
            <line number="6084" hits="8" branch="false" />
            <line number="6086" hits="8" branch="false" />
            <line number="6094" hits="208" branch="false" />
            <line number="6095" hits="208" branch="false" />
            <line number="6096" hits="208" branch="false" />
            <line number="6098" hits="416" branch="false" />
            <line number="6099" hits="416" branch="true" condition-coverage="100% (2/2)" />
            <line number="6100" hits="776" branch="true" condition-coverage="100% (2/2)" />
            <line number="6101" hits="832" branch="true" condition-coverage="100% (2/2)" />
            <line number="6105" hits="416" branch="true" condition-coverage="100% (2/2)" />
            <line number="6107" hits="416" branch="true" condition-coverage="100% (2/2)" />
            <line number="6109" hits="104" branch="false" />
            <line number="6110" hits="104" branch="false" />
            <line number="6111" hits="260" branch="false" />
            <line number="6113" hits="416" branch="false" />
            <line number="6115" hits="416" branch="false" />
            <line number="6123" hits="8" branch="false" />
            <line number="6124" hits="8" branch="false" />
            <line number="6125" hits="8" branch="false" />
            <line number="6128" hits="16" branch="false" />
            <line number="6129" hits="16" branch="false" />
            <line number="6130" hits="32" branch="true" condition-coverage="100% (2/2)" />
            <line number="6132" hits="16" branch="false" />
            <line number="6134" hits="24" branch="true" condition-coverage="100% (2/2)" />
            <line number="6138" hits="16" branch="false" />
            <line number="6139" hits="16" branch="false" />
            <line number="6142" hits="16" branch="false" />
            <line number="6143" hits="16" branch="false" />
            <line number="6145" hits="16" branch="false" />
            <line number="6148" hits="16" branch="false" />
            <line number="6149" hits="16" branch="false" />
            <line number="6150" hits="48" branch="true" condition-coverage="100% (2/2)" />
            <line number="6151" hits="32" branch="false" />
            <line number="6152" hits="32" branch="false" />
            <line number="6153" hits="32" branch="false" />
            <line number="6154" hits="16" branch="false" />
            <line number="6157" hits="16" branch="false" />
            <line number="6158" hits="16" branch="false" />
            <line number="6159" hits="16" branch="false" />
            <line number="6160" hits="16" branch="false" />
            <line number="6161" hits="16" branch="true" condition-coverage="100% (2/2)" />
            <line number="6162" hits="16" branch="false" />
            <line number="6164" hits="16" branch="false" />
            <line number="6166" hits="16" branch="false" />
            <line number="6173" hits="264" branch="false" />
            <line number="6174" hits="264" branch="false" />
            <line number="6176" hits="528" branch="true" condition-coverage="100% (4/4)" />
            <line number="6177" hits="220" branch="false" />
            <line number="6178" hits="440" branch="false" />
            <line number="6179" hits="44" branch="false" />
            <line number="6180" hits="88" branch="false" />
            <line number="6183" hits="528" branch="false" />
            <line number="6190" hits="232" branch="false" />
            <line number="6191" hits="232" branch="false" />
            <line number="6193" hits="464" branch="true" condition-coverage="100% (4/4)" />
            <line number="6195" hits="292" branch="false" />
            <line number="6211" hits="156" branch="false" />
            <line number="6212" hits="156" branch="false" />
            <line number="6213" hits="156" branch="false" />
            <line number="6229" hits="312" branch="false" />
            <line number="6230" hits="312" branch="false" />
            <line number="6231" hits="312" branch="false" />
            <line number="6232" hits="312" branch="false" />
            <line number="6234" hits="312" branch="false" />
            <line number="6235" hits="312" branch="true" condition-coverage="100% (2/2)" />
            <line number="6236" hits="168" branch="false" />
            <line number="6237" hits="72" branch="false" />
            <line number="6239" hits="144" branch="false" />
            <line number="6242" hits="312" branch="false" />
            <line number="6250" hits="24" branch="false" />
            <line number="6251" hits="24" branch="false" />
            <line number="6252" hits="24" branch="false" />
            <line number="6254" hits="48" branch="false" />
            <line number="6257" hits="48" branch="true" condition-coverage="100% (2/2)" />
            <line number="6259" hits="36" branch="false" />
            <line number="6267" hits="24" branch="false" />
            <line number="6268" hits="24" branch="false" />
            <line number="6269" hits="24" branch="false" />
            <line number="6271" hits="48" branch="false" />
            <line number="6274" hits="48" branch="true" condition-coverage="100% (2/2)" />
            <line number="6276" hits="36" branch="false" />
            <line number="6286" hits="52" branch="false" />
            <line number="6287" hits="52" branch="false" />
            <line number="6288" hits="52" branch="false" />
            <line number="6291" hits="104" branch="true" condition-coverage="100% (2/2)" />
            <line number="6292" hits="8" branch="false" />
            <line number="6293" hits="48" branch="false" />
            <line number="6295" hits="96" branch="false" />
            <line number="6296" hits="96" branch="true" condition-coverage="100% (2/2)" />
            <line number="6297" hits="72" branch="false" />
            <line number="6298" hits="12" branch="false" />
            <line number="6300" hits="12" branch="false" />
            <line number="6305" hits="24" branch="false" />
            <line number="6307" hits="8" branch="false" />
            <line number="6308" hits="4" branch="false" />
            <line number="6310" hits="8" branch="false" />
            <line number="6311" hits="4" branch="false" />
            <line number="6313" hits="8" branch="false" />
            <line number="6316" hits="96" branch="false" />
            <line number="6326" hits="4" branch="false" />
            <line number="6328" hits="8" branch="false" />
            <line number="6330" hits="8" branch="false" />
            <line number="6331" hits="8" branch="false" />
            <line number="6333" hits="8" branch="false" />
            <line number="6344" hits="4" branch="false" />
            <line number="6345" hits="4" branch="false" />
            <line number="6347" hits="8" branch="false" />
            <line number="6349" hits="8" branch="false" />
            <line number="6350" hits="8" branch="false" />
            <line number="6351" hits="8" branch="false" />
            <line number="6353" hits="8" branch="false" />
            <line number="6368" hits="60" branch="false" />
            <line number="6369" hits="60" branch="false" />
            <line number="6370" hits="60" branch="false" />
            <line number="6372" hits="120" branch="false" />
            <line number="6374" hits="120" branch="false" />
            <line number="6375" hits="120" branch="false" />
            <line number="6376" hits="120" branch="false" />
            <line number="6377" hits="120" branch="false" />
            <line number="6378" hits="120" branch="false" />
            <line number="6380" hits="120" branch="false" />
            <line number="6403" hits="60" branch="false" />
            <line number="6404" hits="60" branch="false" />
            <line number="6405" hits="60" branch="false" />
            <line number="6406" hits="60" branch="false" />
            <line number="6407" hits="60" branch="false" />
            <line number="6409" hits="120" branch="false" />
            <line number="6411" hits="120" branch="false" />
            <line number="6412" hits="120" branch="false" />
            <line number="6413" hits="120" branch="false" />
            <line number="6414" hits="120" branch="false" />
            <line number="6415" hits="120" branch="false" />
            <line number="6416" hits="120" branch="false" />
            <line number="6418" hits="120" branch="false" />
            <line number="6444" hits="60" branch="false" />
            <line number="6445" hits="60" branch="false" />
            <line number="6446" hits="60" branch="false" />
            <line number="6447" hits="60" branch="false" />
            <line number="6448" hits="60" branch="false" />
            <line number="6449" hits="60" branch="false" />
            <line number="6451" hits="120" branch="false" />
            <line number="6453" hits="120" branch="false" />
            <line number="6454" hits="120" branch="false" />
            <line number="6455" hits="120" branch="false" />
            <line number="6456" hits="120" branch="false" />
            <line number="6457" hits="120" branch="false" />
            <line number="6458" hits="120" branch="false" />
            <line number="6459" hits="120" branch="false" />
            <line number="6461" hits="120" branch="false" />
            <line number="6491" hits="60" branch="false" />
            <line number="6492" hits="60" branch="false" />
            <line number="6493" hits="60" branch="false" />
            <line number="6494" hits="60" branch="false" />
            <line number="6495" hits="60" branch="false" />
            <line number="6496" hits="60" branch="false" />
            <line number="6497" hits="60" branch="false" />
            <line number="6499" hits="120" branch="false" />
            <line number="6501" hits="120" branch="false" />
            <line number="6502" hits="120" branch="false" />
            <line number="6503" hits="120" branch="false" />
            <line number="6504" hits="120" branch="false" />
            <line number="6505" hits="120" branch="false" />
            <line number="6506" hits="120" branch="false" />
            <line number="6507" hits="120" branch="false" />
            <line number="6509" hits="120" branch="false" />
          </lines>
        </class>
      </classes>
    </package>
  </packages>
</coverage>